<?xml version="1.0" encoding="UTF-8"?>
<coverage generated="1776328767395" clover="3.2.0">
  <project timestamp="1776328767396" name="All files">
    <metrics statements="352" coveredstatements="285" conditionals="283" coveredconditionals="174" methods="33" coveredmethods="22" elements="668" coveredelements="481" complexity="0" loc="352" ncloc="352" packages="1" files="2" classes="2"/>
    <file name="database.js" path="C:\Users\Shiny\Documents\Coding\classwork\MAMSRobotics\190-Scouting-Website\backend\database.js">
      <metrics statements="305" coveredstatements="244" conditionals="265" coveredconditionals="159" methods="19" coveredmethods="14"/>
      <line num="1" count="1" type="stmt"/>
      <line num="2" count="1" type="stmt"/>
      <line num="4" count="1" type="stmt"/>
      <line num="5" count="1" type="stmt"/>
      <line num="7" count="1" type="stmt"/>
      <line num="20" count="2" type="stmt"/>
      <line num="21" count="2" type="stmt"/>
      <line num="23" count="1" type="stmt"/>
      <line num="26" count="2" type="stmt"/>
      <line num="29" count="1" type="stmt"/>
      <line num="30" count="1" type="stmt"/>
      <line num="31" count="1" type="stmt"/>
      <line num="33" count="0" type="stmt"/>
      <line num="37" count="1" type="stmt"/>
      <line num="39" count="1" type="stmt"/>
      <line num="42" count="2" type="cond" truecount="1" falsecount="1"/>
      <line num="43" count="0" type="stmt"/>
      <line num="50" count="2" type="stmt"/>
      <line num="51" count="2" type="stmt"/>
      <line num="55" count="2" type="cond" truecount="1" falsecount="1"/>
      <line num="56" count="0" type="stmt"/>
      <line num="57" count="0" type="stmt"/>
      <line num="63" count="0" type="stmt"/>
      <line num="67" count="2" type="stmt"/>
      <line num="74" count="1" type="stmt"/>
      <line num="76" count="1" type="stmt"/>
      <line num="77" count="1" type="stmt"/>
      <line num="83" count="2" type="stmt"/>
      <line num="84" count="2" type="stmt"/>
      <line num="85" count="1" type="stmt"/>
      <line num="88" count="1" type="stmt"/>
      <line num="91" count="1" type="stmt"/>
      <line num="92" count="4" type="stmt"/>
      <line num="93" count="4" type="stmt"/>
      <line num="94" count="1" type="stmt"/>
      <line num="95" count="1" type="stmt"/>
      <line num="97" count="1" type="stmt"/>
      <line num="98" count="1" type="stmt"/>
      <line num="106" count="2" type="stmt"/>
      <line num="107" count="2" type="stmt"/>
      <line num="108" count="1" type="stmt"/>
      <line num="109" count="1" type="cond" truecount="1" falsecount="1"/>
      <line num="110" count="0" type="stmt"/>
      <line num="112" count="1" type="stmt"/>
      <line num="113" count="1" type="stmt"/>
      <line num="115" count="1" type="stmt"/>
      <line num="123" count="1" type="stmt"/>
      <line num="124" count="6" type="stmt"/>
      <line num="126" count="1" type="stmt"/>
      <line num="142" count="1" type="stmt"/>
      <line num="153" count="0" type="cond" truecount="0" falsecount="2"/>
      <line num="154" count="0" type="cond" truecount="0" falsecount="2"/>
      <line num="155" count="0" type="cond" truecount="0" falsecount="2"/>
      <line num="156" count="0" type="cond" truecount="0" falsecount="2"/>
      <line num="157" count="0" type="cond" truecount="0" falsecount="2"/>
      <line num="158" count="0" type="cond" truecount="0" falsecount="2"/>
      <line num="159" count="0" type="stmt"/>
      <line num="163" count="1" type="stmt"/>
      <line num="164" count="1" type="stmt"/>
      <line num="165" count="4" type="cond" truecount="1" falsecount="1"/>
      <line num="166" count="4" type="cond" truecount="1" falsecount="1"/>
      <line num="167" count="4" type="cond" truecount="1" falsecount="1"/>
      <line num="168" count="4" type="cond" truecount="3" falsecount="1"/>
      <line num="169" count="4" type="stmt"/>
      <line num="170" count="4" type="cond" truecount="2" falsecount="0"/>
      <line num="171" count="1" type="cond" truecount="1" falsecount="1"/>
      <line num="172" count="1" type="cond" truecount="1" falsecount="3"/>
      <line num="173" count="1" type="stmt"/>
      <line num="178" count="1" type="stmt"/>
      <line num="179" count="1" type="stmt"/>
      <line num="182" count="1" type="stmt"/>
      <line num="183" count="1" type="stmt"/>
      <line num="184" count="1" type="stmt"/>
      <line num="185" count="1" type="stmt"/>
      <line num="186" count="1" type="stmt"/>
      <line num="187" count="1" type="stmt"/>
      <line num="188" count="1" type="stmt"/>
      <line num="191" count="1" type="stmt"/>
      <line num="192" count="1" type="stmt"/>
      <line num="193" count="1" type="stmt"/>
      <line num="194" count="1" type="stmt"/>
      <line num="195" count="1" type="stmt"/>
      <line num="196" count="1" type="stmt"/>
      <line num="197" count="1" type="stmt"/>
      <line num="199" count="1" type="stmt"/>
      <line num="200" count="4" type="cond" truecount="1" falsecount="1"/>
      <line num="201" count="4" type="cond" truecount="1" falsecount="1"/>
      <line num="202" count="4" type="cond" truecount="1" falsecount="1"/>
      <line num="203" count="4" type="cond" truecount="3" falsecount="1"/>
      <line num="205" count="4" type="stmt"/>
      <line num="206" count="4" type="cond" truecount="1" falsecount="3"/>
      <line num="209" count="4" type="cond" truecount="2" falsecount="2"/>
      <line num="210" count="0" type="stmt"/>
      <line num="214" count="4" type="cond" truecount="1" falsecount="1"/>
      <line num="220" count="0" type="cond" truecount="0" falsecount="2"/>
      <line num="221" count="0" type="stmt"/>
      <line num="223" count="0" type="cond" truecount="0" falsecount="2"/>
      <line num="224" count="0" type="stmt"/>
      <line num="228" count="0" type="stmt"/>
      <line num="229" count="0" type="stmt"/>
      <line num="230" count="0" type="stmt"/>
      <line num="237" count="4" type="cond" truecount="2" falsecount="0"/>
      <line num="238" count="1" type="stmt"/>
      <line num="240" count="1" type="cond" truecount="1" falsecount="1"/>
      <line num="241" count="1" type="stmt"/>
      <line num="242" count="1" type="stmt"/>
      <line num="251" count="4" type="cond" truecount="2" falsecount="0"/>
      <line num="252" count="1" type="cond" truecount="1" falsecount="1"/>
      <line num="253" count="1" type="cond" truecount="1" falsecount="1"/>
      <line num="256" count="4" type="cond" truecount="2" falsecount="0"/>
      <line num="257" count="4" type="cond" truecount="2" falsecount="0"/>
      <line num="259" count="4" type="stmt"/>
      <line num="260" count="4" type="stmt"/>
      <line num="261" count="4" type="cond" truecount="1" falsecount="1"/>
      <line num="266" count="4" type="stmt"/>
      <line num="269" count="4" type="cond" truecount="2" falsecount="0"/>
      <line num="270" count="1" type="cond" truecount="1" falsecount="1"/>
      <line num="271" count="1" type="stmt"/>
      <line num="272" count="1" type="cond" truecount="3" falsecount="1"/>
      <line num="273" count="1" type="stmt"/>
      <line num="274" count="1" type="cond" truecount="3" falsecount="1"/>
      <line num="275" count="1" type="stmt"/>
      <line num="279" count="4" type="cond" truecount="2" falsecount="0"/>
      <line num="280" count="1" type="cond" truecount="1" falsecount="1"/>
      <line num="281" count="1" type="stmt"/>
      <line num="282" count="1" type="stmt"/>
      <line num="283" count="6" type="stmt"/>
      <line num="285" count="1" type="stmt"/>
      <line num="286" count="6" type="stmt"/>
      <line num="287" count="6" type="cond" truecount="5" falsecount="0"/>
      <line num="288" count="1" type="stmt"/>
      <line num="292" count="4" type="stmt"/>
      <line num="293" count="34" type="cond" truecount="2" falsecount="0"/>
      <line num="294" count="33" type="cond" truecount="2" falsecount="0"/>
      <line num="295" count="9" type="cond" truecount="2" falsecount="0"/>
      <line num="296" count="5" type="stmt"/>
      <line num="297" count="5" type="cond" truecount="4" falsecount="0"/>
      <line num="298" count="4" type="stmt"/>
      <line num="305" count="4" type="cond" truecount="2" falsecount="0"/>
      <line num="309" count="3" type="cond" truecount="3" falsecount="0"/>
      <line num="312" count="3" type="cond" truecount="2" falsecount="0"/>
      <line num="314" count="2" type="cond" truecount="1" falsecount="1"/>
      <line num="315" count="0" type="stmt"/>
      <line num="317" count="0" type="cond" truecount="0" falsecount="2"/>
      <line num="318" count="0" type="stmt"/>
      <line num="319" count="0" type="stmt"/>
      <line num="328" count="2" type="cond" truecount="2" falsecount="0"/>
      <line num="329" count="1" type="cond" truecount="1" falsecount="1"/>
      <line num="330" count="1" type="cond" truecount="1" falsecount="1"/>
      <line num="333" count="2" type="cond" truecount="2" falsecount="0"/>
      <line num="334" count="2" type="cond" truecount="2" falsecount="0"/>
      <line num="336" count="2" type="stmt"/>
      <line num="337" count="2" type="stmt"/>
      <line num="338" count="2" type="cond" truecount="1" falsecount="1"/>
      <line num="343" count="2" type="stmt"/>
      <line num="346" count="2" type="cond" truecount="2" falsecount="0"/>
      <line num="347" count="1" type="cond" truecount="1" falsecount="1"/>
      <line num="348" count="1" type="stmt"/>
      <line num="349" count="1" type="cond" truecount="3" falsecount="1"/>
      <line num="350" count="1" type="stmt"/>
      <line num="351" count="1" type="cond" truecount="3" falsecount="1"/>
      <line num="352" count="1" type="stmt"/>
      <line num="355" count="1" type="cond" truecount="1" falsecount="1"/>
      <line num="356" count="1" type="stmt"/>
      <line num="357" count="1" type="stmt"/>
      <line num="358" count="6" type="stmt"/>
      <line num="360" count="1" type="stmt"/>
      <line num="361" count="6" type="stmt"/>
      <line num="362" count="6" type="cond" truecount="3" falsecount="2"/>
      <line num="363" count="0" type="stmt"/>
      <line num="367" count="2" type="stmt"/>
      <line num="368" count="18" type="cond" truecount="1" falsecount="1"/>
      <line num="369" count="18" type="cond" truecount="2" falsecount="0"/>
      <line num="370" count="6" type="cond" truecount="2" falsecount="0"/>
      <line num="371" count="2" type="stmt"/>
      <line num="372" count="2" type="cond" truecount="3" falsecount="1"/>
      <line num="373" count="2" type="stmt"/>
      <line num="392" count="2" type="stmt"/>
      <line num="393" count="2" type="stmt"/>
      <line num="394" count="2" type="stmt"/>
      <line num="396" count="2" type="cond" truecount="1" falsecount="1"/>
      <line num="397" count="2" type="stmt"/>
      <line num="398" count="2" type="cond" truecount="1" falsecount="1"/>
      <line num="399" count="2" type="stmt"/>
      <line num="401" count="2" type="stmt"/>
      <line num="403" count="2" type="cond" truecount="1" falsecount="1"/>
      <line num="404" count="2" type="stmt"/>
      <line num="405" count="2" type="stmt"/>
      <line num="408" count="2" type="stmt"/>
      <line num="409" count="2" type="stmt"/>
      <line num="412" count="2" type="cond" truecount="1" falsecount="1"/>
      <line num="413" count="2" type="cond" truecount="1" falsecount="1"/>
      <line num="414" count="2" type="stmt"/>
      <line num="415" count="2" type="cond" truecount="1" falsecount="1"/>
      <line num="416" count="2" type="stmt"/>
      <line num="420" count="2" type="cond" truecount="1" falsecount="1"/>
      <line num="421" count="2" type="stmt"/>
      <line num="422" count="12" type="stmt"/>
      <line num="423" count="12" type="cond" truecount="4" falsecount="0"/>
      <line num="424" count="1" type="stmt"/>
      <line num="426" count="11" type="stmt"/>
      <line num="431" count="2" type="cond" truecount="2" falsecount="0"/>
      <line num="433" count="2" type="cond" truecount="4" falsecount="0"/>
      <line num="434" count="1" type="cond" truecount="1" falsecount="1"/>
      <line num="437" count="1" type="stmt"/>
      <line num="438" count="1" type="stmt"/>
      <line num="439" count="1" type="cond" truecount="3" falsecount="1"/>
      <line num="440" count="1" type="stmt"/>
      <line num="441" count="1" type="stmt"/>
      <line num="443" count="1" type="stmt"/>
      <line num="446" count="1" type="stmt"/>
      <line num="450" count="2" type="cond" truecount="1" falsecount="1"/>
      <line num="451" count="0" type="stmt"/>
      <line num="452" count="0" type="stmt"/>
      <line num="453" count="0" type="stmt"/>
      <line num="454" count="0" type="stmt"/>
      <line num="455" count="0" type="stmt"/>
      <line num="457" count="0" type="stmt"/>
      <line num="459" count="0" type="cond" truecount="0" falsecount="2"/>
      <line num="460" count="0" type="stmt"/>
      <line num="461" count="0" type="stmt"/>
      <line num="464" count="0" type="stmt"/>
      <line num="466" count="2" type="stmt"/>
      <line num="469" count="2" type="stmt"/>
      <line num="473" count="1" type="stmt"/>
      <line num="474" count="1" type="stmt"/>
      <line num="475" count="1" type="stmt"/>
      <line num="490" count="1" type="stmt"/>
      <line num="491" count="1" type="stmt"/>
      <line num="492" count="1" type="stmt"/>
      <line num="507" count="1" type="stmt"/>
      <line num="511" count="1" type="stmt"/>
      <line num="513" count="1" type="stmt"/>
      <line num="514" count="1" type="stmt"/>
      <line num="515" count="1" type="cond" truecount="1" falsecount="1"/>
      <line num="517" count="1" type="cond" truecount="1" falsecount="1"/>
      <line num="519" count="1" type="stmt"/>
      <line num="521" count="1" type="stmt"/>
      <line num="522" count="16" type="cond" truecount="2" falsecount="0"/>
      <line num="526" count="1" type="cond" truecount="1" falsecount="1"/>
      <line num="527" count="1" type="stmt"/>
      <line num="530" count="1" type="stmt"/>
      <line num="534" count="1" type="stmt"/>
      <line num="535" count="18" type="cond" truecount="2" falsecount="0"/>
      <line num="536" count="11" type="cond" truecount="1" falsecount="1"/>
      <line num="537" count="11" type="cond" truecount="1" falsecount="1"/>
      <line num="538" count="0" type="stmt"/>
      <line num="540" count="11" type="cond" truecount="1" falsecount="1"/>
      <line num="541" count="11" type="cond" truecount="1" falsecount="1"/>
      <line num="542" count="11" type="stmt"/>
      <line num="545" count="1" type="stmt"/>
      <line num="548" count="1" type="stmt"/>
      <line num="550" count="1" type="stmt"/>
      <line num="551" count="1" type="stmt"/>
      <line num="562" count="0" type="stmt"/>
      <line num="563" count="0" type="stmt"/>
      <line num="566" count="0" type="stmt"/>
      <line num="567" count="0" type="cond" truecount="0" falsecount="2"/>
      <line num="568" count="0" type="cond" truecount="0" falsecount="2"/>
      <line num="571" count="0" type="stmt"/>
      <line num="584" count="0" type="stmt"/>
      <line num="587" count="0" type="stmt"/>
      <line num="596" count="0" type="stmt"/>
      <line num="598" count="0" type="stmt"/>
      <line num="599" count="0" type="stmt"/>
      <line num="604" count="4" type="stmt"/>
      <line num="605" count="4" type="stmt"/>
      <line num="606" count="4" type="cond" truecount="2" falsecount="0"/>
      <line num="607" count="2" type="stmt"/>
      <line num="608" count="2" type="stmt"/>
      <line num="610" count="2" type="stmt"/>
      <line num="611" count="2" type="cond" truecount="3" falsecount="1"/>
      <line num="612" count="0" type="stmt"/>
      <line num="616" count="2" type="stmt"/>
      <line num="617" count="2" type="stmt"/>
      <line num="618" count="1" type="stmt"/>
      <line num="621" count="1" type="stmt"/>
      <line num="624" count="1" type="stmt"/>
      <line num="625" count="1" type="stmt"/>
      <line num="626" count="9" type="stmt"/>
      <line num="627" count="9" type="stmt"/>
      <line num="628" count="9" type="cond" truecount="4" falsecount="1"/>
      <line num="629" count="0" type="stmt"/>
      <line num="630" count="0" type="stmt"/>
      <line num="631" count="0" type="stmt"/>
      <line num="632" count="0" type="stmt"/>
      <line num="640" count="1" type="stmt"/>
      <line num="641" count="1" type="stmt"/>
      <line num="642" count="0" type="stmt"/>
      <line num="644" count="1" type="stmt"/>
      <line num="645" count="1" type="stmt"/>
      <line num="646" count="1" type="stmt"/>
      <line num="650" count="0" type="stmt"/>
      <line num="651" count="0" type="stmt"/>
      <line num="656" count="1" type="stmt"/>
      <line num="658" count="1" type="cond" truecount="1" falsecount="1"/>
      <line num="659" count="1" type="stmt"/>
      <line num="662" count="1" type="stmt"/>
      <line num="663" count="1" type="stmt"/>
      <line num="664" count="0" type="cond" truecount="0" falsecount="2"/>
      <line num="665" count="0" type="stmt"/>
      <line num="666" count="0" type="stmt"/>
      <line num="668" count="0" type="stmt"/>
      <line num="674" count="1" type="stmt"/>
      <line num="675" count="0" type="stmt"/>
    </file>
    <file name="externalApi.js" path="C:\Users\Shiny\Documents\Coding\classwork\MAMSRobotics\190-Scouting-Website\backend\externalApi.js">
      <metrics statements="47" coveredstatements="41" conditionals="18" coveredconditionals="15" methods="14" coveredmethods="8"/>
      <line num="1" count="1" type="stmt"/>
      <line num="2" count="1" type="stmt"/>
      <line num="3" count="1" type="stmt"/>
      <line num="7" count="1" type="stmt"/>
      <line num="14" count="2" type="cond" truecount="4" falsecount="0"/>
      <line num="15" count="1" type="stmt"/>
      <line num="16" count="1" type="stmt"/>
      <line num="25" count="0" type="stmt"/>
      <line num="36" count="14" type="stmt"/>
      <line num="53" count="2" type="cond" truecount="1" falsecount="1"/>
      <line num="54" count="2" type="stmt"/>
      <line num="55" count="2" type="stmt"/>
      <line num="57" count="2" type="stmt"/>
      <line num="108" count="2" type="stmt"/>
      <line num="110" count="16" type="stmt"/>
      <line num="111" count="16" type="cond" truecount="2" falsecount="0"/>
      <line num="112" count="8" type="cond" truecount="1" falsecount="1"/>
      <line num="113" count="8" type="stmt"/>
      <line num="115" count="8" type="stmt"/>
      <line num="116" count="8" type="stmt"/>
      <line num="117" count="8" type="stmt"/>
      <line num="118" count="8" type="stmt"/>
      <line num="119" count="8" type="stmt"/>
      <line num="121" count="8" type="stmt"/>
      <line num="122" count="8" type="stmt"/>
      <line num="123" count="8" type="stmt"/>
      <line num="124" count="8" type="cond" truecount="2" falsecount="0"/>
      <line num="125" count="1" type="stmt"/>
      <line num="126" count="1" type="stmt"/>
      <line num="127" count="1" type="stmt"/>
      <line num="142" count="5" type="cond" truecount="2" falsecount="0"/>
      <line num="155" count="3" type="stmt"/>
      <line num="156" count="3" type="stmt"/>
      <line num="158" count="3" type="cond" truecount="2" falsecount="0"/>
      <line num="159" count="1" type="stmt"/>
      <line num="162" count="2" type="stmt"/>
      <line num="163" count="2" type="stmt"/>
      <line num="165" count="2" type="stmt"/>
      <line num="166" count="2" type="cond" truecount="1" falsecount="1"/>
      <line num="172" count="1" type="stmt"/>
      <line num="176" count="2" type="stmt"/>
      <line num="180" count="0" type="stmt"/>
      <line num="184" count="0" type="stmt"/>
      <line num="188" count="0" type="stmt"/>
      <line num="192" count="0" type="stmt"/>
      <line num="196" count="0" type="stmt"/>
      <line num="199" count="1" type="stmt"/>
    </file>
  </project>
</coverage>
