<?xml version="1.0" encoding="UTF-8"?>
<coverage generated="1775175055393" clover="3.2.0">
  <project timestamp="1775175055393" name="All files">
    <metrics statements="478" coveredstatements="314" conditionals="315" coveredconditionals="174" methods="65" coveredmethods="29" elements="858" coveredelements="517" complexity="0" loc="478" ncloc="478" packages="1" files="3" classes="3"/>
    <file name="database.js" path="C:\Users\Shiny\Documents\Coding\classwork\MAMSRobotics\190-Scouting-Website\backend\database.js">
      <metrics statements="205" coveredstatements="197" conditionals="216" coveredconditionals="147" methods="14" coveredmethods="12"/>
      <line num="1" count="1" type="stmt"/>
      <line num="2" count="1" type="stmt"/>
      <line num="4" count="1" type="stmt"/>
      <line num="5" count="1" type="stmt"/>
      <line num="7" count="1" type="stmt"/>
      <line num="20" count="2" type="stmt"/>
      <line num="21" count="2" type="stmt"/>
      <line num="23" count="1" type="stmt"/>
      <line num="24" count="2" type="stmt"/>
      <line num="29" count="1" type="stmt"/>
      <line num="30" count="1" type="stmt"/>
      <line num="36" count="2" type="stmt"/>
      <line num="37" count="2" type="stmt"/>
      <line num="38" count="1" type="stmt"/>
      <line num="39" count="1" type="stmt"/>
      <line num="42" count="4" type="stmt"/>
      <line num="43" count="1" type="stmt"/>
      <line num="44" count="1" type="stmt"/>
      <line num="46" count="1" type="stmt"/>
      <line num="47" count="1" type="stmt"/>
      <line num="54" count="2" type="stmt"/>
      <line num="55" count="2" type="stmt"/>
      <line num="56" count="1" type="stmt"/>
      <line num="57" count="1" type="cond" truecount="1" falsecount="1"/>
      <line num="58" count="0" type="stmt"/>
      <line num="60" count="1" type="stmt"/>
      <line num="61" count="1" type="stmt"/>
      <line num="63" count="1" type="stmt"/>
      <line num="64" count="6" type="stmt"/>
      <line num="65" count="1" type="stmt"/>
      <line num="66" count="1" type="stmt"/>
      <line num="69" count="1" type="stmt"/>
      <line num="70" count="1" type="stmt"/>
      <line num="71" count="4" type="cond" truecount="1" falsecount="1"/>
      <line num="72" count="4" type="cond" truecount="1" falsecount="1"/>
      <line num="73" count="4" type="cond" truecount="1" falsecount="1"/>
      <line num="74" count="4" type="cond" truecount="3" falsecount="1"/>
      <line num="75" count="4" type="stmt"/>
      <line num="76" count="4" type="cond" truecount="2" falsecount="0"/>
      <line num="77" count="1" type="cond" truecount="1" falsecount="1"/>
      <line num="78" count="1" type="cond" truecount="1" falsecount="3"/>
      <line num="79" count="1" type="stmt"/>
      <line num="84" count="1" type="stmt"/>
      <line num="85" count="1" type="stmt"/>
      <line num="86" count="1" type="stmt"/>
      <line num="87" count="1" type="stmt"/>
      <line num="88" count="1" type="stmt"/>
      <line num="89" count="1" type="stmt"/>
      <line num="90" count="1" type="stmt"/>
      <line num="93" count="1" type="stmt"/>
      <line num="94" count="1" type="stmt"/>
      <line num="95" count="1" type="stmt"/>
      <line num="96" count="1" type="stmt"/>
      <line num="97" count="1" type="stmt"/>
      <line num="98" count="1" type="stmt"/>
      <line num="99" count="1" type="stmt"/>
      <line num="101" count="1" type="stmt"/>
      <line num="102" count="4" type="cond" truecount="1" falsecount="1"/>
      <line num="103" count="4" type="cond" truecount="1" falsecount="1"/>
      <line num="104" count="4" type="cond" truecount="1" falsecount="1"/>
      <line num="105" count="4" type="cond" truecount="3" falsecount="1"/>
      <line num="107" count="4" type="stmt"/>
      <line num="108" count="4" type="cond" truecount="1" falsecount="3"/>
      <line num="113" count="4" type="cond" truecount="2" falsecount="0"/>
      <line num="114" count="1" type="cond" truecount="2" falsecount="0"/>
      <line num="115" count="1" type="cond" truecount="1" falsecount="1"/>
      <line num="116" count="1" type="stmt"/>
      <line num="122" count="4" type="cond" truecount="2" falsecount="0"/>
      <line num="123" count="1" type="cond" truecount="2" falsecount="2"/>
      <line num="126" count="4" type="cond" truecount="2" falsecount="0"/>
      <line num="127" count="4" type="cond" truecount="2" falsecount="0"/>
      <line num="129" count="4" type="stmt"/>
      <line num="130" count="4" type="stmt"/>
      <line num="131" count="4" type="cond" truecount="4" falsecount="1"/>
      <line num="132" count="4" type="stmt"/>
      <line num="135" count="4" type="cond" truecount="2" falsecount="0"/>
      <line num="136" count="1" type="cond" truecount="1" falsecount="1"/>
      <line num="137" count="1" type="cond" truecount="3" falsecount="1"/>
      <line num="138" count="1" type="cond" truecount="3" falsecount="1"/>
      <line num="141" count="4" type="cond" truecount="2" falsecount="0"/>
      <line num="142" count="1" type="cond" truecount="1" falsecount="1"/>
      <line num="143" count="1" type="stmt"/>
      <line num="144" count="6" type="stmt"/>
      <line num="146" count="1" type="stmt"/>
      <line num="147" count="6" type="stmt"/>
      <line num="148" count="6" type="cond" truecount="5" falsecount="0"/>
      <line num="152" count="4" type="stmt"/>
      <line num="153" count="34" type="cond" truecount="2" falsecount="0"/>
      <line num="154" count="33" type="cond" truecount="2" falsecount="0"/>
      <line num="155" count="9" type="cond" truecount="2" falsecount="0"/>
      <line num="156" count="5" type="stmt"/>
      <line num="157" count="5" type="cond" truecount="4" falsecount="0"/>
      <line num="158" count="4" type="cond" truecount="2" falsecount="0"/>
      <line num="164" count="4" type="cond" truecount="2" falsecount="0"/>
      <line num="167" count="3" type="cond" truecount="3" falsecount="0"/>
      <line num="168" count="3" type="cond" truecount="2" falsecount="0"/>
      <line num="170" count="2" type="cond" truecount="1" falsecount="1"/>
      <line num="171" count="0" type="cond" truecount="0" falsecount="2"/>
      <line num="172" count="0" type="cond" truecount="0" falsecount="2"/>
      <line num="173" count="0" type="stmt"/>
      <line num="179" count="2" type="cond" truecount="2" falsecount="0"/>
      <line num="180" count="1" type="cond" truecount="2" falsecount="2"/>
      <line num="183" count="2" type="cond" truecount="2" falsecount="0"/>
      <line num="184" count="2" type="cond" truecount="2" falsecount="0"/>
      <line num="186" count="2" type="stmt"/>
      <line num="187" count="2" type="stmt"/>
      <line num="188" count="2" type="cond" truecount="3" falsecount="2"/>
      <line num="189" count="2" type="stmt"/>
      <line num="192" count="2" type="cond" truecount="2" falsecount="0"/>
      <line num="193" count="1" type="cond" truecount="1" falsecount="1"/>
      <line num="194" count="1" type="cond" truecount="3" falsecount="1"/>
      <line num="195" count="1" type="cond" truecount="3" falsecount="1"/>
      <line num="197" count="1" type="cond" truecount="1" falsecount="1"/>
      <line num="198" count="1" type="stmt"/>
      <line num="199" count="6" type="stmt"/>
      <line num="201" count="1" type="stmt"/>
      <line num="202" count="6" type="stmt"/>
      <line num="203" count="6" type="cond" truecount="3" falsecount="2"/>
      <line num="207" count="2" type="stmt"/>
      <line num="208" count="18" type="cond" truecount="1" falsecount="1"/>
      <line num="209" count="18" type="cond" truecount="2" falsecount="0"/>
      <line num="210" count="6" type="cond" truecount="2" falsecount="0"/>
      <line num="211" count="2" type="stmt"/>
      <line num="212" count="2" type="cond" truecount="3" falsecount="1"/>
      <line num="213" count="2" type="cond" truecount="2" falsecount="0"/>
      <line num="220" count="2" type="stmt"/>
      <line num="221" count="2" type="stmt"/>
      <line num="222" count="2" type="stmt"/>
      <line num="224" count="2" type="cond" truecount="1" falsecount="1"/>
      <line num="225" count="2" type="stmt"/>
      <line num="226" count="2" type="cond" truecount="1" falsecount="1"/>
      <line num="227" count="2" type="stmt"/>
      <line num="229" count="2" type="stmt"/>
      <line num="231" count="2" type="cond" truecount="1" falsecount="1"/>
      <line num="232" count="2" type="stmt"/>
      <line num="233" count="2" type="stmt"/>
      <line num="236" count="2" type="stmt"/>
      <line num="237" count="2" type="stmt"/>
      <line num="240" count="2" type="cond" truecount="1" falsecount="1"/>
      <line num="241" count="2" type="cond" truecount="1" falsecount="1"/>
      <line num="242" count="2" type="cond" truecount="1" falsecount="1"/>
      <line num="245" count="2" type="cond" truecount="1" falsecount="1"/>
      <line num="246" count="2" type="stmt"/>
      <line num="247" count="12" type="stmt"/>
      <line num="248" count="12" type="cond" truecount="4" falsecount="0"/>
      <line num="249" count="1" type="stmt"/>
      <line num="251" count="11" type="stmt"/>
      <line num="256" count="2" type="cond" truecount="2" falsecount="0"/>
      <line num="258" count="2" type="cond" truecount="4" falsecount="0"/>
      <line num="259" count="1" type="cond" truecount="1" falsecount="1"/>
      <line num="260" count="1" type="stmt"/>
      <line num="261" count="1" type="stmt"/>
      <line num="262" count="1" type="cond" truecount="3" falsecount="1"/>
      <line num="263" count="1" type="stmt"/>
      <line num="264" count="1" type="stmt"/>
      <line num="266" count="1" type="stmt"/>
      <line num="269" count="1" type="stmt"/>
      <line num="272" count="2" type="stmt"/>
      <line num="276" count="1" type="stmt"/>
      <line num="277" count="1" type="stmt"/>
      <line num="278" count="1" type="stmt"/>
      <line num="282" count="1" type="stmt"/>
      <line num="283" count="1" type="stmt"/>
      <line num="284" count="1" type="stmt"/>
      <line num="288" count="1" type="stmt"/>
      <line num="289" count="1" type="stmt"/>
      <line num="291" count="1" type="stmt"/>
      <line num="292" count="1" type="stmt"/>
      <line num="293" count="1" type="cond" truecount="1" falsecount="1"/>
      <line num="295" count="1" type="cond" truecount="1" falsecount="1"/>
      <line num="297" count="1" type="stmt"/>
      <line num="299" count="1" type="stmt"/>
      <line num="300" count="16" type="cond" truecount="2" falsecount="0"/>
      <line num="304" count="1" type="stmt"/>
      <line num="305" count="1" type="stmt"/>
      <line num="306" count="17" type="cond" truecount="2" falsecount="0"/>
      <line num="307" count="11" type="cond" truecount="1" falsecount="1"/>
      <line num="308" count="11" type="cond" truecount="1" falsecount="1"/>
      <line num="310" count="11" type="cond" truecount="1" falsecount="1"/>
      <line num="311" count="11" type="cond" truecount="1" falsecount="1"/>
      <line num="312" count="11" type="stmt"/>
      <line num="315" count="1" type="stmt"/>
      <line num="318" count="1" type="stmt"/>
      <line num="320" count="1" type="stmt"/>
      <line num="321" count="1" type="stmt"/>
      <line num="327" count="3" type="stmt"/>
      <line num="328" count="3" type="stmt"/>
      <line num="329" count="3" type="cond" truecount="2" falsecount="0"/>
      <line num="330" count="1" type="stmt"/>
      <line num="332" count="3" type="stmt"/>
      <line num="333" count="3" type="cond" truecount="3" falsecount="1"/>
      <line num="334" count="0" type="stmt"/>
      <line num="336" count="3" type="stmt"/>
      <line num="337" count="2" type="stmt"/>
      <line num="339" count="1" type="stmt"/>
      <line num="340" count="1" type="stmt"/>
      <line num="345" count="1" type="stmt"/>
      <line num="347" count="1" type="cond" truecount="1" falsecount="1"/>
      <line num="348" count="1" type="stmt"/>
      <line num="351" count="1" type="stmt"/>
      <line num="352" count="0" type="cond" truecount="0" falsecount="2"/>
      <line num="353" count="0" type="stmt"/>
      <line num="357" count="1" type="stmt"/>
      <line num="360" count="1" type="stmt"/>
      <line num="361" count="0" type="stmt"/>
    </file>
    <file name="externalApi.js" path="C:\Users\Shiny\Documents\Coding\classwork\MAMSRobotics\190-Scouting-Website\backend\externalApi.js">
      <metrics statements="35" coveredstatements="32" conditionals="12" coveredconditionals="10" methods="12" coveredmethods="9"/>
      <line num="1" count="1" type="stmt"/>
      <line num="2" count="1" type="stmt"/>
      <line num="3" count="1" type="stmt"/>
      <line num="13" count="30" type="stmt"/>
      <line num="30" count="5" type="cond" truecount="1" falsecount="1"/>
      <line num="31" count="5" type="stmt"/>
      <line num="33" count="5" type="stmt"/>
      <line num="78" count="5" type="stmt"/>
      <line num="80" count="35" type="stmt"/>
      <line num="81" count="35" type="cond" truecount="2" falsecount="0"/>
      <line num="82" count="7" type="cond" truecount="1" falsecount="1"/>
      <line num="83" count="7" type="stmt"/>
      <line num="85" count="7" type="stmt"/>
      <line num="86" count="7" type="stmt"/>
      <line num="87" count="7" type="stmt"/>
      <line num="88" count="7" type="stmt"/>
      <line num="89" count="7" type="stmt"/>
      <line num="91" count="28" type="stmt"/>
      <line num="105" count="11" type="cond" truecount="2" falsecount="0"/>
      <line num="118" count="6" type="stmt"/>
      <line num="119" count="6" type="stmt"/>
      <line num="121" count="6" type="cond" truecount="2" falsecount="0"/>
      <line num="122" count="1" type="stmt"/>
      <line num="125" count="5" type="stmt"/>
      <line num="126" count="5" type="stmt"/>
      <line num="128" count="5" type="stmt"/>
      <line num="129" count="5" type="cond" truecount="2" falsecount="0"/>
      <line num="140" count="2" type="stmt"/>
      <line num="149" count="2" type="stmt"/>
      <line num="158" count="0" type="stmt"/>
      <line num="167" count="0" type="stmt"/>
      <line num="176" count="0" type="stmt"/>
      <line num="185" count="1" type="stmt"/>
      <line num="194" count="1" type="stmt"/>
      <line num="197" count="1" type="stmt"/>
    </file>
    <file name="index.js" path="C:\Users\Shiny\Documents\Coding\classwork\MAMSRobotics\190-Scouting-Website\backend\index.js">
      <metrics statements="238" coveredstatements="85" conditionals="87" coveredconditionals="17" methods="39" coveredmethods="8"/>
      <line num="11" count="1" type="stmt"/>
      <line num="12" count="1" type="stmt"/>
      <line num="13" count="1" type="stmt"/>
      <line num="14" count="1" type="stmt"/>
      <line num="15" count="1" type="stmt"/>
      <line num="16" count="1" type="stmt"/>
      <line num="17" count="1" type="stmt"/>
      <line num="19" count="1" type="stmt"/>
      <line num="23" count="1" type="stmt"/>
      <line num="24" count="0" type="cond" truecount="0" falsecount="2"/>
      <line num="25" count="0" type="stmt"/>
      <line num="29" count="1" type="cond" truecount="1" falsecount="1"/>
      <line num="30" count="1" type="stmt"/>
      <line num="38" count="1" type="stmt"/>
      <line num="39" count="6" type="cond" truecount="2" falsecount="0"/>
      <line num="40" count="6" type="cond" truecount="2" falsecount="0"/>
      <line num="41" count="5" type="stmt"/>
      <line num="48" count="0" type="stmt"/>
      <line num="49" count="0" type="cond" truecount="0" falsecount="2"/>
      <line num="56" count="1" type="stmt"/>
      <line num="57" count="1" type="cond" truecount="1" falsecount="1"/>
      <line num="58" count="1" type="stmt"/>
      <line num="59" count="1" type="stmt"/>
      <line num="60" count="1" type="stmt"/>
      <line num="62" count="1" type="stmt"/>
      <line num="69" count="0" type="stmt"/>
      <line num="71" count="0" type="cond" truecount="0" falsecount="5"/>
      <line num="72" count="0" type="stmt"/>
      <line num="73" count="0" type="stmt"/>
      <line num="74" count="0" type="stmt"/>
      <line num="77" count="0" type="stmt"/>
      <line num="78" count="0" type="stmt"/>
      <line num="80" count="0" type="cond" truecount="0" falsecount="2"/>
      <line num="81" count="0" type="stmt"/>
      <line num="82" count="0" type="stmt"/>
      <line num="84" count="0" type="stmt"/>
      <line num="87" count="0" type="stmt"/>
      <line num="88" count="0" type="stmt"/>
      <line num="91" count="1" type="cond" truecount="1" falsecount="1"/>
      <line num="92" count="1" type="cond" truecount="1" falsecount="1"/>
      <line num="93" count="1" type="cond" truecount="1" falsecount="1"/>
      <line num="94" count="1" type="cond" truecount="1" falsecount="1"/>
      <line num="96" count="1" type="stmt"/>
      <line num="99" count="1" type="stmt"/>
      <line num="101" count="1" type="stmt"/>
      <line num="112" count="1" type="stmt"/>
      <line num="122" count="1" type="stmt"/>
      <line num="123" count="0" type="stmt"/>
      <line num="126" count="1" type="stmt"/>
      <line num="127" count="0" type="stmt"/>
      <line num="130" count="1" type="stmt"/>
      <line num="131" count="1" type="stmt"/>
      <line num="132" count="1" type="stmt"/>
      <line num="133" count="1" type="stmt"/>
      <line num="134" count="1" type="stmt"/>
      <line num="136" count="0" type="stmt"/>
      <line num="137" count="0" type="stmt"/>
      <line num="141" count="1" type="stmt"/>
      <line num="142" count="0" type="stmt"/>
      <line num="145" count="1" type="stmt"/>
      <line num="146" count="1" type="stmt"/>
      <line num="147" count="1" type="stmt"/>
      <line num="148" count="1" type="stmt"/>
      <line num="151" count="1" type="stmt"/>
      <line num="152" count="0" type="stmt"/>
      <line num="154" count="0" type="stmt"/>
      <line num="155" count="0" type="stmt"/>
      <line num="156" count="0" type="cond" truecount="0" falsecount="2"/>
      <line num="159" count="0" type="stmt"/>
      <line num="160" count="0" type="stmt"/>
      <line num="162" count="0" type="stmt"/>
      <line num="163" count="0" type="stmt"/>
      <line num="164" count="0" type="stmt"/>
      <line num="165" count="0" type="cond" truecount="0" falsecount="4"/>
      <line num="166" count="0" type="stmt"/>
      <line num="170" count="0" type="stmt"/>
      <line num="173" count="1" type="stmt"/>
      <line num="174" count="0" type="stmt"/>
      <line num="176" count="0" type="stmt"/>
      <line num="177" count="0" type="stmt"/>
      <line num="178" count="0" type="cond" truecount="0" falsecount="2"/>
      <line num="181" count="0" type="stmt"/>
      <line num="182" count="0" type="stmt"/>
      <line num="184" count="0" type="stmt"/>
      <line num="185" count="0" type="stmt"/>
      <line num="186" count="0" type="cond" truecount="0" falsecount="2"/>
      <line num="187" count="0" type="stmt"/>
      <line num="188" count="0" type="stmt"/>
      <line num="192" count="0" type="stmt"/>
      <line num="195" count="1" type="stmt"/>
      <line num="196" count="0" type="stmt"/>
      <line num="197" count="0" type="cond" truecount="0" falsecount="2"/>
      <line num="199" count="0" type="stmt"/>
      <line num="200" count="0" type="stmt"/>
      <line num="201" count="0" type="stmt"/>
      <line num="202" count="0" type="cond" truecount="0" falsecount="2"/>
      <line num="203" count="0" type="stmt"/>
      <line num="205" count="0" type="stmt"/>
      <line num="209" count="1" type="stmt"/>
      <line num="210" count="0" type="stmt"/>
      <line num="211" count="0" type="cond" truecount="0" falsecount="2"/>
      <line num="212" count="0" type="stmt"/>
      <line num="213" count="0" type="stmt"/>
      <line num="216" count="1" type="stmt"/>
      <line num="217" count="0" type="stmt"/>
      <line num="218" count="0" type="stmt"/>
      <line num="220" count="0" type="stmt"/>
      <line num="221" count="0" type="stmt"/>
      <line num="222" count="0" type="stmt"/>
      <line num="224" count="0" type="stmt"/>
      <line num="225" count="0" type="stmt"/>
      <line num="226" count="0" type="stmt"/>
      <line num="228" count="0" type="cond" truecount="0" falsecount="2"/>
      <line num="229" count="0" type="cond" truecount="0" falsecount="2"/>
      <line num="231" count="0" type="stmt"/>
      <line num="234" count="0" type="stmt"/>
      <line num="237" count="1" type="stmt"/>
      <line num="238" count="0" type="stmt"/>
      <line num="239" count="0" type="stmt"/>
      <line num="240" count="0" type="stmt"/>
      <line num="241" count="0" type="stmt"/>
      <line num="244" count="1" type="stmt"/>
      <line num="245" count="0" type="stmt"/>
      <line num="246" count="0" type="stmt"/>
      <line num="247" count="0" type="stmt"/>
      <line num="248" count="0" type="stmt"/>
      <line num="256" count="1" type="stmt"/>
      <line num="257" count="0" type="stmt"/>
      <line num="258" count="0" type="stmt"/>
      <line num="259" count="0" type="stmt"/>
      <line num="260" count="0" type="stmt"/>
      <line num="263" count="1" type="stmt"/>
      <line num="264" count="2" type="stmt"/>
      <line num="265" count="2" type="stmt"/>
      <line num="266" count="2" type="stmt"/>
      <line num="267" count="2" type="cond" truecount="2" falsecount="0"/>
      <line num="269" count="2" type="stmt"/>
      <line num="270" count="1" type="stmt"/>
      <line num="271" count="1" type="stmt"/>
      <line num="274" count="2" type="stmt"/>
      <line num="277" count="1" type="stmt"/>
      <line num="278" count="0" type="stmt"/>
      <line num="279" count="0" type="stmt"/>
      <line num="280" count="0" type="stmt"/>
      <line num="282" count="0" type="stmt"/>
      <line num="288" count="0" type="stmt"/>
      <line num="291" count="1" type="stmt"/>
      <line num="292" count="0" type="stmt"/>
      <line num="293" count="0" type="stmt"/>
      <line num="294" count="0" type="stmt"/>
      <line num="296" count="0" type="stmt"/>
      <line num="297" count="0" type="stmt"/>
      <line num="303" count="0" type="stmt"/>
      <line num="306" count="1" type="stmt"/>
      <line num="307" count="0" type="stmt"/>
      <line num="308" count="0" type="stmt"/>
      <line num="309" count="0" type="stmt"/>
      <line num="311" count="0" type="stmt"/>
      <line num="317" count="0" type="stmt"/>
      <line num="320" count="1" type="stmt"/>
      <line num="321" count="0" type="stmt"/>
      <line num="322" count="0" type="stmt"/>
      <line num="323" count="0" type="stmt"/>
      <line num="325" count="0" type="cond" truecount="0" falsecount="3"/>
      <line num="327" count="0" type="stmt"/>
      <line num="330" count="1" type="stmt"/>
      <line num="331" count="0" type="stmt"/>
      <line num="332" count="0" type="stmt"/>
      <line num="333" count="0" type="stmt"/>
      <line num="334" count="0" type="stmt"/>
      <line num="337" count="1" type="stmt"/>
      <line num="338" count="0" type="stmt"/>
      <line num="339" count="0" type="stmt"/>
      <line num="340" count="0" type="stmt"/>
      <line num="342" count="0" type="stmt"/>
      <line num="343" count="0" type="cond" truecount="0" falsecount="3"/>
      <line num="348" count="0" type="stmt"/>
      <line num="351" count="1" type="stmt"/>
      <line num="352" count="0" type="stmt"/>
      <line num="353" count="0" type="cond" truecount="0" falsecount="5"/>
      <line num="354" count="0" type="stmt"/>
      <line num="356" count="0" type="stmt"/>
      <line num="358" count="0" type="stmt"/>
      <line num="359" count="0" type="cond" truecount="0" falsecount="2"/>
      <line num="360" count="0" type="stmt"/>
      <line num="362" count="0" type="cond" truecount="0" falsecount="2"/>
      <line num="363" count="0" type="stmt"/>
      <line num="364" count="0" type="stmt"/>
      <line num="367" count="0" type="stmt"/>
      <line num="375" count="1" type="stmt"/>
      <line num="376" count="0" type="stmt"/>
      <line num="377" count="0" type="cond" truecount="0" falsecount="2"/>
      <line num="378" count="0" type="stmt"/>
      <line num="379" count="0" type="stmt"/>
      <line num="381" count="0" type="stmt"/>
      <line num="382" count="0" type="stmt"/>
      <line num="383" count="0" type="stmt"/>
      <line num="387" count="1" type="stmt"/>
      <line num="388" count="0" type="stmt"/>
      <line num="391" count="1" type="stmt"/>
      <line num="392" count="0" type="stmt"/>
      <line num="395" count="1" type="stmt"/>
      <line num="396" count="2" type="stmt"/>
      <line num="397" count="2" type="stmt"/>
      <line num="398" count="2" type="stmt"/>
      <line num="400" count="2" type="cond" truecount="4" falsecount="0"/>
      <line num="401" count="1" type="stmt"/>
      <line num="402" count="1" type="stmt"/>
      <line num="403" count="1" type="stmt"/>
      <line num="406" count="1" type="stmt"/>
      <line num="407" count="1" type="stmt"/>
      <line num="408" count="1" type="stmt"/>
      <line num="409" count="1" type="stmt"/>
      <line num="411" count="1" type="stmt"/>
      <line num="412" count="1" type="stmt"/>
      <line num="415" count="1" type="stmt"/>
      <line num="416" count="0" type="stmt"/>
      <line num="417" count="0" type="stmt"/>
      <line num="418" count="0" type="stmt"/>
      <line num="419" count="0" type="stmt"/>
      <line num="421" count="0" type="cond" truecount="0" falsecount="5"/>
      <line num="422" count="0" type="stmt"/>
      <line num="423" count="0" type="stmt"/>
      <line num="424" count="0" type="stmt"/>
      <line num="427" count="0" type="stmt"/>
      <line num="428" count="0" type="stmt"/>
      <line num="429" count="0" type="stmt"/>
      <line num="430" count="0" type="stmt"/>
      <line num="431" count="0" type="stmt"/>
      <line num="433" count="0" type="stmt"/>
      <line num="434" count="0" type="stmt"/>
      <line num="437" count="1" type="stmt"/>
      <line num="438" count="0" type="stmt"/>
      <line num="439" count="0" type="cond" truecount="0" falsecount="2"/>
      <line num="440" count="0" type="stmt"/>
      <line num="442" count="0" type="stmt"/>
      <line num="446" count="1" type="stmt"/>
      <line num="447" count="0" type="stmt"/>
    </file>
  </project>
</coverage>
