{"/Users/hugeajtheboss/Documents/190-Scouting-Website/backend/database.js": {"path":"/Users/hugeajtheboss/Documents/190-Scouting-Website/backend/database.js","statementMap":{"0":{"start":{"line":1,"column":11},"end":{"line":1,"column":24}},"1":{"start":{"line":2,"column":13},"end":{"line":2,"column":28}},"2":{"start":{"line":4,"column":12},"end":{"line":4,"column":28}},"3":{"start":{"line":5,"column":0},"end":{"line":5,"column":71}},"4":{"start":{"line":7,"column":15},"end":{"line":16,"column":1}},"5":{"start":{"line":20,"column":4},"end":{"line":31,"column":5}},"6":{"start":{"line":21,"column":8},"end":{"line":21,"column":34}},"7":{"start":{"line":23,"column":23},"end":{"line":23,"column":128}},"8":{"start":{"line":24,"column":8},"end":{"line":27,"column":12}},"9":{"start":{"line":24,"column":44},"end":{"line":27,"column":9}},"10":{"start":{"line":29,"column":8},"end":{"line":29,"column":53}},"11":{"start":{"line":30,"column":8},"end":{"line":30,"column":18}},"12":{"start":{"line":36,"column":4},"end":{"line":48,"column":5}},"13":{"start":{"line":37,"column":8},"end":{"line":37,"column":34}},"14":{"start":{"line":38,"column":23},"end":{"line":38,"column":101}},"15":{"start":{"line":39,"column":26},"end":{"line":39,"column":42}},"16":{"start":{"line":42,"column":22},"end":{"line":42,"column":90}},"17":{"start":{"line":42,"column":41},"end":{"line":42,"column":74}},"18":{"start":{"line":42,"column":88},"end":{"line":42,"column":89}},"19":{"start":{"line":43,"column":8},"end":{"line":43,"column":43}},"20":{"start":{"line":44,"column":8},"end":{"line":44,"column":44}},"21":{"start":{"line":46,"column":8},"end":{"line":46,"column":52}},"22":{"start":{"line":47,"column":8},"end":{"line":47,"column":42}},"23":{"start":{"line":54,"column":4},"end":{"line":322,"column":5}},"24":{"start":{"line":55,"column":8},"end":{"line":55,"column":34}},"25":{"start":{"line":56,"column":20},"end":{"line":56,"column":69}},"26":{"start":{"line":57,"column":8},"end":{"line":59,"column":9}},"27":{"start":{"line":58,"column":12},"end":{"line":58,"column":45}},"28":{"start":{"line":60,"column":23},"end":{"line":60,"column":45}},"29":{"start":{"line":61,"column":21},"end":{"line":61,"column":37}},"30":{"start":{"line":63,"column":33},"end":{"line":63,"column":154}},"31":{"start":{"line":64,"column":39},"end":{"line":64,"column":90}},"32":{"start":{"line":64,"column":73},"end":{"line":64,"column":88}},"33":{"start":{"line":65,"column":32},"end":{"line":65,"column":169}},"34":{"start":{"line":66,"column":32},"end":{"line":66,"column":65}},"35":{"start":{"line":69,"column":27},"end":{"line":69,"column":29}},"36":{"start":{"line":70,"column":8},"end":{"line":81,"column":9}},"37":{"start":{"line":71,"column":25},"end":{"line":71,"column":45}},"38":{"start":{"line":72,"column":26},"end":{"line":72,"column":48}},"39":{"start":{"line":73,"column":28},"end":{"line":73,"column":62}},"40":{"start":{"line":74,"column":12},"end":{"line":74,"column":42}},"41":{"start":{"line":74,"column":33},"end":{"line":74,"column":42}},"42":{"start":{"line":75,"column":30},"end":{"line":75,"column":48}},"43":{"start":{"line":76,"column":12},"end":{"line":80,"column":13}},"44":{"start":{"line":77,"column":16},"end":{"line":77,"column":71}},"45":{"start":{"line":77,"column":44},"end":{"line":77,"column":71}},"46":{"start":{"line":78,"column":30},"end":{"line":78,"column":61}},"47":{"start":{"line":79,"column":16},"end":{"line":79,"column":55}},"48":{"start":{"line":84,"column":28},"end":{"line":84,"column":30}},"49":{"start":{"line":85,"column":25},"end":{"line":85,"column":27}},"50":{"start":{"line":86,"column":37},"end":{"line":86,"column":39}},"51":{"start":{"line":87,"column":37},"end":{"line":87,"column":39}},"52":{"start":{"line":88,"column":38},"end":{"line":88,"column":40}},"53":{"start":{"line":89,"column":33},"end":{"line":89,"column":35}},"54":{"start":{"line":90,"column":38},"end":{"line":90,"column":40}},"55":{"start":{"line":93,"column":28},"end":{"line":93,"column":30}},"56":{"start":{"line":94,"column":25},"end":{"line":94,"column":27}},"57":{"start":{"line":95,"column":37},"end":{"line":95,"column":39}},"58":{"start":{"line":96,"column":37},"end":{"line":96,"column":39}},"59":{"start":{"line":97,"column":38},"end":{"line":97,"column":40}},"60":{"start":{"line":98,"column":33},"end":{"line":98,"column":35}},"61":{"start":{"line":99,"column":37},"end":{"line":99,"column":39}},"62":{"start":{"line":101,"column":8},"end":{"line":216,"column":9}},"63":{"start":{"line":102,"column":25},"end":{"line":102,"column":45}},"64":{"start":{"line":103,"column":26},"end":{"line":103,"column":48}},"65":{"start":{"line":104,"column":28},"end":{"line":104,"column":62}},"66":{"start":{"line":105,"column":12},"end":{"line":105,"column":42}},"67":{"start":{"line":105,"column":33},"end":{"line":105,"column":42}},"68":{"start":{"line":107,"column":30},"end":{"line":107,"column":48}},"69":{"start":{"line":108,"column":26},"end":{"line":108,"column":57}},"70":{"start":{"line":113,"column":12},"end":{"line":120,"column":13}},"71":{"start":{"line":114,"column":16},"end":{"line":114,"column":93}},"72":{"start":{"line":115,"column":16},"end":{"line":115,"column":93}},"73":{"start":{"line":115,"column":55},"end":{"line":115,"column":93}},"74":{"start":{"line":116,"column":16},"end":{"line":119,"column":19}},"75":{"start":{"line":122,"column":12},"end":{"line":124,"column":13}},"76":{"start":{"line":123,"column":16},"end":{"line":123,"column":97}},"77":{"start":{"line":123,"column":50},"end":{"line":123,"column":97}},"78":{"start":{"line":126,"column":12},"end":{"line":126,"column":63}},"79":{"start":{"line":126,"column":38},"end":{"line":126,"column":63}},"80":{"start":{"line":127,"column":12},"end":{"line":127,"column":81}},"81":{"start":{"line":127,"column":47},"end":{"line":127,"column":81}},"82":{"start":{"line":129,"column":36},"end":{"line":129,"column":58}},"83":{"start":{"line":130,"column":31},"end":{"line":130,"column":60}},"84":{"start":{"line":131,"column":12},"end":{"line":133,"column":13}},"85":{"start":{"line":132,"column":16},"end":{"line":132,"column":45}},"86":{"start":{"line":135,"column":12},"end":{"line":139,"column":13}},"87":{"start":{"line":136,"column":16},"end":{"line":136,"column":91}},"88":{"start":{"line":136,"column":54},"end":{"line":136,"column":91}},"89":{"start":{"line":137,"column":16},"end":{"line":137,"column":137}},"90":{"start":{"line":137,"column":73},"end":{"line":137,"column":137}},"91":{"start":{"line":138,"column":16},"end":{"line":138,"column":165}},"92":{"start":{"line":138,"column":87},"end":{"line":138,"column":165}},"93":{"start":{"line":141,"column":12},"end":{"line":150,"column":13}},"94":{"start":{"line":142,"column":16},"end":{"line":145,"column":17}},"95":{"start":{"line":143,"column":20},"end":{"line":143,"column":58}},"96":{"start":{"line":144,"column":20},"end":{"line":144,"column":103}},"97":{"start":{"line":144,"column":58},"end":{"line":144,"column":103}},"98":{"start":{"line":146,"column":16},"end":{"line":149,"column":17}},"99":{"start":{"line":147,"column":32},"end":{"line":147,"column":42}},"100":{"start":{"line":148,"column":20},"end":{"line":148,"column":128}},"101":{"start":{"line":148,"column":78},"end":{"line":148,"column":128}},"102":{"start":{"line":152,"column":12},"end":{"line":160,"column":13}},"103":{"start":{"line":153,"column":16},"end":{"line":153,"column":79}},"104":{"start":{"line":153,"column":70},"end":{"line":153,"column":79}},"105":{"start":{"line":154,"column":16},"end":{"line":154,"column":63}},"106":{"start":{"line":154,"column":54},"end":{"line":154,"column":63}},"107":{"start":{"line":155,"column":16},"end":{"line":155,"column":63}},"108":{"start":{"line":155,"column":54},"end":{"line":155,"column":63}},"109":{"start":{"line":156,"column":28},"end":{"line":156,"column":39}},"110":{"start":{"line":157,"column":16},"end":{"line":159,"column":17}},"111":{"start":{"line":158,"column":20},"end":{"line":158,"column":109}},"112":{"start":{"line":164,"column":12},"end":{"line":164,"column":56}},"113":{"start":{"line":164,"column":47},"end":{"line":164,"column":56}},"114":{"start":{"line":167,"column":35},"end":{"line":167,"column":146}},"115":{"start":{"line":168,"column":12},"end":{"line":168,"column":41}},"116":{"start":{"line":168,"column":32},"end":{"line":168,"column":41}},"117":{"start":{"line":170,"column":12},"end":{"line":177,"column":13}},"118":{"start":{"line":171,"column":16},"end":{"line":171,"column":93}},"119":{"start":{"line":172,"column":16},"end":{"line":172,"column":93}},"120":{"start":{"line":172,"column":55},"end":{"line":172,"column":93}},"121":{"start":{"line":173,"column":16},"end":{"line":176,"column":19}},"122":{"start":{"line":179,"column":12},"end":{"line":181,"column":13}},"123":{"start":{"line":180,"column":16},"end":{"line":180,"column":97}},"124":{"start":{"line":180,"column":50},"end":{"line":180,"column":97}},"125":{"start":{"line":183,"column":12},"end":{"line":183,"column":63}},"126":{"start":{"line":183,"column":38},"end":{"line":183,"column":63}},"127":{"start":{"line":184,"column":12},"end":{"line":184,"column":81}},"128":{"start":{"line":184,"column":47},"end":{"line":184,"column":81}},"129":{"start":{"line":186,"column":36},"end":{"line":186,"column":58}},"130":{"start":{"line":187,"column":30},"end":{"line":187,"column":58}},"131":{"start":{"line":188,"column":12},"end":{"line":190,"column":13}},"132":{"start":{"line":189,"column":16},"end":{"line":189,"column":45}},"133":{"start":{"line":192,"column":12},"end":{"line":205,"column":13}},"134":{"start":{"line":193,"column":16},"end":{"line":193,"column":91}},"135":{"start":{"line":193,"column":54},"end":{"line":193,"column":91}},"136":{"start":{"line":194,"column":16},"end":{"line":194,"column":137}},"137":{"start":{"line":194,"column":73},"end":{"line":194,"column":137}},"138":{"start":{"line":195,"column":16},"end":{"line":195,"column":165}},"139":{"start":{"line":195,"column":87},"end":{"line":195,"column":165}},"140":{"start":{"line":197,"column":16},"end":{"line":200,"column":17}},"141":{"start":{"line":198,"column":20},"end":{"line":198,"column":57}},"142":{"start":{"line":199,"column":20},"end":{"line":199,"column":102}},"143":{"start":{"line":199,"column":58},"end":{"line":199,"column":102}},"144":{"start":{"line":201,"column":16},"end":{"line":204,"column":17}},"145":{"start":{"line":202,"column":32},"end":{"line":202,"column":42}},"146":{"start":{"line":203,"column":20},"end":{"line":203,"column":127}},"147":{"start":{"line":203,"column":78},"end":{"line":203,"column":127}},"148":{"start":{"line":207,"column":12},"end":{"line":215,"column":13}},"149":{"start":{"line":208,"column":16},"end":{"line":208,"column":79}},"150":{"start":{"line":208,"column":70},"end":{"line":208,"column":79}},"151":{"start":{"line":209,"column":16},"end":{"line":209,"column":63}},"152":{"start":{"line":209,"column":54},"end":{"line":209,"column":63}},"153":{"start":{"line":210,"column":16},"end":{"line":210,"column":63}},"154":{"start":{"line":210,"column":54},"end":{"line":210,"column":63}},"155":{"start":{"line":211,"column":28},"end":{"line":211,"column":39}},"156":{"start":{"line":212,"column":16},"end":{"line":214,"column":17}},"157":{"start":{"line":213,"column":20},"end":{"line":213,"column":109}},"158":{"start":{"line":220,"column":28},"end":{"line":220,"column":47}},"159":{"start":{"line":221,"column":26},"end":{"line":221,"column":28}},"160":{"start":{"line":222,"column":31},"end":{"line":222,"column":32}},"161":{"start":{"line":224,"column":12},"end":{"line":230,"column":13}},"162":{"start":{"line":225,"column":16},"end":{"line":228,"column":17}},"163":{"start":{"line":226,"column":20},"end":{"line":226,"column":62}},"164":{"start":{"line":226,"column":42},"end":{"line":226,"column":62}},"165":{"start":{"line":227,"column":20},"end":{"line":227,"column":66}},"166":{"start":{"line":229,"column":16},"end":{"line":229,"column":31}},"167":{"start":{"line":231,"column":12},"end":{"line":235,"column":13}},"168":{"start":{"line":232,"column":16},"end":{"line":234,"column":17}},"169":{"start":{"line":233,"column":20},"end":{"line":233,"column":50}},"170":{"start":{"line":236,"column":12},"end":{"line":238,"column":13}},"171":{"start":{"line":237,"column":16},"end":{"line":237,"column":48}},"172":{"start":{"line":240,"column":12},"end":{"line":243,"column":13}},"173":{"start":{"line":241,"column":16},"end":{"line":241,"column":128}},"174":{"start":{"line":241,"column":70},"end":{"line":241,"column":128}},"175":{"start":{"line":242,"column":16},"end":{"line":242,"column":149}},"176":{"start":{"line":242,"column":77},"end":{"line":242,"column":149}},"177":{"start":{"line":245,"column":12},"end":{"line":254,"column":13}},"178":{"start":{"line":246,"column":16},"end":{"line":253,"column":17}},"179":{"start":{"line":247,"column":35},"end":{"line":247,"column":56}},"180":{"start":{"line":248,"column":20},"end":{"line":252,"column":21}},"181":{"start":{"line":249,"column":24},"end":{"line":249,"column":91}},"182":{"start":{"line":249,"column":65},"end":{"line":249,"column":70}},"183":{"start":{"line":251,"column":24},"end":{"line":251,"column":43}},"184":{"start":{"line":256,"column":12},"end":{"line":256,"column":68}},"185":{"start":{"line":258,"column":12},"end":{"line":270,"column":13}},"186":{"start":{"line":259,"column":36},"end":{"line":259,"column":100}},"187":{"start":{"line":260,"column":16},"end":{"line":267,"column":19}},"188":{"start":{"line":261,"column":36},"end":{"line":261,"column":40}},"189":{"start":{"line":262,"column":20},"end":{"line":265,"column":21}},"190":{"start":{"line":263,"column":40},"end":{"line":263,"column":68}},"191":{"start":{"line":264,"column":24},"end":{"line":264,"column":74}},"192":{"start":{"line":266,"column":20},"end":{"line":266,"column":57}},"193":{"start":{"line":269,"column":16},"end":{"line":269,"column":50}},"194":{"start":{"line":272,"column":12},"end":{"line":272,"column":27}},"195":{"start":{"line":276,"column":25},"end":{"line":276,"column":27}},"196":{"start":{"line":277,"column":8},"end":{"line":279,"column":9}},"197":{"start":{"line":278,"column":12},"end":{"line":278,"column":194}},"198":{"start":{"line":282,"column":25},"end":{"line":282,"column":27}},"199":{"start":{"line":283,"column":8},"end":{"line":285,"column":9}},"200":{"start":{"line":284,"column":12},"end":{"line":284,"column":193}},"201":{"start":{"line":288,"column":24},"end":{"line":288,"column":85}},"202":{"start":{"line":289,"column":27},"end":{"line":289,"column":29}},"203":{"start":{"line":291,"column":8},"end":{"line":316,"column":9}},"204":{"start":{"line":292,"column":25},"end":{"line":292,"column":38}},"205":{"start":{"line":293,"column":25},"end":{"line":293,"column":44}},"206":{"start":{"line":295,"column":12},"end":{"line":295,"column":32}},"207":{"start":{"line":295,"column":23},"end":{"line":295,"column":32}},"208":{"start":{"line":297,"column":27},"end":{"line":297,"column":29}},"209":{"start":{"line":299,"column":12},"end":{"line":301,"column":13}},"210":{"start":{"line":300,"column":16},"end":{"line":300,"column":75}},"211":{"start":{"line":300,"column":47},"end":{"line":300,"column":75}},"212":{"start":{"line":304,"column":34},"end":{"line":304,"column":87}},"213":{"start":{"line":305,"column":12},"end":{"line":313,"column":13}},"214":{"start":{"line":306,"column":16},"end":{"line":306,"column":59}},"215":{"start":{"line":306,"column":50},"end":{"line":306,"column":59}},"216":{"start":{"line":307,"column":16},"end":{"line":307,"column":63}},"217":{"start":{"line":307,"column":54},"end":{"line":307,"column":63}},"218":{"start":{"line":308,"column":16},"end":{"line":308,"column":73}},"219":{"start":{"line":308,"column":64},"end":{"line":308,"column":73}},"220":{"start":{"line":310,"column":32},"end":{"line":310,"column":80}},"221":{"start":{"line":311,"column":32},"end":{"line":311,"column":80}},"222":{"start":{"line":312,"column":16},"end":{"line":312,"column":52}},"223":{"start":{"line":315,"column":12},"end":{"line":315,"column":36}},"224":{"start":{"line":318,"column":8},"end":{"line":318,"column":49}},"225":{"start":{"line":320,"column":8},"end":{"line":320,"column":51}},"226":{"start":{"line":321,"column":8},"end":{"line":321,"column":42}},"227":{"start":{"line":327,"column":4},"end":{"line":341,"column":5}},"228":{"start":{"line":328,"column":25},"end":{"line":328,"column":50}},"229":{"start":{"line":329,"column":8},"end":{"line":331,"column":9}},"230":{"start":{"line":330,"column":12},"end":{"line":330,"column":53}},"231":{"start":{"line":332,"column":24},"end":{"line":332,"column":82}},"232":{"start":{"line":333,"column":8},"end":{"line":335,"column":9}},"233":{"start":{"line":334,"column":12},"end":{"line":334,"column":22}},"234":{"start":{"line":336,"column":25},"end":{"line":336,"column":44}},"235":{"start":{"line":337,"column":8},"end":{"line":337,"column":24}},"236":{"start":{"line":339,"column":8},"end":{"line":339,"column":49}},"237":{"start":{"line":340,"column":8},"end":{"line":340,"column":18}},"238":{"start":{"line":345,"column":21},"end":{"line":345,"column":46}},"239":{"start":{"line":347,"column":4},"end":{"line":349,"column":5}},"240":{"start":{"line":348,"column":8},"end":{"line":348,"column":52}},"241":{"start":{"line":350,"column":4},"end":{"line":356,"column":7}},"242":{"start":{"line":351,"column":8},"end":{"line":355,"column":9}},"243":{"start":{"line":352,"column":12},"end":{"line":352,"column":56}},"244":{"start":{"line":354,"column":12},"end":{"line":354,"column":73}},"245":{"start":{"line":359,"column":0},"end":{"line":367,"column":1}},"246":{"start":{"line":360,"column":19},"end":{"line":360,"column":38}}},"fnMap":{"0":{"name":"getEvents","decl":{"start":{"line":19,"column":15},"end":{"line":19,"column":24}},"loc":{"start":{"line":19,"column":27},"end":{"line":32,"column":1}},"line":19},"1":{"name":"(anonymous_1)","decl":{"start":{"line":24,"column":36},"end":{"line":24,"column":37}},"loc":{"start":{"line":24,"column":44},"end":{"line":27,"column":9}},"line":24},"2":{"name":"getAvailableTeams","decl":{"start":{"line":35,"column":15},"end":{"line":35,"column":32}},"loc":{"start":{"line":35,"column":44},"end":{"line":49,"column":1}},"line":35},"3":{"name":"(anonymous_3)","decl":{"start":{"line":42,"column":36},"end":{"line":42,"column":37}},"loc":{"start":{"line":42,"column":41},"end":{"line":42,"column":74}},"line":42},"4":{"name":"(anonymous_4)","decl":{"start":{"line":42,"column":83},"end":{"line":42,"column":84}},"loc":{"start":{"line":42,"column":88},"end":{"line":42,"column":89}},"line":42},"5":{"name":"getAllData","decl":{"start":{"line":53,"column":15},"end":{"line":53,"column":25}},"loc":{"start":{"line":53,"column":49},"end":{"line":323,"column":1}},"line":53},"6":{"name":"(anonymous_6)","decl":{"start":{"line":64,"column":68},"end":{"line":64,"column":69}},"loc":{"start":{"line":64,"column":73},"end":{"line":64,"column":88}},"line":64},"7":{"name":"assembleRow","decl":{"start":{"line":219,"column":17},"end":{"line":219,"column":28}},"loc":{"start":{"line":219,"column":145},"end":{"line":273,"column":9}},"line":219},"8":{"name":"(anonymous_8)","decl":{"start":{"line":249,"column":55},"end":{"line":249,"column":56}},"loc":{"start":{"line":249,"column":65},"end":{"line":249,"column":70}},"line":249},"9":{"name":"(anonymous_9)","decl":{"start":{"line":260,"column":74},"end":{"line":260,"column":75}},"loc":{"start":{"line":260,"column":81},"end":{"line":267,"column":17}},"line":260},"10":{"name":"readJSONFile","decl":{"start":{"line":326,"column":15},"end":{"line":326,"column":27}},"loc":{"start":{"line":326,"column":38},"end":{"line":342,"column":1}},"line":326},"11":{"name":"writeJSONFile","decl":{"start":{"line":344,"column":15},"end":{"line":344,"column":28}},"loc":{"start":{"line":344,"column":45},"end":{"line":357,"column":1}},"line":344},"12":{"name":"(anonymous_12)","decl":{"start":{"line":350,"column":66},"end":{"line":350,"column":67}},"loc":{"start":{"line":350,"column":75},"end":{"line":356,"column":5}},"line":350},"13":{"name":"(anonymous_13)","decl":{"start":{"line":360,"column":13},"end":{"line":360,"column":14}},"loc":{"start":{"line":360,"column":19},"end":{"line":360,"column":38}},"line":360}},"branchMap":{"0":{"loc":{"start":{"line":53,"column":37},"end":{"line":53,"column":47}},"type":"default-arg","locations":[{"start":{"line":53,"column":46},"end":{"line":53,"column":47}}],"line":53},"1":{"loc":{"start":{"line":57,"column":8},"end":{"line":59,"column":9}},"type":"if","locations":[{"start":{"line":57,"column":8},"end":{"line":59,"column":9}},{"start":{},"end":{}}],"line":57},"2":{"loc":{"start":{"line":71,"column":25},"end":{"line":71,"column":45}},"type":"binary-expr","locations":[{"start":{"line":71,"column":25},"end":{"line":71,"column":33}},{"start":{"line":71,"column":37},"end":{"line":71,"column":45}}],"line":71},"3":{"loc":{"start":{"line":72,"column":26},"end":{"line":72,"column":48}},"type":"binary-expr","locations":[{"start":{"line":72,"column":26},"end":{"line":72,"column":35}},{"start":{"line":72,"column":39},"end":{"line":72,"column":48}}],"line":72},"4":{"loc":{"start":{"line":73,"column":28},"end":{"line":73,"column":62}},"type":"binary-expr","locations":[{"start":{"line":73,"column":28},"end":{"line":73,"column":43}},{"start":{"line":73,"column":47},"end":{"line":73,"column":62}}],"line":73},"5":{"loc":{"start":{"line":74,"column":12},"end":{"line":74,"column":42}},"type":"if","locations":[{"start":{"line":74,"column":12},"end":{"line":74,"column":42}},{"start":{},"end":{}}],"line":74},"6":{"loc":{"start":{"line":74,"column":16},"end":{"line":74,"column":31}},"type":"binary-expr","locations":[{"start":{"line":74,"column":16},"end":{"line":74,"column":21}},{"start":{"line":74,"column":25},"end":{"line":74,"column":31}}],"line":74},"7":{"loc":{"start":{"line":76,"column":12},"end":{"line":80,"column":13}},"type":"if","locations":[{"start":{"line":76,"column":12},"end":{"line":80,"column":13}},{"start":{},"end":{}}],"line":76},"8":{"loc":{"start":{"line":77,"column":16},"end":{"line":77,"column":71}},"type":"if","locations":[{"start":{"line":77,"column":16},"end":{"line":77,"column":71}},{"start":{},"end":{}}],"line":77},"9":{"loc":{"start":{"line":78,"column":30},"end":{"line":78,"column":61}},"type":"binary-expr","locations":[{"start":{"line":78,"column":30},"end":{"line":78,"column":36}},{"start":{"line":78,"column":40},"end":{"line":78,"column":46}},{"start":{"line":78,"column":50},"end":{"line":78,"column":56}},{"start":{"line":78,"column":60},"end":{"line":78,"column":61}}],"line":78},"10":{"loc":{"start":{"line":102,"column":25},"end":{"line":102,"column":45}},"type":"binary-expr","locations":[{"start":{"line":102,"column":25},"end":{"line":102,"column":33}},{"start":{"line":102,"column":37},"end":{"line":102,"column":45}}],"line":102},"11":{"loc":{"start":{"line":103,"column":26},"end":{"line":103,"column":48}},"type":"binary-expr","locations":[{"start":{"line":103,"column":26},"end":{"line":103,"column":35}},{"start":{"line":103,"column":39},"end":{"line":103,"column":48}}],"line":103},"12":{"loc":{"start":{"line":104,"column":28},"end":{"line":104,"column":62}},"type":"binary-expr","locations":[{"start":{"line":104,"column":28},"end":{"line":104,"column":43}},{"start":{"line":104,"column":47},"end":{"line":104,"column":62}}],"line":104},"13":{"loc":{"start":{"line":105,"column":12},"end":{"line":105,"column":42}},"type":"if","locations":[{"start":{"line":105,"column":12},"end":{"line":105,"column":42}},{"start":{},"end":{}}],"line":105},"14":{"loc":{"start":{"line":105,"column":16},"end":{"line":105,"column":31}},"type":"binary-expr","locations":[{"start":{"line":105,"column":16},"end":{"line":105,"column":21}},{"start":{"line":105,"column":25},"end":{"line":105,"column":31}}],"line":105},"15":{"loc":{"start":{"line":108,"column":26},"end":{"line":108,"column":57}},"type":"binary-expr","locations":[{"start":{"line":108,"column":26},"end":{"line":108,"column":32}},{"start":{"line":108,"column":36},"end":{"line":108,"column":42}},{"start":{"line":108,"column":46},"end":{"line":108,"column":52}},{"start":{"line":108,"column":56},"end":{"line":108,"column":57}}],"line":108},"16":{"loc":{"start":{"line":113,"column":12},"end":{"line":120,"column":13}},"type":"if","locations":[{"start":{"line":113,"column":12},"end":{"line":120,"column":13}},{"start":{},"end":{}}],"line":113},"17":{"loc":{"start":{"line":114,"column":51},"end":{"line":114,"column":87}},"type":"binary-expr","locations":[{"start":{"line":114,"column":51},"end":{"line":114,"column":82}},{"start":{"line":114,"column":86},"end":{"line":114,"column":87}}],"line":114},"18":{"loc":{"start":{"line":115,"column":16},"end":{"line":115,"column":93}},"type":"if","locations":[{"start":{"line":115,"column":16},"end":{"line":115,"column":93}},{"start":{},"end":{}}],"line":115},"19":{"loc":{"start":{"line":117,"column":26},"end":{"line":117,"column":97}},"type":"cond-expr","locations":[{"start":{"line":117,"column":71},"end":{"line":117,"column":85}},{"start":{"line":117,"column":88},"end":{"line":117,"column":97}}],"line":117},"20":{"loc":{"start":{"line":117,"column":27},"end":{"line":117,"column":67}},"type":"binary-expr","locations":[{"start":{"line":117,"column":27},"end":{"line":117,"column":41}},{"start":{"line":117,"column":45},"end":{"line":117,"column":67}}],"line":117},"21":{"loc":{"start":{"line":118,"column":26},"end":{"line":118,"column":42}},"type":"binary-expr","locations":[{"start":{"line":118,"column":26},"end":{"line":118,"column":34}},{"start":{"line":118,"column":38},"end":{"line":118,"column":42}}],"line":118},"22":{"loc":{"start":{"line":122,"column":12},"end":{"line":124,"column":13}},"type":"if","locations":[{"start":{"line":122,"column":12},"end":{"line":124,"column":13}},{"start":{},"end":{}}],"line":122},"23":{"loc":{"start":{"line":123,"column":16},"end":{"line":123,"column":97}},"type":"if","locations":[{"start":{"line":123,"column":16},"end":{"line":123,"column":97}},{"start":{},"end":{}}],"line":123},"24":{"loc":{"start":{"line":123,"column":80},"end":{"line":123,"column":96}},"type":"binary-expr","locations":[{"start":{"line":123,"column":80},"end":{"line":123,"column":88}},{"start":{"line":123,"column":92},"end":{"line":123,"column":96}}],"line":123},"25":{"loc":{"start":{"line":126,"column":12},"end":{"line":126,"column":63}},"type":"if","locations":[{"start":{"line":126,"column":12},"end":{"line":126,"column":63}},{"start":{},"end":{}}],"line":126},"26":{"loc":{"start":{"line":127,"column":12},"end":{"line":127,"column":81}},"type":"if","locations":[{"start":{"line":127,"column":12},"end":{"line":127,"column":81}},{"start":{},"end":{}}],"line":127},"27":{"loc":{"start":{"line":131,"column":12},"end":{"line":133,"column":13}},"type":"if","locations":[{"start":{"line":131,"column":12},"end":{"line":133,"column":13}},{"start":{},"end":{}}],"line":131},"28":{"loc":{"start":{"line":131,"column":16},"end":{"line":131,"column":93}},"type":"binary-expr","locations":[{"start":{"line":131,"column":16},"end":{"line":131,"column":32}},{"start":{"line":131,"column":36},"end":{"line":131,"column":46}},{"start":{"line":131,"column":51},"end":{"line":131,"column":92}}],"line":131},"29":{"loc":{"start":{"line":135,"column":12},"end":{"line":139,"column":13}},"type":"if","locations":[{"start":{"line":135,"column":12},"end":{"line":139,"column":13}},{"start":{},"end":{}}],"line":135},"30":{"loc":{"start":{"line":136,"column":16},"end":{"line":136,"column":91}},"type":"if","locations":[{"start":{"line":136,"column":16},"end":{"line":136,"column":91}},{"start":{},"end":{}}],"line":136},"31":{"loc":{"start":{"line":137,"column":16},"end":{"line":137,"column":137}},"type":"if","locations":[{"start":{"line":137,"column":16},"end":{"line":137,"column":137}},{"start":{},"end":{}}],"line":137},"32":{"loc":{"start":{"line":137,"column":20},"end":{"line":137,"column":71}},"type":"binary-expr","locations":[{"start":{"line":137,"column":20},"end":{"line":137,"column":43}},{"start":{"line":137,"column":47},"end":{"line":137,"column":71}}],"line":137},"33":{"loc":{"start":{"line":138,"column":16},"end":{"line":138,"column":165}},"type":"if","locations":[{"start":{"line":138,"column":16},"end":{"line":138,"column":165}},{"start":{},"end":{}}],"line":138},"34":{"loc":{"start":{"line":138,"column":20},"end":{"line":138,"column":85}},"type":"binary-expr","locations":[{"start":{"line":138,"column":20},"end":{"line":138,"column":50}},{"start":{"line":138,"column":54},"end":{"line":138,"column":85}}],"line":138},"35":{"loc":{"start":{"line":141,"column":12},"end":{"line":150,"column":13}},"type":"if","locations":[{"start":{"line":141,"column":12},"end":{"line":150,"column":13}},{"start":{},"end":{}}],"line":141},"36":{"loc":{"start":{"line":142,"column":16},"end":{"line":145,"column":17}},"type":"if","locations":[{"start":{"line":142,"column":16},"end":{"line":145,"column":17}},{"start":{},"end":{}}],"line":142},"37":{"loc":{"start":{"line":148,"column":20},"end":{"line":148,"column":128}},"type":"if","locations":[{"start":{"line":148,"column":20},"end":{"line":148,"column":128}},{"start":{},"end":{}}],"line":148},"38":{"loc":{"start":{"line":148,"column":24},"end":{"line":148,"column":76}},"type":"binary-expr","locations":[{"start":{"line":148,"column":24},"end":{"line":148,"column":34}},{"start":{"line":148,"column":38},"end":{"line":148,"column":49}},{"start":{"line":148,"column":53},"end":{"line":148,"column":76}}],"line":148},"39":{"loc":{"start":{"line":153,"column":16},"end":{"line":153,"column":79}},"type":"if","locations":[{"start":{"line":153,"column":16},"end":{"line":153,"column":79}},{"start":{},"end":{}}],"line":153},"40":{"loc":{"start":{"line":154,"column":16},"end":{"line":154,"column":63}},"type":"if","locations":[{"start":{"line":154,"column":16},"end":{"line":154,"column":63}},{"start":{},"end":{}}],"line":154},"41":{"loc":{"start":{"line":155,"column":16},"end":{"line":155,"column":63}},"type":"if","locations":[{"start":{"line":155,"column":16},"end":{"line":155,"column":63}},{"start":{},"end":{}}],"line":155},"42":{"loc":{"start":{"line":157,"column":16},"end":{"line":159,"column":17}},"type":"if","locations":[{"start":{"line":157,"column":16},"end":{"line":159,"column":17}},{"start":{},"end":{}}],"line":157},"43":{"loc":{"start":{"line":157,"column":20},"end":{"line":157,"column":57}},"type":"binary-expr","locations":[{"start":{"line":157,"column":20},"end":{"line":157,"column":43}},{"start":{"line":157,"column":47},"end":{"line":157,"column":57}}],"line":157},"44":{"loc":{"start":{"line":158,"column":60},"end":{"line":158,"column":101}},"type":"binary-expr","locations":[{"start":{"line":158,"column":60},"end":{"line":158,"column":96}},{"start":{"line":158,"column":100},"end":{"line":158,"column":101}}],"line":158},"45":{"loc":{"start":{"line":164,"column":12},"end":{"line":164,"column":56}},"type":"if","locations":[{"start":{"line":164,"column":12},"end":{"line":164,"column":56}},{"start":{},"end":{}}],"line":164},"46":{"loc":{"start":{"line":167,"column":35},"end":{"line":167,"column":146}},"type":"binary-expr","locations":[{"start":{"line":167,"column":35},"end":{"line":167,"column":56}},{"start":{"line":167,"column":60},"end":{"line":167,"column":104}},{"start":{"line":167,"column":108},"end":{"line":167,"column":146}}],"line":167},"47":{"loc":{"start":{"line":168,"column":12},"end":{"line":168,"column":41}},"type":"if","locations":[{"start":{"line":168,"column":12},"end":{"line":168,"column":41}},{"start":{},"end":{}}],"line":168},"48":{"loc":{"start":{"line":170,"column":12},"end":{"line":177,"column":13}},"type":"if","locations":[{"start":{"line":170,"column":12},"end":{"line":177,"column":13}},{"start":{},"end":{}}],"line":170},"49":{"loc":{"start":{"line":171,"column":51},"end":{"line":171,"column":87}},"type":"binary-expr","locations":[{"start":{"line":171,"column":51},"end":{"line":171,"column":82}},{"start":{"line":171,"column":86},"end":{"line":171,"column":87}}],"line":171},"50":{"loc":{"start":{"line":172,"column":16},"end":{"line":172,"column":93}},"type":"if","locations":[{"start":{"line":172,"column":16},"end":{"line":172,"column":93}},{"start":{},"end":{}}],"line":172},"51":{"loc":{"start":{"line":174,"column":26},"end":{"line":174,"column":97}},"type":"cond-expr","locations":[{"start":{"line":174,"column":71},"end":{"line":174,"column":85}},{"start":{"line":174,"column":88},"end":{"line":174,"column":97}}],"line":174},"52":{"loc":{"start":{"line":174,"column":27},"end":{"line":174,"column":67}},"type":"binary-expr","locations":[{"start":{"line":174,"column":27},"end":{"line":174,"column":41}},{"start":{"line":174,"column":45},"end":{"line":174,"column":67}}],"line":174},"53":{"loc":{"start":{"line":175,"column":26},"end":{"line":175,"column":42}},"type":"binary-expr","locations":[{"start":{"line":175,"column":26},"end":{"line":175,"column":34}},{"start":{"line":175,"column":38},"end":{"line":175,"column":42}}],"line":175},"54":{"loc":{"start":{"line":179,"column":12},"end":{"line":181,"column":13}},"type":"if","locations":[{"start":{"line":179,"column":12},"end":{"line":181,"column":13}},{"start":{},"end":{}}],"line":179},"55":{"loc":{"start":{"line":180,"column":16},"end":{"line":180,"column":97}},"type":"if","locations":[{"start":{"line":180,"column":16},"end":{"line":180,"column":97}},{"start":{},"end":{}}],"line":180},"56":{"loc":{"start":{"line":180,"column":80},"end":{"line":180,"column":96}},"type":"binary-expr","locations":[{"start":{"line":180,"column":80},"end":{"line":180,"column":88}},{"start":{"line":180,"column":92},"end":{"line":180,"column":96}}],"line":180},"57":{"loc":{"start":{"line":183,"column":12},"end":{"line":183,"column":63}},"type":"if","locations":[{"start":{"line":183,"column":12},"end":{"line":183,"column":63}},{"start":{},"end":{}}],"line":183},"58":{"loc":{"start":{"line":184,"column":12},"end":{"line":184,"column":81}},"type":"if","locations":[{"start":{"line":184,"column":12},"end":{"line":184,"column":81}},{"start":{},"end":{}}],"line":184},"59":{"loc":{"start":{"line":188,"column":12},"end":{"line":190,"column":13}},"type":"if","locations":[{"start":{"line":188,"column":12},"end":{"line":190,"column":13}},{"start":{},"end":{}}],"line":188},"60":{"loc":{"start":{"line":188,"column":16},"end":{"line":188,"column":91}},"type":"binary-expr","locations":[{"start":{"line":188,"column":16},"end":{"line":188,"column":32}},{"start":{"line":188,"column":36},"end":{"line":188,"column":45}},{"start":{"line":188,"column":50},"end":{"line":188,"column":90}}],"line":188},"61":{"loc":{"start":{"line":192,"column":12},"end":{"line":205,"column":13}},"type":"if","locations":[{"start":{"line":192,"column":12},"end":{"line":205,"column":13}},{"start":{},"end":{}}],"line":192},"62":{"loc":{"start":{"line":193,"column":16},"end":{"line":193,"column":91}},"type":"if","locations":[{"start":{"line":193,"column":16},"end":{"line":193,"column":91}},{"start":{},"end":{}}],"line":193},"63":{"loc":{"start":{"line":194,"column":16},"end":{"line":194,"column":137}},"type":"if","locations":[{"start":{"line":194,"column":16},"end":{"line":194,"column":137}},{"start":{},"end":{}}],"line":194},"64":{"loc":{"start":{"line":194,"column":20},"end":{"line":194,"column":71}},"type":"binary-expr","locations":[{"start":{"line":194,"column":20},"end":{"line":194,"column":43}},{"start":{"line":194,"column":47},"end":{"line":194,"column":71}}],"line":194},"65":{"loc":{"start":{"line":195,"column":16},"end":{"line":195,"column":165}},"type":"if","locations":[{"start":{"line":195,"column":16},"end":{"line":195,"column":165}},{"start":{},"end":{}}],"line":195},"66":{"loc":{"start":{"line":195,"column":20},"end":{"line":195,"column":85}},"type":"binary-expr","locations":[{"start":{"line":195,"column":20},"end":{"line":195,"column":50}},{"start":{"line":195,"column":54},"end":{"line":195,"column":85}}],"line":195},"67":{"loc":{"start":{"line":197,"column":16},"end":{"line":200,"column":17}},"type":"if","locations":[{"start":{"line":197,"column":16},"end":{"line":200,"column":17}},{"start":{},"end":{}}],"line":197},"68":{"loc":{"start":{"line":203,"column":20},"end":{"line":203,"column":127}},"type":"if","locations":[{"start":{"line":203,"column":20},"end":{"line":203,"column":127}},{"start":{},"end":{}}],"line":203},"69":{"loc":{"start":{"line":203,"column":24},"end":{"line":203,"column":76}},"type":"binary-expr","locations":[{"start":{"line":203,"column":24},"end":{"line":203,"column":34}},{"start":{"line":203,"column":38},"end":{"line":203,"column":49}},{"start":{"line":203,"column":53},"end":{"line":203,"column":76}}],"line":203},"70":{"loc":{"start":{"line":208,"column":16},"end":{"line":208,"column":79}},"type":"if","locations":[{"start":{"line":208,"column":16},"end":{"line":208,"column":79}},{"start":{},"end":{}}],"line":208},"71":{"loc":{"start":{"line":209,"column":16},"end":{"line":209,"column":63}},"type":"if","locations":[{"start":{"line":209,"column":16},"end":{"line":209,"column":63}},{"start":{},"end":{}}],"line":209},"72":{"loc":{"start":{"line":210,"column":16},"end":{"line":210,"column":63}},"type":"if","locations":[{"start":{"line":210,"column":16},"end":{"line":210,"column":63}},{"start":{},"end":{}}],"line":210},"73":{"loc":{"start":{"line":212,"column":16},"end":{"line":214,"column":17}},"type":"if","locations":[{"start":{"line":212,"column":16},"end":{"line":214,"column":17}},{"start":{},"end":{}}],"line":212},"74":{"loc":{"start":{"line":212,"column":20},"end":{"line":212,"column":57}},"type":"binary-expr","locations":[{"start":{"line":212,"column":20},"end":{"line":212,"column":43}},{"start":{"line":212,"column":47},"end":{"line":212,"column":57}}],"line":212},"75":{"loc":{"start":{"line":213,"column":60},"end":{"line":213,"column":101}},"type":"binary-expr","locations":[{"start":{"line":213,"column":60},"end":{"line":213,"column":96}},{"start":{"line":213,"column":100},"end":{"line":213,"column":101}}],"line":213},"76":{"loc":{"start":{"line":224,"column":46},"end":{"line":224,"column":61}},"type":"binary-expr","locations":[{"start":{"line":224,"column":46},"end":{"line":224,"column":55}},{"start":{"line":224,"column":59},"end":{"line":224,"column":61}}],"line":224},"77":{"loc":{"start":{"line":226,"column":20},"end":{"line":226,"column":62}},"type":"if","locations":[{"start":{"line":226,"column":20},"end":{"line":226,"column":62}},{"start":{},"end":{}}],"line":226},"78":{"loc":{"start":{"line":231,"column":12},"end":{"line":235,"column":13}},"type":"if","locations":[{"start":{"line":231,"column":12},"end":{"line":235,"column":13}},{"start":{},"end":{}}],"line":231},"79":{"loc":{"start":{"line":240,"column":12},"end":{"line":243,"column":13}},"type":"if","locations":[{"start":{"line":240,"column":12},"end":{"line":243,"column":13}},{"start":{},"end":{}}],"line":240},"80":{"loc":{"start":{"line":241,"column":16},"end":{"line":241,"column":128}},"type":"if","locations":[{"start":{"line":241,"column":16},"end":{"line":241,"column":128}},{"start":{},"end":{}}],"line":241},"81":{"loc":{"start":{"line":242,"column":16},"end":{"line":242,"column":149}},"type":"if","locations":[{"start":{"line":242,"column":16},"end":{"line":242,"column":149}},{"start":{},"end":{}}],"line":242},"82":{"loc":{"start":{"line":245,"column":12},"end":{"line":254,"column":13}},"type":"if","locations":[{"start":{"line":245,"column":12},"end":{"line":254,"column":13}},{"start":{},"end":{}}],"line":245},"83":{"loc":{"start":{"line":248,"column":20},"end":{"line":252,"column":21}},"type":"if","locations":[{"start":{"line":248,"column":20},"end":{"line":252,"column":21}},{"start":{"line":250,"column":27},"end":{"line":252,"column":21}}],"line":248},"84":{"loc":{"start":{"line":248,"column":24},"end":{"line":248,"column":51}},"type":"binary-expr","locations":[{"start":{"line":248,"column":24},"end":{"line":248,"column":30}},{"start":{"line":248,"column":34},"end":{"line":248,"column":51}}],"line":248},"85":{"loc":{"start":{"line":256,"column":41},"end":{"line":256,"column":67}},"type":"binary-expr","locations":[{"start":{"line":256,"column":41},"end":{"line":256,"column":62}},{"start":{"line":256,"column":66},"end":{"line":256,"column":67}}],"line":256},"86":{"loc":{"start":{"line":258,"column":12},"end":{"line":270,"column":13}},"type":"if","locations":[{"start":{"line":258,"column":12},"end":{"line":270,"column":13}},{"start":{"line":268,"column":19},"end":{"line":270,"column":13}}],"line":258},"87":{"loc":{"start":{"line":258,"column":16},"end":{"line":258,"column":75}},"type":"binary-expr","locations":[{"start":{"line":258,"column":16},"end":{"line":258,"column":38}},{"start":{"line":258,"column":42},"end":{"line":258,"column":75}}],"line":258},"88":{"loc":{"start":{"line":259,"column":36},"end":{"line":259,"column":100}},"type":"cond-expr","locations":[{"start":{"line":259,"column":56},"end":{"line":259,"column":93}},{"start":{"line":259,"column":96},"end":{"line":259,"column":100}}],"line":259},"89":{"loc":{"start":{"line":262,"column":20},"end":{"line":265,"column":21}},"type":"if","locations":[{"start":{"line":262,"column":20},"end":{"line":265,"column":21}},{"start":{},"end":{}}],"line":262},"90":{"loc":{"start":{"line":262,"column":24},"end":{"line":262,"column":47}},"type":"binary-expr","locations":[{"start":{"line":262,"column":24},"end":{"line":262,"column":32}},{"start":{"line":262,"column":36},"end":{"line":262,"column":47}}],"line":262},"91":{"loc":{"start":{"line":293,"column":25},"end":{"line":293,"column":44}},"type":"binary-expr","locations":[{"start":{"line":293,"column":25},"end":{"line":293,"column":38}},{"start":{"line":293,"column":42},"end":{"line":293,"column":44}}],"line":293},"92":{"loc":{"start":{"line":295,"column":12},"end":{"line":295,"column":32}},"type":"if","locations":[{"start":{"line":295,"column":12},"end":{"line":295,"column":32}},{"start":{},"end":{}}],"line":295},"93":{"loc":{"start":{"line":300,"column":16},"end":{"line":300,"column":75}},"type":"if","locations":[{"start":{"line":300,"column":16},"end":{"line":300,"column":75}},{"start":{},"end":{}}],"line":300},"94":{"loc":{"start":{"line":306,"column":16},"end":{"line":306,"column":59}},"type":"if","locations":[{"start":{"line":306,"column":16},"end":{"line":306,"column":59}},{"start":{},"end":{}}],"line":306},"95":{"loc":{"start":{"line":307,"column":16},"end":{"line":307,"column":63}},"type":"if","locations":[{"start":{"line":307,"column":16},"end":{"line":307,"column":63}},{"start":{},"end":{}}],"line":307},"96":{"loc":{"start":{"line":308,"column":16},"end":{"line":308,"column":73}},"type":"if","locations":[{"start":{"line":308,"column":16},"end":{"line":308,"column":73}},{"start":{},"end":{}}],"line":308},"97":{"loc":{"start":{"line":310,"column":32},"end":{"line":310,"column":80}},"type":"cond-expr","locations":[{"start":{"line":310,"column":61},"end":{"line":310,"column":73}},{"start":{"line":310,"column":76},"end":{"line":310,"column":80}}],"line":310},"98":{"loc":{"start":{"line":311,"column":32},"end":{"line":311,"column":80}},"type":"cond-expr","locations":[{"start":{"line":311,"column":61},"end":{"line":311,"column":73}},{"start":{"line":311,"column":76},"end":{"line":311,"column":80}}],"line":311},"99":{"loc":{"start":{"line":329,"column":8},"end":{"line":331,"column":9}},"type":"if","locations":[{"start":{"line":329,"column":8},"end":{"line":331,"column":9}},{"start":{},"end":{}}],"line":329},"100":{"loc":{"start":{"line":333,"column":8},"end":{"line":335,"column":9}},"type":"if","locations":[{"start":{"line":333,"column":8},"end":{"line":335,"column":9}},{"start":{},"end":{}}],"line":333},"101":{"loc":{"start":{"line":333,"column":12},"end":{"line":333,"column":39}},"type":"binary-expr","locations":[{"start":{"line":333,"column":12},"end":{"line":333,"column":20}},{"start":{"line":333,"column":24},"end":{"line":333,"column":39}}],"line":333},"102":{"loc":{"start":{"line":347,"column":4},"end":{"line":349,"column":5}},"type":"if","locations":[{"start":{"line":347,"column":4},"end":{"line":349,"column":5}},{"start":{},"end":{}}],"line":347},"103":{"loc":{"start":{"line":351,"column":8},"end":{"line":355,"column":9}},"type":"if","locations":[{"start":{"line":351,"column":8},"end":{"line":355,"column":9}},{"start":{"line":353,"column":15},"end":{"line":355,"column":9}}],"line":351}},"s":{"0":1,"1":1,"2":1,"3":1,"4":1,"5":2,"6":2,"7":1,"8":1,"9":2,"10":1,"11":1,"12":2,"13":2,"14":1,"15":1,"16":1,"17":4,"18":4,"19":1,"20":1,"21":1,"22":1,"23":2,"24":2,"25":1,"26":1,"27":0,"28":1,"29":1,"30":1,"31":1,"32":6,"33":1,"34":1,"35":1,"36":1,"37":4,"38":4,"39":4,"40":4,"41":0,"42":4,"43":4,"44":1,"45":1,"46":1,"47":1,"48":1,"49":1,"50":1,"51":1,"52":1,"53":1,"54":1,"55":1,"56":1,"57":1,"58":1,"59":1,"60":1,"61":1,"62":1,"63":4,"64":4,"65":4,"66":4,"67":0,"68":4,"69":4,"70":4,"71":1,"72":1,"73":1,"74":1,"75":4,"76":1,"77":1,"78":4,"79":1,"80":4,"81":1,"82":4,"83":4,"84":4,"85":4,"86":4,"87":1,"88":1,"89":1,"90":1,"91":1,"92":1,"93":4,"94":1,"95":1,"96":1,"97":6,"98":1,"99":6,"100":6,"101":1,"102":4,"103":34,"104":1,"105":33,"106":24,"107":9,"108":4,"109":5,"110":5,"111":4,"112":4,"113":1,"114":3,"115":3,"116":1,"117":2,"118":0,"119":0,"120":0,"121":0,"122":2,"123":1,"124":1,"125":2,"126":1,"127":2,"128":1,"129":2,"130":2,"131":2,"132":2,"133":2,"134":1,"135":1,"136":1,"137":1,"138":1,"139":1,"140":1,"141":1,"142":1,"143":6,"144":1,"145":6,"146":6,"147":0,"148":2,"149":18,"150":0,"151":18,"152":12,"153":6,"154":4,"155":2,"156":2,"157":2,"158":2,"159":2,"160":2,"161":2,"162":2,"163":2,"164":2,"165":2,"166":2,"167":2,"168":2,"169":2,"170":2,"171":2,"172":2,"173":2,"174":2,"175":2,"176":2,"177":2,"178":2,"179":12,"180":12,"181":1,"182":1,"183":11,"184":2,"185":2,"186":1,"187":1,"188":1,"189":1,"190":1,"191":1,"192":1,"193":1,"194":2,"195":1,"196":1,"197":1,"198":1,"199":1,"200":1,"201":1,"202":1,"203":1,"204":1,"205":1,"206":1,"207":0,"208":1,"209":1,"210":16,"211":6,"212":1,"213":1,"214":17,"215":6,"216":11,"217":0,"218":11,"219":0,"220":11,"221":11,"222":11,"223":1,"224":1,"225":1,"226":1,"227":3,"228":3,"229":3,"230":1,"231":3,"232":3,"233":0,"234":3,"235":2,"236":1,"237":1,"238":1,"239":1,"240":1,"241":1,"242":0,"243":0,"244":0,"245":1,"246":0},"f":{"0":2,"1":2,"2":2,"3":4,"4":4,"5":2,"6":6,"7":2,"8":1,"9":1,"10":3,"11":1,"12":0,"13":0},"b":{"0":[0],"1":[0,1],"2":[4,0],"3":[4,0],"4":[4,0],"5":[0,4],"6":[4,4],"7":[1,3],"8":[1,0],"9":[1,0,0,0],"10":[4,0],"11":[4,0],"12":[4,0],"13":[0,4],"14":[4,4],"15":[4,0,0,0],"16":[1,3],"17":[1,1],"18":[1,0],"19":[1,0],"20":[1,1],"21":[1,0],"22":[1,3],"23":[1,0],"24":[1,0],"25":[1,3],"26":[1,3],"27":[4,0],"28":[4,3,2],"29":[1,3],"30":[1,0],"31":[1,0],"32":[1,1],"33":[1,0],"34":[1,1],"35":[1,3],"36":[1,0],"37":[1,5],"38":[6,6,1],"39":[1,33],"40":[24,9],"41":[4,5],"42":[4,1],"43":[5,4],"44":[4,1],"45":[1,3],"46":[3,3,3],"47":[1,2],"48":[0,2],"49":[0,0],"50":[0,0],"51":[0,0],"52":[0,0],"53":[0,0],"54":[1,1],"55":[1,0],"56":[1,0],"57":[1,1],"58":[1,1],"59":[2,0],"60":[2,1,0],"61":[1,1],"62":[1,0],"63":[1,0],"64":[1,1],"65":[1,0],"66":[1,1],"67":[1,0],"68":[0,6],"69":[6,6,0],"70":[0,18],"71":[12,6],"72":[4,2],"73":[2,0],"74":[2,2],"75":[2,1],"76":[2,0],"77":[2,0],"78":[2,0],"79":[2,0],"80":[2,0],"81":[2,0],"82":[2,0],"83":[1,11],"84":[12,12],"85":[2,1],"86":[1,1],"87":[2,1],"88":[1,0],"89":[1,0],"90":[1,1],"91":[1,0],"92":[0,1],"93":[6,10],"94":[6,11],"95":[0,11],"96":[0,11],"97":[11,0],"98":[11,0],"99":[1,2],"100":[0,3],"101":[3,3],"102":[1,0],"103":[0,0]},"_coverageSchema":"1a1c01bbd47fc00a2c39e90264f33305004495a9","hash":"65ee7f0f3b9d425feff659d33b5c324da283e344"}
,"/Users/hugeajtheboss/Documents/190-Scouting-Website/backend/externalApi.js": {"path":"/Users/hugeajtheboss/Documents/190-Scouting-Website/backend/externalApi.js","statementMap":{"0":{"start":{"line":1,"column":0},"end":{"line":1,"column":98}},"1":{"start":{"line":2,"column":20},"end":{"line":2,"column":45}},"2":{"start":{"line":12,"column":2},"end":{"line":12,"column":68}},"3":{"start":{"line":24,"column":19},"end":{"line":26,"column":3}},"4":{"start":{"line":27,"column":2},"end":{"line":27,"column":63}},"5":{"start":{"line":27,"column":20},"end":{"line":27,"column":63}},"6":{"start":{"line":28,"column":2},"end":{"line":28,"column":18}},"7":{"start":{"line":38,"column":19},"end":{"line":40,"column":3}},"8":{"start":{"line":41,"column":2},"end":{"line":41,"column":63}},"9":{"start":{"line":41,"column":20},"end":{"line":41,"column":63}},"10":{"start":{"line":42,"column":2},"end":{"line":42,"column":18}},"11":{"start":{"line":52,"column":19},"end":{"line":54,"column":3}},"12":{"start":{"line":55,"column":2},"end":{"line":55,"column":63}},"13":{"start":{"line":55,"column":20},"end":{"line":55,"column":63}},"14":{"start":{"line":56,"column":2},"end":{"line":56,"column":18}},"15":{"start":{"line":66,"column":19},"end":{"line":68,"column":3}},"16":{"start":{"line":69,"column":2},"end":{"line":69,"column":63}},"17":{"start":{"line":69,"column":20},"end":{"line":69,"column":63}},"18":{"start":{"line":70,"column":2},"end":{"line":70,"column":18}},"19":{"start":{"line":80,"column":19},"end":{"line":82,"column":3}},"20":{"start":{"line":83,"column":2},"end":{"line":83,"column":63}},"21":{"start":{"line":83,"column":20},"end":{"line":83,"column":63}},"22":{"start":{"line":84,"column":2},"end":{"line":84,"column":18}},"23":{"start":{"line":94,"column":19},"end":{"line":96,"column":3}},"24":{"start":{"line":97,"column":2},"end":{"line":97,"column":63}},"25":{"start":{"line":97,"column":20},"end":{"line":97,"column":63}},"26":{"start":{"line":98,"column":2},"end":{"line":98,"column":18}},"27":{"start":{"line":108,"column":19},"end":{"line":110,"column":3}},"28":{"start":{"line":111,"column":2},"end":{"line":111,"column":63}},"29":{"start":{"line":111,"column":20},"end":{"line":111,"column":63}},"30":{"start":{"line":112,"column":2},"end":{"line":112,"column":18}},"31":{"start":{"line":115,"column":0},"end":{"line":123,"column":2}}},"fnMap":{"0":{"name":"tbaFetch","decl":{"start":{"line":11,"column":15},"end":{"line":11,"column":23}},"loc":{"start":{"line":11,"column":29},"end":{"line":13,"column":1}},"line":11},"1":{"name":"fetchEventDetails","decl":{"start":{"line":23,"column":15},"end":{"line":23,"column":32}},"loc":{"start":{"line":23,"column":44},"end":{"line":29,"column":1}},"line":23},"2":{"name":"fetchTeams","decl":{"start":{"line":37,"column":15},"end":{"line":37,"column":25}},"loc":{"start":{"line":37,"column":37},"end":{"line":43,"column":1}},"line":37},"3":{"name":"fetchTeamStatuses","decl":{"start":{"line":51,"column":15},"end":{"line":51,"column":32}},"loc":{"start":{"line":51,"column":44},"end":{"line":57,"column":1}},"line":51},"4":{"name":"fetchMatchAlliances","decl":{"start":{"line":65,"column":15},"end":{"line":65,"column":34}},"loc":{"start":{"line":65,"column":46},"end":{"line":71,"column":1}},"line":65},"5":{"name":"fetchOPR","decl":{"start":{"line":79,"column":15},"end":{"line":79,"column":23}},"loc":{"start":{"line":79,"column":35},"end":{"line":85,"column":1}},"line":79},"6":{"name":"fetchAlliances","decl":{"start":{"line":93,"column":15},"end":{"line":93,"column":29}},"loc":{"start":{"line":93,"column":41},"end":{"line":99,"column":1}},"line":93},"7":{"name":"fetchEventEpas","decl":{"start":{"line":107,"column":15},"end":{"line":107,"column":29}},"loc":{"start":{"line":107,"column":41},"end":{"line":113,"column":1}},"line":107}},"branchMap":{"0":{"loc":{"start":{"line":27,"column":2},"end":{"line":27,"column":63}},"type":"if","locations":[{"start":{"line":27,"column":2},"end":{"line":27,"column":63}},{"start":{},"end":{}}],"line":27},"1":{"loc":{"start":{"line":41,"column":2},"end":{"line":41,"column":63}},"type":"if","locations":[{"start":{"line":41,"column":2},"end":{"line":41,"column":63}},{"start":{},"end":{}}],"line":41},"2":{"loc":{"start":{"line":55,"column":2},"end":{"line":55,"column":63}},"type":"if","locations":[{"start":{"line":55,"column":2},"end":{"line":55,"column":63}},{"start":{},"end":{}}],"line":55},"3":{"loc":{"start":{"line":69,"column":2},"end":{"line":69,"column":63}},"type":"if","locations":[{"start":{"line":69,"column":2},"end":{"line":69,"column":63}},{"start":{},"end":{}}],"line":69},"4":{"loc":{"start":{"line":83,"column":2},"end":{"line":83,"column":63}},"type":"if","locations":[{"start":{"line":83,"column":2},"end":{"line":83,"column":63}},{"start":{},"end":{}}],"line":83},"5":{"loc":{"start":{"line":97,"column":2},"end":{"line":97,"column":63}},"type":"if","locations":[{"start":{"line":97,"column":2},"end":{"line":97,"column":63}},{"start":{},"end":{}}],"line":97},"6":{"loc":{"start":{"line":111,"column":2},"end":{"line":111,"column":63}},"type":"if","locations":[{"start":{"line":111,"column":2},"end":{"line":111,"column":63}},{"start":{},"end":{}}],"line":111}},"s":{"0":1,"1":1,"2":12,"3":2,"4":2,"5":1,"6":1,"7":2,"8":2,"9":1,"10":1,"11":2,"12":2,"13":1,"14":1,"15":2,"16":2,"17":1,"18":1,"19":2,"20":2,"21":1,"22":1,"23":2,"24":2,"25":1,"26":1,"27":2,"28":2,"29":1,"30":1,"31":1},"f":{"0":12,"1":2,"2":2,"3":2,"4":2,"5":2,"6":2,"7":2},"b":{"0":[1,1],"1":[1,1],"2":[1,1],"3":[1,1],"4":[1,1],"5":[1,1],"6":[1,1]},"_coverageSchema":"1a1c01bbd47fc00a2c39e90264f33305004495a9","hash":"fe0a78476375a03a008660b538140c1a772723ad"}
,"/Users/hugeajtheboss/Documents/190-Scouting-Website/backend/index.js": {"path":"/Users/hugeajtheboss/Documents/190-Scouting-Website/backend/index.js","statementMap":{"0":{"start":{"line":11,"column":16},"end":{"line":11,"column":34}},"1":{"start":{"line":12,"column":13},"end":{"line":12,"column":28}},"2":{"start":{"line":13,"column":17},"end":{"line":13,"column":41}},"3":{"start":{"line":14,"column":20},"end":{"line":14,"column":47}},"4":{"start":{"line":15,"column":16},"end":{"line":15,"column":42}},"5":{"start":{"line":16,"column":13},"end":{"line":16,"column":28}},"6":{"start":{"line":17,"column":0},"end":{"line":17,"column":87}},"7":{"start":{"line":19,"column":12},"end":{"line":19,"column":21}},"8":{"start":{"line":26,"column":26},"end":{"line":30,"column":1}},"9":{"start":{"line":27,"column":22},"end":{"line":27,"column":60}},"10":{"start":{"line":28,"column":4},"end":{"line":28,"column":47}},"11":{"start":{"line":28,"column":20},"end":{"line":28,"column":47}},"12":{"start":{"line":29,"column":4},"end":{"line":29,"column":11}},"13":{"start":{"line":36,"column":15},"end":{"line":36,"column":52}},"14":{"start":{"line":37,"column":4},"end":{"line":37,"column":33}},"15":{"start":{"line":44,"column":15},"end":{"line":44,"column":52}},"16":{"start":{"line":45,"column":4},"end":{"line":49,"column":5}},"17":{"start":{"line":46,"column":8},"end":{"line":46,"column":29}},"18":{"start":{"line":47,"column":8},"end":{"line":47,"column":53}},"19":{"start":{"line":48,"column":8},"end":{"line":48,"column":74}},"20":{"start":{"line":50,"column":4},"end":{"line":50,"column":16}},"21":{"start":{"line":57,"column":36},"end":{"line":57,"column":44}},"22":{"start":{"line":59,"column":4},"end":{"line":63,"column":5}},"23":{"start":{"line":60,"column":8},"end":{"line":60,"column":65}},"24":{"start":{"line":61,"column":8},"end":{"line":61,"column":50}},"25":{"start":{"line":62,"column":8},"end":{"line":62,"column":35}},"26":{"start":{"line":65,"column":19},"end":{"line":65,"column":63}},"27":{"start":{"line":66,"column":4},"end":{"line":66,"column":27}},"28":{"start":{"line":68,"column":4},"end":{"line":73,"column":5}},"29":{"start":{"line":69,"column":25},"end":{"line":69,"column":66}},"30":{"start":{"line":70,"column":8},"end":{"line":70,"column":51}},"31":{"start":{"line":72,"column":8},"end":{"line":72,"column":46}},"32":{"start":{"line":75,"column":4},"end":{"line":75,"column":47}},"33":{"start":{"line":76,"column":4},"end":{"line":76,"column":24}},"34":{"start":{"line":79,"column":26},"end":{"line":79,"column":63}},"35":{"start":{"line":80,"column":27},"end":{"line":80,"column":65}},"36":{"start":{"line":81,"column":21},"end":{"line":81,"column":50}},"37":{"start":{"line":82,"column":15},"end":{"line":82,"column":81}},"38":{"start":{"line":84,"column":16},"end":{"line":84,"column":18}},"39":{"start":{"line":87,"column":0},"end":{"line":87,"column":24}},"40":{"start":{"line":89,"column":0},"end":{"line":98,"column":2}},"41":{"start":{"line":100,"column":0},"end":{"line":108,"column":4}},"42":{"start":{"line":110,"column":0},"end":{"line":112,"column":3}},"43":{"start":{"line":111,"column":4},"end":{"line":111,"column":32}},"44":{"start":{"line":114,"column":0},"end":{"line":116,"column":3}},"45":{"start":{"line":115,"column":4},"end":{"line":115,"column":33}},"46":{"start":{"line":118,"column":0},"end":{"line":127,"column":3}},"47":{"start":{"line":119,"column":4},"end":{"line":126,"column":5}},"48":{"start":{"line":120,"column":23},"end":{"line":120,"column":49}},"49":{"start":{"line":121,"column":8},"end":{"line":121,"column":71}},"50":{"start":{"line":122,"column":8},"end":{"line":122,"column":25}},"51":{"start":{"line":124,"column":8},"end":{"line":124,"column":29}},"52":{"start":{"line":125,"column":8},"end":{"line":125,"column":66}},"53":{"start":{"line":129,"column":0},"end":{"line":133,"column":3}},"54":{"start":{"line":130,"column":22},"end":{"line":130,"column":41}},"55":{"start":{"line":131,"column":17},"end":{"line":131,"column":60}},"56":{"start":{"line":132,"column":4},"end":{"line":132,"column":21}},"57":{"start":{"line":135,"column":0},"end":{"line":155,"column":3}},"58":{"start":{"line":136,"column":22},"end":{"line":136,"column":41}},"59":{"start":{"line":138,"column":22},"end":{"line":138,"column":24}},"60":{"start":{"line":139,"column":4},"end":{"line":141,"column":17}},"61":{"start":{"line":140,"column":8},"end":{"line":140,"column":103}},"62":{"start":{"line":140,"column":35},"end":{"line":140,"column":103}},"63":{"start":{"line":143,"column":4},"end":{"line":143,"column":70}},"64":{"start":{"line":144,"column":17},"end":{"line":144,"column":73}},"65":{"start":{"line":146,"column":19},"end":{"line":146,"column":21}},"66":{"start":{"line":147,"column":4},"end":{"line":152,"column":5}},"67":{"start":{"line":148,"column":27},"end":{"line":148,"column":59}},"68":{"start":{"line":149,"column":8},"end":{"line":151,"column":9}},"69":{"start":{"line":150,"column":12},"end":{"line":150,"column":42}},"70":{"start":{"line":154,"column":4},"end":{"line":154,"column":23}},"71":{"start":{"line":157,"column":0},"end":{"line":177,"column":3}},"72":{"start":{"line":158,"column":22},"end":{"line":158,"column":41}},"73":{"start":{"line":160,"column":21},"end":{"line":160,"column":23}},"74":{"start":{"line":161,"column":4},"end":{"line":163,"column":17}},"75":{"start":{"line":162,"column":8},"end":{"line":162,"column":100}},"76":{"start":{"line":162,"column":34},"end":{"line":162,"column":100}},"77":{"start":{"line":165,"column":4},"end":{"line":165,"column":62}},"78":{"start":{"line":166,"column":17},"end":{"line":166,"column":65}},"79":{"start":{"line":168,"column":19},"end":{"line":168,"column":21}},"80":{"start":{"line":169,"column":4},"end":{"line":174,"column":5}},"81":{"start":{"line":170,"column":8},"end":{"line":173,"column":9}},"82":{"start":{"line":171,"column":53},"end":{"line":171,"column":57}},"83":{"start":{"line":172,"column":12},"end":{"line":172,"column":34}},"84":{"start":{"line":176,"column":4},"end":{"line":176,"column":23}},"85":{"start":{"line":179,"column":0},"end":{"line":191,"column":3}},"86":{"start":{"line":180,"column":38},"end":{"line":180,"column":47}},"87":{"start":{"line":181,"column":4},"end":{"line":181,"column":48}},"88":{"start":{"line":181,"column":21},"end":{"line":181,"column":48}},"89":{"start":{"line":183,"column":4},"end":{"line":190,"column":5}},"90":{"start":{"line":184,"column":19},"end":{"line":184,"column":67}},"91":{"start":{"line":185,"column":23},"end":{"line":185,"column":64}},"92":{"start":{"line":186,"column":8},"end":{"line":186,"column":48}},"93":{"start":{"line":186,"column":21},"end":{"line":186,"column":48}},"94":{"start":{"line":187,"column":8},"end":{"line":187,"column":25}},"95":{"start":{"line":189,"column":8},"end":{"line":189,"column":35}},"96":{"start":{"line":193,"column":0},"end":{"line":198,"column":3}},"97":{"start":{"line":194,"column":22},"end":{"line":194,"column":41}},"98":{"start":{"line":195,"column":19},"end":{"line":195,"column":52}},"99":{"start":{"line":196,"column":17},"end":{"line":196,"column":61}},"100":{"start":{"line":197,"column":4},"end":{"line":197,"column":21}},"101":{"start":{"line":200,"column":0},"end":{"line":219,"column":3}},"102":{"start":{"line":201,"column":22},"end":{"line":201,"column":41}},"103":{"start":{"line":202,"column":4},"end":{"line":202,"column":73}},"104":{"start":{"line":204,"column":17},"end":{"line":204,"column":53}},"105":{"start":{"line":205,"column":4},"end":{"line":205,"column":25}},"106":{"start":{"line":206,"column":16},"end":{"line":206,"column":18}},"107":{"start":{"line":208,"column":4},"end":{"line":216,"column":5}},"108":{"start":{"line":209,"column":27},"end":{"line":209,"column":61}},"109":{"start":{"line":210,"column":20},"end":{"line":210,"column":35}},"110":{"start":{"line":212,"column":8},"end":{"line":212,"column":59}},"111":{"start":{"line":212,"column":34},"end":{"line":212,"column":59}},"112":{"start":{"line":213,"column":8},"end":{"line":213,"column":73}},"113":{"start":{"line":213,"column":41},"end":{"line":213,"column":73}},"114":{"start":{"line":215,"column":8},"end":{"line":215,"column":51}},"115":{"start":{"line":218,"column":4},"end":{"line":218,"column":20}},"116":{"start":{"line":221,"column":0},"end":{"line":226,"column":3}},"117":{"start":{"line":222,"column":22},"end":{"line":222,"column":41}},"118":{"start":{"line":223,"column":4},"end":{"line":223,"column":60}},"119":{"start":{"line":224,"column":19},"end":{"line":224,"column":65}},"120":{"start":{"line":225,"column":4},"end":{"line":225,"column":23}},"121":{"start":{"line":228,"column":0},"end":{"line":233,"column":3}},"122":{"start":{"line":229,"column":22},"end":{"line":229,"column":41}},"123":{"start":{"line":230,"column":4},"end":{"line":230,"column":56}},"124":{"start":{"line":231,"column":19},"end":{"line":231,"column":61}},"125":{"start":{"line":232,"column":4},"end":{"line":232,"column":23}},"126":{"start":{"line":240,"column":0},"end":{"line":267,"column":3}},"127":{"start":{"line":241,"column":22},"end":{"line":241,"column":41}},"128":{"start":{"line":242,"column":4},"end":{"line":242,"column":62}},"129":{"start":{"line":245,"column":19},"end":{"line":245,"column":57}},"130":{"start":{"line":248,"column":4},"end":{"line":263,"column":5}},"131":{"start":{"line":249,"column":8},"end":{"line":249,"column":74}},"132":{"start":{"line":250,"column":8},"end":{"line":250,"column":34}},"133":{"start":{"line":252,"column":8},"end":{"line":262,"column":9}},"134":{"start":{"line":253,"column":12},"end":{"line":253,"column":91}},"135":{"start":{"line":254,"column":29},"end":{"line":254,"column":77}},"136":{"start":{"line":255,"column":12},"end":{"line":255,"column":40}},"137":{"start":{"line":257,"column":12},"end":{"line":257,"column":38}},"138":{"start":{"line":258,"column":12},"end":{"line":258,"column":56}},"139":{"start":{"line":260,"column":12},"end":{"line":260,"column":50}},"140":{"start":{"line":261,"column":12},"end":{"line":261,"column":21}},"141":{"start":{"line":266,"column":4},"end":{"line":266,"column":18}},"142":{"start":{"line":269,"column":0},"end":{"line":300,"column":3}},"143":{"start":{"line":270,"column":22},"end":{"line":270,"column":41}},"144":{"start":{"line":271,"column":4},"end":{"line":271,"column":60}},"145":{"start":{"line":274,"column":19},"end":{"line":274,"column":55}},"146":{"start":{"line":277,"column":4},"end":{"line":292,"column":5}},"147":{"start":{"line":278,"column":8},"end":{"line":278,"column":72}},"148":{"start":{"line":279,"column":8},"end":{"line":279,"column":34}},"149":{"start":{"line":281,"column":8},"end":{"line":291,"column":9}},"150":{"start":{"line":282,"column":12},"end":{"line":282,"column":89}},"151":{"start":{"line":283,"column":29},"end":{"line":283,"column":68}},"152":{"start":{"line":284,"column":12},"end":{"line":284,"column":40}},"153":{"start":{"line":286,"column":12},"end":{"line":286,"column":38}},"154":{"start":{"line":287,"column":12},"end":{"line":287,"column":54}},"155":{"start":{"line":289,"column":12},"end":{"line":289,"column":50}},"156":{"start":{"line":290,"column":12},"end":{"line":290,"column":21}},"157":{"start":{"line":294,"column":19},"end":{"line":297,"column":5}},"158":{"start":{"line":295,"column":53},"end":{"line":295,"column":86}},"159":{"start":{"line":296,"column":37},"end":{"line":296,"column":50}},"160":{"start":{"line":296,"column":67},"end":{"line":296,"column":72}},"161":{"start":{"line":299,"column":4},"end":{"line":299,"column":21}},"162":{"start":{"line":302,"column":0},"end":{"line":334,"column":3}},"163":{"start":{"line":303,"column":22},"end":{"line":303,"column":41}},"164":{"start":{"line":304,"column":4},"end":{"line":304,"column":68}},"165":{"start":{"line":307,"column":19},"end":{"line":307,"column":62}},"166":{"start":{"line":310,"column":4},"end":{"line":325,"column":5}},"167":{"start":{"line":311,"column":8},"end":{"line":311,"column":80}},"168":{"start":{"line":312,"column":8},"end":{"line":312,"column":34}},"169":{"start":{"line":314,"column":8},"end":{"line":324,"column":9}},"170":{"start":{"line":315,"column":12},"end":{"line":315,"column":97}},"171":{"start":{"line":316,"column":29},"end":{"line":316,"column":75}},"172":{"start":{"line":317,"column":12},"end":{"line":317,"column":40}},"173":{"start":{"line":319,"column":12},"end":{"line":319,"column":38}},"174":{"start":{"line":320,"column":12},"end":{"line":320,"column":61}},"175":{"start":{"line":322,"column":12},"end":{"line":322,"column":50}},"176":{"start":{"line":323,"column":12},"end":{"line":323,"column":21}},"177":{"start":{"line":327,"column":19},"end":{"line":331,"column":5}},"178":{"start":{"line":333,"column":4},"end":{"line":333,"column":21}},"179":{"start":{"line":336,"column":0},"end":{"line":368,"column":3}},"180":{"start":{"line":337,"column":22},"end":{"line":337,"column":41}},"181":{"start":{"line":338,"column":4},"end":{"line":338,"column":68}},"182":{"start":{"line":341,"column":19},"end":{"line":341,"column":62}},"183":{"start":{"line":344,"column":4},"end":{"line":358,"column":5}},"184":{"start":{"line":345,"column":8},"end":{"line":345,"column":80}},"185":{"start":{"line":346,"column":8},"end":{"line":346,"column":34}},"186":{"start":{"line":348,"column":8},"end":{"line":357,"column":9}},"187":{"start":{"line":349,"column":12},"end":{"line":349,"column":97}},"188":{"start":{"line":350,"column":29},"end":{"line":350,"column":75}},"189":{"start":{"line":351,"column":12},"end":{"line":351,"column":40}},"190":{"start":{"line":352,"column":12},"end":{"line":352,"column":38}},"191":{"start":{"line":353,"column":12},"end":{"line":353,"column":61}},"192":{"start":{"line":355,"column":12},"end":{"line":355,"column":50}},"193":{"start":{"line":356,"column":12},"end":{"line":356,"column":21}},"194":{"start":{"line":360,"column":19},"end":{"line":365,"column":5}},"195":{"start":{"line":361,"column":55},"end":{"line":364,"column":9}},"196":{"start":{"line":367,"column":4},"end":{"line":367,"column":21}},"197":{"start":{"line":370,"column":0},"end":{"line":401,"column":3}},"198":{"start":{"line":371,"column":22},"end":{"line":371,"column":41}},"199":{"start":{"line":372,"column":4},"end":{"line":372,"column":58}},"200":{"start":{"line":375,"column":19},"end":{"line":375,"column":54}},"201":{"start":{"line":378,"column":4},"end":{"line":392,"column":5}},"202":{"start":{"line":379,"column":8},"end":{"line":379,"column":70}},"203":{"start":{"line":380,"column":8},"end":{"line":380,"column":34}},"204":{"start":{"line":382,"column":8},"end":{"line":391,"column":9}},"205":{"start":{"line":383,"column":12},"end":{"line":383,"column":87}},"206":{"start":{"line":384,"column":29},"end":{"line":384,"column":66}},"207":{"start":{"line":385,"column":12},"end":{"line":385,"column":40}},"208":{"start":{"line":386,"column":12},"end":{"line":386,"column":38}},"209":{"start":{"line":387,"column":12},"end":{"line":387,"column":53}},"210":{"start":{"line":389,"column":12},"end":{"line":389,"column":50}},"211":{"start":{"line":390,"column":12},"end":{"line":390,"column":21}},"212":{"start":{"line":394,"column":19},"end":{"line":398,"column":5}},"213":{"start":{"line":400,"column":4},"end":{"line":400,"column":21}},"214":{"start":{"line":403,"column":0},"end":{"line":430,"column":3}},"215":{"start":{"line":404,"column":22},"end":{"line":404,"column":41}},"216":{"start":{"line":405,"column":4},"end":{"line":405,"column":64}},"217":{"start":{"line":408,"column":19},"end":{"line":408,"column":59}},"218":{"start":{"line":411,"column":4},"end":{"line":425,"column":5}},"219":{"start":{"line":412,"column":8},"end":{"line":412,"column":76}},"220":{"start":{"line":413,"column":8},"end":{"line":413,"column":34}},"221":{"start":{"line":415,"column":8},"end":{"line":424,"column":9}},"222":{"start":{"line":416,"column":12},"end":{"line":416,"column":93}},"223":{"start":{"line":417,"column":29},"end":{"line":417,"column":72}},"224":{"start":{"line":418,"column":12},"end":{"line":418,"column":40}},"225":{"start":{"line":419,"column":12},"end":{"line":419,"column":38}},"226":{"start":{"line":420,"column":12},"end":{"line":420,"column":58}},"227":{"start":{"line":422,"column":12},"end":{"line":422,"column":50}},"228":{"start":{"line":423,"column":12},"end":{"line":423,"column":21}},"229":{"start":{"line":427,"column":22},"end":{"line":427,"column":87}},"230":{"start":{"line":429,"column":4},"end":{"line":429,"column":44}},"231":{"start":{"line":432,"column":0},"end":{"line":457,"column":3}},"232":{"start":{"line":433,"column":22},"end":{"line":433,"column":41}},"233":{"start":{"line":434,"column":4},"end":{"line":434,"column":59}},"234":{"start":{"line":437,"column":19},"end":{"line":437,"column":54}},"235":{"start":{"line":440,"column":4},"end":{"line":454,"column":5}},"236":{"start":{"line":441,"column":8},"end":{"line":441,"column":71}},"237":{"start":{"line":442,"column":8},"end":{"line":442,"column":34}},"238":{"start":{"line":444,"column":8},"end":{"line":453,"column":9}},"239":{"start":{"line":445,"column":12},"end":{"line":445,"column":85}},"240":{"start":{"line":446,"column":29},"end":{"line":446,"column":72}},"241":{"start":{"line":447,"column":12},"end":{"line":447,"column":40}},"242":{"start":{"line":448,"column":12},"end":{"line":448,"column":38}},"243":{"start":{"line":449,"column":12},"end":{"line":449,"column":53}},"244":{"start":{"line":451,"column":12},"end":{"line":451,"column":57}},"245":{"start":{"line":452,"column":12},"end":{"line":452,"column":21}},"246":{"start":{"line":456,"column":4},"end":{"line":456,"column":18}},"247":{"start":{"line":459,"column":0},"end":{"line":490,"column":3}},"248":{"start":{"line":460,"column":22},"end":{"line":460,"column":41}},"249":{"start":{"line":461,"column":4},"end":{"line":461,"column":66}},"250":{"start":{"line":464,"column":19},"end":{"line":464,"column":57}},"251":{"start":{"line":467,"column":4},"end":{"line":481,"column":5}},"252":{"start":{"line":468,"column":8},"end":{"line":468,"column":74}},"253":{"start":{"line":469,"column":8},"end":{"line":469,"column":34}},"254":{"start":{"line":471,"column":8},"end":{"line":480,"column":9}},"255":{"start":{"line":472,"column":12},"end":{"line":472,"column":91}},"256":{"start":{"line":473,"column":29},"end":{"line":473,"column":77}},"257":{"start":{"line":474,"column":12},"end":{"line":474,"column":40}},"258":{"start":{"line":475,"column":12},"end":{"line":475,"column":38}},"259":{"start":{"line":476,"column":12},"end":{"line":476,"column":56}},"260":{"start":{"line":478,"column":12},"end":{"line":478,"column":50}},"261":{"start":{"line":479,"column":12},"end":{"line":479,"column":21}},"262":{"start":{"line":483,"column":19},"end":{"line":487,"column":5}},"263":{"start":{"line":484,"column":15},"end":{"line":486,"column":42}},"264":{"start":{"line":489,"column":4},"end":{"line":489,"column":43}},"265":{"start":{"line":492,"column":0},"end":{"line":527,"column":3}},"266":{"start":{"line":493,"column":53},"end":{"line":493,"column":62}},"267":{"start":{"line":494,"column":4},"end":{"line":494,"column":80}},"268":{"start":{"line":494,"column":53},"end":{"line":494,"column":80}},"269":{"start":{"line":495,"column":4},"end":{"line":495,"column":67}},"270":{"start":{"line":498,"column":19},"end":{"line":498,"column":57}},"271":{"start":{"line":501,"column":4},"end":{"line":515,"column":5}},"272":{"start":{"line":502,"column":8},"end":{"line":502,"column":74}},"273":{"start":{"line":503,"column":8},"end":{"line":503,"column":34}},"274":{"start":{"line":505,"column":8},"end":{"line":514,"column":9}},"275":{"start":{"line":506,"column":12},"end":{"line":506,"column":91}},"276":{"start":{"line":507,"column":29},"end":{"line":507,"column":77}},"277":{"start":{"line":508,"column":12},"end":{"line":508,"column":40}},"278":{"start":{"line":509,"column":12},"end":{"line":509,"column":38}},"279":{"start":{"line":510,"column":12},"end":{"line":510,"column":56}},"280":{"start":{"line":512,"column":12},"end":{"line":512,"column":50}},"281":{"start":{"line":513,"column":12},"end":{"line":513,"column":21}},"282":{"start":{"line":517,"column":21},"end":{"line":517,"column":52}},"283":{"start":{"line":518,"column":21},"end":{"line":518,"column":68}},"284":{"start":{"line":519,"column":21},"end":{"line":519,"column":56}},"285":{"start":{"line":519,"column":37},"end":{"line":519,"column":55}},"286":{"start":{"line":521,"column":4},"end":{"line":524,"column":5}},"287":{"start":{"line":522,"column":8},"end":{"line":522,"column":66}},"288":{"start":{"line":523,"column":8},"end":{"line":523,"column":41}},"289":{"start":{"line":526,"column":4},"end":{"line":526,"column":60}},"290":{"start":{"line":534,"column":0},"end":{"line":543,"column":3}},"291":{"start":{"line":535,"column":4},"end":{"line":535,"column":35}},"292":{"start":{"line":536,"column":4},"end":{"line":542,"column":5}},"293":{"start":{"line":537,"column":8},"end":{"line":537,"column":57}},"294":{"start":{"line":538,"column":8},"end":{"line":538,"column":28}},"295":{"start":{"line":540,"column":8},"end":{"line":540,"column":58}},"296":{"start":{"line":541,"column":8},"end":{"line":541,"column":28}},"297":{"start":{"line":545,"column":0},"end":{"line":547,"column":3}},"298":{"start":{"line":546,"column":4},"end":{"line":546,"column":48}},"299":{"start":{"line":549,"column":0},"end":{"line":551,"column":3}},"300":{"start":{"line":550,"column":4},"end":{"line":550,"column":44}},"301":{"start":{"line":553,"column":0},"end":{"line":571,"column":3}},"302":{"start":{"line":554,"column":16},"end":{"line":554,"column":30}},"303":{"start":{"line":555,"column":15},"end":{"line":555,"column":28}},"304":{"start":{"line":556,"column":19},"end":{"line":556,"column":36}},"305":{"start":{"line":558,"column":4},"end":{"line":562,"column":5}},"306":{"start":{"line":559,"column":8},"end":{"line":559,"column":65}},"307":{"start":{"line":560,"column":8},"end":{"line":560,"column":52}},"308":{"start":{"line":561,"column":8},"end":{"line":561,"column":35}},"309":{"start":{"line":564,"column":4},"end":{"line":564,"column":26}},"310":{"start":{"line":565,"column":19},"end":{"line":565,"column":72}},"311":{"start":{"line":566,"column":4},"end":{"line":566,"column":27}},"312":{"start":{"line":567,"column":4},"end":{"line":567,"column":37}},"313":{"start":{"line":569,"column":4},"end":{"line":569,"column":56}},"314":{"start":{"line":570,"column":4},"end":{"line":570,"column":24}},"315":{"start":{"line":573,"column":0},"end":{"line":593,"column":3}},"316":{"start":{"line":574,"column":16},"end":{"line":574,"column":30}},"317":{"start":{"line":575,"column":16},"end":{"line":575,"column":30}},"318":{"start":{"line":576,"column":15},"end":{"line":576,"column":28}},"319":{"start":{"line":577,"column":19},"end":{"line":577,"column":36}},"320":{"start":{"line":579,"column":4},"end":{"line":583,"column":5}},"321":{"start":{"line":580,"column":8},"end":{"line":580,"column":65}},"322":{"start":{"line":581,"column":8},"end":{"line":581,"column":61}},"323":{"start":{"line":582,"column":8},"end":{"line":582,"column":35}},"324":{"start":{"line":585,"column":4},"end":{"line":585,"column":26}},"325":{"start":{"line":586,"column":19},"end":{"line":586,"column":80}},"326":{"start":{"line":587,"column":4},"end":{"line":587,"column":27}},"327":{"start":{"line":588,"column":4},"end":{"line":588,"column":33}},"328":{"start":{"line":589,"column":4},"end":{"line":589,"column":44}},"329":{"start":{"line":591,"column":4},"end":{"line":591,"column":64}},"330":{"start":{"line":592,"column":4},"end":{"line":592,"column":24}},"331":{"start":{"line":595,"column":0},"end":{"line":602,"column":3}},"332":{"start":{"line":596,"column":4},"end":{"line":596,"column":31}},"333":{"start":{"line":597,"column":4},"end":{"line":601,"column":5}},"334":{"start":{"line":598,"column":8},"end":{"line":598,"column":28}},"335":{"start":{"line":600,"column":8},"end":{"line":600,"column":28}},"336":{"start":{"line":604,"column":0},"end":{"line":606,"column":3}},"337":{"start":{"line":605,"column":4},"end":{"line":605,"column":58}}},"fnMap":{"0":{"name":"(anonymous_0)","decl":{"start":{"line":26,"column":26},"end":{"line":26,"column":27}},"loc":{"start":{"line":26,"column":46},"end":{"line":30,"column":1}},"line":26},"1":{"name":"getEventData","decl":{"start":{"line":35,"column":15},"end":{"line":35,"column":27}},"loc":{"start":{"line":35,"column":49},"end":{"line":38,"column":1}},"line":35},"2":{"name":"ensureEventCodeExists","decl":{"start":{"line":43,"column":15},"end":{"line":43,"column":36}},"loc":{"start":{"line":43,"column":58},"end":{"line":51,"column":1}},"line":43},"3":{"name":"postRatingHelper","decl":{"start":{"line":56,"column":15},"end":{"line":56,"column":31}},"loc":{"start":{"line":56,"column":52},"end":{"line":77,"column":1}},"line":56},"4":{"name":"(anonymous_4)","decl":{"start":{"line":110,"column":13},"end":{"line":110,"column":14}},"loc":{"start":{"line":110,"column":33},"end":{"line":112,"column":1}},"line":110},"5":{"name":"(anonymous_5)","decl":{"start":{"line":114,"column":18},"end":{"line":114,"column":19}},"loc":{"start":{"line":114,"column":32},"end":{"line":116,"column":1}},"line":114},"6":{"name":"(anonymous_6)","decl":{"start":{"line":118,"column":26},"end":{"line":118,"column":27}},"loc":{"start":{"line":118,"column":46},"end":{"line":127,"column":1}},"line":118},"7":{"name":"(anonymous_7)","decl":{"start":{"line":129,"column":53},"end":{"line":129,"column":54}},"loc":{"start":{"line":129,"column":73},"end":{"line":133,"column":1}},"line":129},"8":{"name":"(anonymous_8)","decl":{"start":{"line":135,"column":58},"end":{"line":135,"column":59}},"loc":{"start":{"line":135,"column":78},"end":{"line":155,"column":1}},"line":135},"9":{"name":"(anonymous_9)","decl":{"start":{"line":157,"column":50},"end":{"line":157,"column":51}},"loc":{"start":{"line":157,"column":70},"end":{"line":177,"column":1}},"line":157},"10":{"name":"(anonymous_10)","decl":{"start":{"line":179,"column":55},"end":{"line":179,"column":56}},"loc":{"start":{"line":179,"column":75},"end":{"line":191,"column":1}},"line":179},"11":{"name":"(anonymous_11)","decl":{"start":{"line":193,"column":46},"end":{"line":193,"column":47}},"loc":{"start":{"line":193,"column":66},"end":{"line":198,"column":1}},"line":193},"12":{"name":"(anonymous_12)","decl":{"start":{"line":200,"column":51},"end":{"line":200,"column":52}},"loc":{"start":{"line":200,"column":71},"end":{"line":219,"column":1}},"line":200},"13":{"name":"(anonymous_13)","decl":{"start":{"line":221,"column":46},"end":{"line":221,"column":47}},"loc":{"start":{"line":221,"column":66},"end":{"line":226,"column":1}},"line":221},"14":{"name":"(anonymous_14)","decl":{"start":{"line":228,"column":48},"end":{"line":228,"column":49}},"loc":{"start":{"line":228,"column":68},"end":{"line":233,"column":1}},"line":228},"15":{"name":"(anonymous_15)","decl":{"start":{"line":240,"column":53},"end":{"line":240,"column":54}},"loc":{"start":{"line":240,"column":73},"end":{"line":267,"column":1}},"line":240},"16":{"name":"(anonymous_16)","decl":{"start":{"line":269,"column":44},"end":{"line":269,"column":45}},"loc":{"start":{"line":269,"column":64},"end":{"line":300,"column":1}},"line":269},"17":{"name":"(anonymous_17)","decl":{"start":{"line":295,"column":43},"end":{"line":295,"column":44}},"loc":{"start":{"line":295,"column":53},"end":{"line":295,"column":86}},"line":295},"18":{"name":"(anonymous_18)","decl":{"start":{"line":296,"column":30},"end":{"line":296,"column":31}},"loc":{"start":{"line":296,"column":37},"end":{"line":296,"column":50}},"line":296},"19":{"name":"(anonymous_19)","decl":{"start":{"line":296,"column":57},"end":{"line":296,"column":58}},"loc":{"start":{"line":296,"column":67},"end":{"line":296,"column":72}},"line":296},"20":{"name":"(anonymous_20)","decl":{"start":{"line":302,"column":51},"end":{"line":302,"column":52}},"loc":{"start":{"line":302,"column":71},"end":{"line":334,"column":1}},"line":302},"21":{"name":"(anonymous_21)","decl":{"start":{"line":336,"column":51},"end":{"line":336,"column":52}},"loc":{"start":{"line":336,"column":71},"end":{"line":368,"column":1}},"line":336},"22":{"name":"(anonymous_22)","decl":{"start":{"line":361,"column":32},"end":{"line":361,"column":33}},"loc":{"start":{"line":361,"column":55},"end":{"line":364,"column":9}},"line":361},"23":{"name":"(anonymous_23)","decl":{"start":{"line":370,"column":42},"end":{"line":370,"column":43}},"loc":{"start":{"line":370,"column":62},"end":{"line":401,"column":1}},"line":370},"24":{"name":"(anonymous_24)","decl":{"start":{"line":403,"column":48},"end":{"line":403,"column":49}},"loc":{"start":{"line":403,"column":68},"end":{"line":430,"column":1}},"line":403},"25":{"name":"(anonymous_25)","decl":{"start":{"line":432,"column":48},"end":{"line":432,"column":49}},"loc":{"start":{"line":432,"column":68},"end":{"line":457,"column":1}},"line":432},"26":{"name":"(anonymous_26)","decl":{"start":{"line":459,"column":55},"end":{"line":459,"column":56}},"loc":{"start":{"line":459,"column":75},"end":{"line":490,"column":1}},"line":459},"27":{"name":"(anonymous_27)","decl":{"start":{"line":484,"column":8},"end":{"line":484,"column":9}},"loc":{"start":{"line":484,"column":15},"end":{"line":486,"column":42}},"line":484},"28":{"name":"(anonymous_28)","decl":{"start":{"line":492,"column":31},"end":{"line":492,"column":32}},"loc":{"start":{"line":492,"column":51},"end":{"line":527,"column":1}},"line":492},"29":{"name":"(anonymous_29)","decl":{"start":{"line":519,"column":30},"end":{"line":519,"column":31}},"loc":{"start":{"line":519,"column":37},"end":{"line":519,"column":55}},"line":519},"30":{"name":"(anonymous_30)","decl":{"start":{"line":534,"column":31},"end":{"line":534,"column":32}},"loc":{"start":{"line":534,"column":51},"end":{"line":543,"column":1}},"line":534},"31":{"name":"(anonymous_31)","decl":{"start":{"line":545,"column":29},"end":{"line":545,"column":30}},"loc":{"start":{"line":545,"column":43},"end":{"line":547,"column":1}},"line":545},"32":{"name":"(anonymous_32)","decl":{"start":{"line":549,"column":31},"end":{"line":549,"column":32}},"loc":{"start":{"line":549,"column":45},"end":{"line":551,"column":1}},"line":549},"33":{"name":"(anonymous_33)","decl":{"start":{"line":553,"column":52},"end":{"line":553,"column":53}},"loc":{"start":{"line":553,"column":72},"end":{"line":571,"column":1}},"line":553},"34":{"name":"(anonymous_34)","decl":{"start":{"line":573,"column":60},"end":{"line":573,"column":61}},"loc":{"start":{"line":573,"column":80},"end":{"line":593,"column":1}},"line":573},"35":{"name":"(anonymous_35)","decl":{"start":{"line":595,"column":42},"end":{"line":595,"column":43}},"loc":{"start":{"line":595,"column":62},"end":{"line":602,"column":1}},"line":595},"36":{"name":"(anonymous_36)","decl":{"start":{"line":604,"column":30},"end":{"line":604,"column":31}},"loc":{"start":{"line":604,"column":36},"end":{"line":606,"column":1}},"line":604}},"branchMap":{"0":{"loc":{"start":{"line":27,"column":22},"end":{"line":27,"column":60}},"type":"binary-expr","locations":[{"start":{"line":27,"column":22},"end":{"line":27,"column":41}},{"start":{"line":27,"column":45},"end":{"line":27,"column":60}}],"line":27},"1":{"loc":{"start":{"line":28,"column":4},"end":{"line":28,"column":47}},"type":"if","locations":[{"start":{"line":28,"column":4},"end":{"line":28,"column":47}},{"start":{},"end":{}}],"line":28},"2":{"loc":{"start":{"line":37,"column":11},"end":{"line":37,"column":32}},"type":"binary-expr","locations":[{"start":{"line":37,"column":11},"end":{"line":37,"column":26}},{"start":{"line":37,"column":30},"end":{"line":37,"column":32}}],"line":37},"3":{"loc":{"start":{"line":45,"column":4},"end":{"line":49,"column":5}},"type":"if","locations":[{"start":{"line":45,"column":4},"end":{"line":49,"column":5}},{"start":{},"end":{}}],"line":45},"4":{"loc":{"start":{"line":59,"column":4},"end":{"line":63,"column":5}},"type":"if","locations":[{"start":{"line":59,"column":4},"end":{"line":63,"column":5}},{"start":{},"end":{}}],"line":59},"5":{"loc":{"start":{"line":59,"column":8},"end":{"line":59,"column":55}},"type":"binary-expr","locations":[{"start":{"line":59,"column":8},"end":{"line":59,"column":22}},{"start":{"line":59,"column":26},"end":{"line":59,"column":38}},{"start":{"line":59,"column":42},"end":{"line":59,"column":55}}],"line":59},"6":{"loc":{"start":{"line":68,"column":4},"end":{"line":73,"column":5}},"type":"if","locations":[{"start":{"line":68,"column":4},"end":{"line":73,"column":5}},{"start":{"line":71,"column":11},"end":{"line":73,"column":5}}],"line":68},"7":{"loc":{"start":{"line":79,"column":26},"end":{"line":79,"column":63}},"type":"binary-expr","locations":[{"start":{"line":79,"column":26},"end":{"line":79,"column":55}},{"start":{"line":79,"column":59},"end":{"line":79,"column":63}}],"line":79},"8":{"loc":{"start":{"line":80,"column":27},"end":{"line":80,"column":65}},"type":"binary-expr","locations":[{"start":{"line":80,"column":27},"end":{"line":80,"column":57}},{"start":{"line":80,"column":61},"end":{"line":80,"column":65}}],"line":80},"9":{"loc":{"start":{"line":81,"column":21},"end":{"line":81,"column":50}},"type":"binary-expr","locations":[{"start":{"line":81,"column":21},"end":{"line":81,"column":45}},{"start":{"line":81,"column":49},"end":{"line":81,"column":50}}],"line":81},"10":{"loc":{"start":{"line":82,"column":15},"end":{"line":82,"column":81}},"type":"cond-expr","locations":[{"start":{"line":82,"column":41},"end":{"line":82,"column":67}},{"start":{"line":82,"column":70},"end":{"line":82,"column":81}}],"line":82},"11":{"loc":{"start":{"line":91,"column":16},"end":{"line":91,"column":82}},"type":"binary-expr","locations":[{"start":{"line":91,"column":16},"end":{"line":91,"column":42}},{"start":{"line":91,"column":46},"end":{"line":91,"column":82}}],"line":91},"12":{"loc":{"start":{"line":140,"column":8},"end":{"line":140,"column":103}},"type":"if","locations":[{"start":{"line":140,"column":8},"end":{"line":140,"column":103}},{"start":{},"end":{}}],"line":140},"13":{"loc":{"start":{"line":149,"column":8},"end":{"line":151,"column":9}},"type":"if","locations":[{"start":{"line":149,"column":8},"end":{"line":151,"column":9}},{"start":{},"end":{}}],"line":149},"14":{"loc":{"start":{"line":149,"column":12},"end":{"line":149,"column":66}},"type":"binary-expr","locations":[{"start":{"line":149,"column":12},"end":{"line":149,"column":30}},{"start":{"line":149,"column":34},"end":{"line":149,"column":66}}],"line":149},"15":{"loc":{"start":{"line":162,"column":8},"end":{"line":162,"column":100}},"type":"if","locations":[{"start":{"line":162,"column":8},"end":{"line":162,"column":100}},{"start":{},"end":{}}],"line":162},"16":{"loc":{"start":{"line":170,"column":8},"end":{"line":173,"column":9}},"type":"if","locations":[{"start":{"line":170,"column":8},"end":{"line":173,"column":9}},{"start":{},"end":{}}],"line":170},"17":{"loc":{"start":{"line":181,"column":4},"end":{"line":181,"column":48}},"type":"if","locations":[{"start":{"line":181,"column":4},"end":{"line":181,"column":48}},{"start":{},"end":{}}],"line":181},"18":{"loc":{"start":{"line":186,"column":8},"end":{"line":186,"column":48}},"type":"if","locations":[{"start":{"line":186,"column":8},"end":{"line":186,"column":48}},{"start":{},"end":{}}],"line":186},"19":{"loc":{"start":{"line":195,"column":28},"end":{"line":195,"column":51}},"type":"binary-expr","locations":[{"start":{"line":195,"column":28},"end":{"line":195,"column":44}},{"start":{"line":195,"column":48},"end":{"line":195,"column":51}}],"line":195},"20":{"loc":{"start":{"line":212,"column":8},"end":{"line":212,"column":59}},"type":"if","locations":[{"start":{"line":212,"column":8},"end":{"line":212,"column":59}},{"start":{},"end":{}}],"line":212},"21":{"loc":{"start":{"line":213,"column":8},"end":{"line":213,"column":73}},"type":"if","locations":[{"start":{"line":213,"column":8},"end":{"line":213,"column":73}},{"start":{},"end":{}}],"line":213},"22":{"loc":{"start":{"line":248,"column":4},"end":{"line":263,"column":5}},"type":"if","locations":[{"start":{"line":248,"column":4},"end":{"line":263,"column":5}},{"start":{"line":251,"column":11},"end":{"line":263,"column":5}}],"line":248},"23":{"loc":{"start":{"line":277,"column":4},"end":{"line":292,"column":5}},"type":"if","locations":[{"start":{"line":277,"column":4},"end":{"line":292,"column":5}},{"start":{"line":280,"column":11},"end":{"line":292,"column":5}}],"line":277},"24":{"loc":{"start":{"line":310,"column":4},"end":{"line":325,"column":5}},"type":"if","locations":[{"start":{"line":310,"column":4},"end":{"line":325,"column":5}},{"start":{"line":313,"column":11},"end":{"line":325,"column":5}}],"line":310},"25":{"loc":{"start":{"line":344,"column":4},"end":{"line":358,"column":5}},"type":"if","locations":[{"start":{"line":344,"column":4},"end":{"line":358,"column":5}},{"start":{"line":347,"column":11},"end":{"line":358,"column":5}}],"line":344},"26":{"loc":{"start":{"line":363,"column":12},"end":{"line":363,"column":47}},"type":"binary-expr","locations":[{"start":{"line":363,"column":12},"end":{"line":363,"column":39}},{"start":{"line":363,"column":43},"end":{"line":363,"column":47}}],"line":363},"27":{"loc":{"start":{"line":378,"column":4},"end":{"line":392,"column":5}},"type":"if","locations":[{"start":{"line":378,"column":4},"end":{"line":392,"column":5}},{"start":{"line":381,"column":11},"end":{"line":392,"column":5}}],"line":378},"28":{"loc":{"start":{"line":395,"column":15},"end":{"line":395,"column":30}},"type":"binary-expr","locations":[{"start":{"line":395,"column":15},"end":{"line":395,"column":23}},{"start":{"line":395,"column":28},"end":{"line":395,"column":30}}],"line":395},"29":{"loc":{"start":{"line":396,"column":15},"end":{"line":396,"column":30}},"type":"binary-expr","locations":[{"start":{"line":396,"column":15},"end":{"line":396,"column":23}},{"start":{"line":396,"column":28},"end":{"line":396,"column":30}}],"line":396},"30":{"loc":{"start":{"line":397,"column":15},"end":{"line":397,"column":30}},"type":"binary-expr","locations":[{"start":{"line":397,"column":15},"end":{"line":397,"column":24}},{"start":{"line":397,"column":28},"end":{"line":397,"column":30}}],"line":397},"31":{"loc":{"start":{"line":411,"column":4},"end":{"line":425,"column":5}},"type":"if","locations":[{"start":{"line":411,"column":4},"end":{"line":425,"column":5}},{"start":{"line":414,"column":11},"end":{"line":425,"column":5}}],"line":411},"32":{"loc":{"start":{"line":427,"column":22},"end":{"line":427,"column":87}},"type":"binary-expr","locations":[{"start":{"line":427,"column":22},"end":{"line":427,"column":40}},{"start":{"line":427,"column":44},"end":{"line":427,"column":58}},{"start":{"line":427,"column":62},"end":{"line":427,"column":87}}],"line":427},"33":{"loc":{"start":{"line":440,"column":4},"end":{"line":454,"column":5}},"type":"if","locations":[{"start":{"line":440,"column":4},"end":{"line":454,"column":5}},{"start":{"line":443,"column":11},"end":{"line":454,"column":5}}],"line":440},"34":{"loc":{"start":{"line":467,"column":4},"end":{"line":481,"column":5}},"type":"if","locations":[{"start":{"line":467,"column":4},"end":{"line":481,"column":5}},{"start":{"line":470,"column":11},"end":{"line":481,"column":5}}],"line":467},"35":{"loc":{"start":{"line":484,"column":15},"end":{"line":486,"column":42}},"type":"binary-expr","locations":[{"start":{"line":484,"column":15},"end":{"line":484,"column":55}},{"start":{"line":485,"column":15},"end":{"line":485,"column":40}},{"start":{"line":486,"column":15},"end":{"line":486,"column":42}}],"line":484},"36":{"loc":{"start":{"line":494,"column":4},"end":{"line":494,"column":80}},"type":"if","locations":[{"start":{"line":494,"column":4},"end":{"line":494,"column":80}},{"start":{},"end":{}}],"line":494},"37":{"loc":{"start":{"line":494,"column":8},"end":{"line":494,"column":51}},"type":"binary-expr","locations":[{"start":{"line":494,"column":8},"end":{"line":494,"column":18}},{"start":{"line":494,"column":22},"end":{"line":494,"column":34}},{"start":{"line":494,"column":38},"end":{"line":494,"column":51}}],"line":494},"38":{"loc":{"start":{"line":501,"column":4},"end":{"line":515,"column":5}},"type":"if","locations":[{"start":{"line":501,"column":4},"end":{"line":515,"column":5}},{"start":{"line":504,"column":11},"end":{"line":515,"column":5}}],"line":501},"39":{"loc":{"start":{"line":518,"column":21},"end":{"line":518,"column":68}},"type":"cond-expr","locations":[{"start":{"line":518,"column":54},"end":{"line":518,"column":59}},{"start":{"line":518,"column":62},"end":{"line":518,"column":68}}],"line":518},"40":{"loc":{"start":{"line":521,"column":4},"end":{"line":524,"column":5}},"type":"if","locations":[{"start":{"line":521,"column":4},"end":{"line":524,"column":5}},{"start":{},"end":{}}],"line":521},"41":{"loc":{"start":{"line":536,"column":4},"end":{"line":542,"column":5}},"type":"if","locations":[{"start":{"line":536,"column":4},"end":{"line":542,"column":5}},{"start":{"line":539,"column":11},"end":{"line":542,"column":5}}],"line":536},"42":{"loc":{"start":{"line":558,"column":4},"end":{"line":562,"column":5}},"type":"if","locations":[{"start":{"line":558,"column":4},"end":{"line":562,"column":5}},{"start":{},"end":{}}],"line":558},"43":{"loc":{"start":{"line":558,"column":8},"end":{"line":558,"column":26}},"type":"binary-expr","locations":[{"start":{"line":558,"column":8},"end":{"line":558,"column":17}},{"start":{"line":558,"column":21},"end":{"line":558,"column":26}}],"line":558},"44":{"loc":{"start":{"line":579,"column":4},"end":{"line":583,"column":5}},"type":"if","locations":[{"start":{"line":579,"column":4},"end":{"line":583,"column":5}},{"start":{},"end":{}}],"line":579},"45":{"loc":{"start":{"line":579,"column":8},"end":{"line":579,"column":57}},"type":"binary-expr","locations":[{"start":{"line":579,"column":8},"end":{"line":579,"column":24}},{"start":{"line":579,"column":28},"end":{"line":579,"column":40}},{"start":{"line":579,"column":44},"end":{"line":579,"column":57}}],"line":579},"46":{"loc":{"start":{"line":597,"column":4},"end":{"line":601,"column":5}},"type":"if","locations":[{"start":{"line":597,"column":4},"end":{"line":601,"column":5}},{"start":{"line":599,"column":11},"end":{"line":601,"column":5}}],"line":597}},"s":{"0":1,"1":1,"2":1,"3":1,"4":1,"5":1,"6":1,"7":1,"8":1,"9":6,"10":6,"11":1,"12":5,"13":0,"14":0,"15":1,"16":1,"17":1,"18":1,"19":1,"20":1,"21":0,"22":0,"23":0,"24":0,"25":0,"26":0,"27":0,"28":0,"29":0,"30":0,"31":0,"32":0,"33":0,"34":1,"35":1,"36":1,"37":1,"38":1,"39":1,"40":1,"41":1,"42":1,"43":0,"44":1,"45":0,"46":1,"47":1,"48":1,"49":1,"50":1,"51":0,"52":0,"53":1,"54":1,"55":1,"56":1,"57":1,"58":0,"59":0,"60":0,"61":0,"62":0,"63":0,"64":0,"65":0,"66":0,"67":0,"68":0,"69":0,"70":0,"71":1,"72":0,"73":0,"74":0,"75":0,"76":0,"77":0,"78":0,"79":0,"80":0,"81":0,"82":0,"83":0,"84":0,"85":1,"86":0,"87":0,"88":0,"89":0,"90":0,"91":0,"92":0,"93":0,"94":0,"95":0,"96":1,"97":0,"98":0,"99":0,"100":0,"101":1,"102":0,"103":0,"104":0,"105":0,"106":0,"107":0,"108":0,"109":0,"110":0,"111":0,"112":0,"113":0,"114":0,"115":0,"116":1,"117":0,"118":0,"119":0,"120":0,"121":1,"122":0,"123":0,"124":0,"125":0,"126":1,"127":0,"128":0,"129":0,"130":0,"131":0,"132":0,"133":0,"134":0,"135":0,"136":0,"137":0,"138":0,"139":0,"140":0,"141":0,"142":1,"143":2,"144":2,"145":2,"146":2,"147":1,"148":1,"149":1,"150":1,"151":1,"152":1,"153":1,"154":1,"155":0,"156":0,"157":2,"158":2,"159":2,"160":0,"161":2,"162":1,"163":0,"164":0,"165":0,"166":0,"167":0,"168":0,"169":0,"170":0,"171":0,"172":0,"173":0,"174":0,"175":0,"176":0,"177":0,"178":0,"179":1,"180":0,"181":0,"182":0,"183":0,"184":0,"185":0,"186":0,"187":0,"188":0,"189":0,"190":0,"191":0,"192":0,"193":0,"194":0,"195":0,"196":0,"197":1,"198":0,"199":0,"200":0,"201":0,"202":0,"203":0,"204":0,"205":0,"206":0,"207":0,"208":0,"209":0,"210":0,"211":0,"212":0,"213":0,"214":1,"215":0,"216":0,"217":0,"218":0,"219":0,"220":0,"221":0,"222":0,"223":0,"224":0,"225":0,"226":0,"227":0,"228":0,"229":0,"230":0,"231":1,"232":0,"233":0,"234":0,"235":0,"236":0,"237":0,"238":0,"239":0,"240":0,"241":0,"242":0,"243":0,"244":0,"245":0,"246":0,"247":1,"248":0,"249":0,"250":0,"251":0,"252":0,"253":0,"254":0,"255":0,"256":0,"257":0,"258":0,"259":0,"260":0,"261":0,"262":0,"263":0,"264":0,"265":1,"266":0,"267":0,"268":0,"269":0,"270":0,"271":0,"272":0,"273":0,"274":0,"275":0,"276":0,"277":0,"278":0,"279":0,"280":0,"281":0,"282":0,"283":0,"284":0,"285":0,"286":0,"287":0,"288":0,"289":0,"290":1,"291":0,"292":0,"293":0,"294":0,"295":0,"296":0,"297":1,"298":0,"299":1,"300":0,"301":1,"302":2,"303":2,"304":2,"305":2,"306":1,"307":1,"308":1,"309":1,"310":1,"311":1,"312":1,"313":1,"314":1,"315":1,"316":0,"317":0,"318":0,"319":0,"320":0,"321":0,"322":0,"323":0,"324":0,"325":0,"326":0,"327":0,"328":0,"329":0,"330":0,"331":1,"332":0,"333":0,"334":0,"335":0,"336":1,"337":0},"f":{"0":6,"1":0,"2":1,"3":0,"4":0,"5":0,"6":1,"7":1,"8":0,"9":0,"10":0,"11":0,"12":0,"13":0,"14":0,"15":0,"16":2,"17":2,"18":2,"19":0,"20":0,"21":0,"22":0,"23":0,"24":0,"25":0,"26":0,"27":0,"28":0,"29":0,"30":0,"31":0,"32":0,"33":2,"34":0,"35":0,"36":0},"b":{"0":[6,3],"1":[1,5],"2":[0,0],"3":[1,0],"4":[0,0],"5":[0,0,0],"6":[0,0],"7":[1,0],"8":[1,0],"9":[1,0],"10":[0,1],"11":[1,0],"12":[0,0],"13":[0,0],"14":[0,0],"15":[0,0],"16":[0,0],"17":[0,0],"18":[0,0],"19":[0,0],"20":[0,0],"21":[0,0],"22":[0,0],"23":[1,1],"24":[0,0],"25":[0,0],"26":[0,0],"27":[0,0],"28":[0,0],"29":[0,0],"30":[0,0],"31":[0,0],"32":[0,0,0],"33":[0,0],"34":[0,0],"35":[0,0,0],"36":[0,0],"37":[0,0,0],"38":[0,0],"39":[0,0],"40":[0,0],"41":[0,0],"42":[1,1],"43":[2,1],"44":[0,0],"45":[0,0,0],"46":[0,0]},"_coverageSchema":"1a1c01bbd47fc00a2c39e90264f33305004495a9","hash":"5acefc6f9aa7db050d1c8ec906bd2f70eb29e42a"}
}
