{"C:\\Users\\Shiny\\Documents\\Coding\\classwork\\MAMSRobotics\\190-Scouting-Website\\backend\\database.js": {"path":"C:\\Users\\Shiny\\Documents\\Coding\\classwork\\MAMSRobotics\\190-Scouting-Website\\backend\\database.js","statementMap":{"0":{"start":{"line":1,"column":11},"end":{"line":1,"column":24}},"1":{"start":{"line":2,"column":13},"end":{"line":2,"column":28}},"2":{"start":{"line":4,"column":12},"end":{"line":4,"column":28}},"3":{"start":{"line":5,"column":0},"end":{"line":5,"column":71}},"4":{"start":{"line":7,"column":15},"end":{"line":16,"column":1}},"5":{"start":{"line":20,"column":2},"end":{"line":78,"column":3}},"6":{"start":{"line":21,"column":4},"end":{"line":21,"column":30}},"7":{"start":{"line":23,"column":19},"end":{"line":25,"column":5}},"8":{"start":{"line":26,"column":23},"end":{"line":26,"column":62}},"9":{"start":{"line":26,"column":53},"end":{"line":26,"column":61}},"10":{"start":{"line":29,"column":23},"end":{"line":29,"column":25}},"11":{"start":{"line":30,"column":4},"end":{"line":34,"column":5}},"12":{"start":{"line":31,"column":6},"end":{"line":31,"column":56}},"13":{"start":{"line":33,"column":6},"end":{"line":33,"column":68}},"14":{"start":{"line":37,"column":24},"end":{"line":37,"column":49}},"15":{"start":{"line":39,"column":28},"end":{"line":72,"column":5}},"16":{"start":{"line":42,"column":8},"end":{"line":47,"column":9}},"17":{"start":{"line":43,"column":10},"end":{"line":46,"column":12}},"18":{"start":{"line":50,"column":8},"end":{"line":64,"column":9}},"19":{"start":{"line":51,"column":27},"end":{"line":54,"column":11}},"20":{"start":{"line":55,"column":10},"end":{"line":61,"column":11}},"21":{"start":{"line":56,"column":25},"end":{"line":56,"column":46}},"22":{"start":{"line":57,"column":12},"end":{"line":60,"column":14}},"23":{"start":{"line":63,"column":10},"end":{"line":63,"column":77}},"24":{"start":{"line":67,"column":8},"end":{"line":70,"column":10}},"25":{"start":{"line":74,"column":4},"end":{"line":74,"column":27}},"26":{"start":{"line":76,"column":4},"end":{"line":76,"column":49}},"27":{"start":{"line":77,"column":4},"end":{"line":77,"column":14}},"28":{"start":{"line":83,"column":2},"end":{"line":99,"column":3}},"29":{"start":{"line":84,"column":4},"end":{"line":84,"column":30}},"30":{"start":{"line":85,"column":19},"end":{"line":87,"column":5}},"31":{"start":{"line":88,"column":22},"end":{"line":88,"column":38}},"32":{"start":{"line":91,"column":18},"end":{"line":93,"column":23}},"33":{"start":{"line":92,"column":18},"end":{"line":92,"column":51}},"34":{"start":{"line":93,"column":21},"end":{"line":93,"column":22}},"35":{"start":{"line":94,"column":4},"end":{"line":94,"column":39}},"36":{"start":{"line":95,"column":4},"end":{"line":95,"column":40}},"37":{"start":{"line":97,"column":4},"end":{"line":97,"column":48}},"38":{"start":{"line":98,"column":4},"end":{"line":98,"column":38}},"39":{"start":{"line":106,"column":2},"end":{"line":552,"column":3}},"40":{"start":{"line":107,"column":4},"end":{"line":107,"column":30}},"41":{"start":{"line":108,"column":16},"end":{"line":108,"column":65}},"42":{"start":{"line":109,"column":4},"end":{"line":111,"column":5}},"43":{"start":{"line":110,"column":6},"end":{"line":110,"column":39}},"44":{"start":{"line":112,"column":19},"end":{"line":112,"column":41}},"45":{"start":{"line":113,"column":17},"end":{"line":113,"column":33}},"46":{"start":{"line":115,"column":29},"end":{"line":122,"column":5}},"47":{"start":{"line":123,"column":35},"end":{"line":125,"column":5}},"48":{"start":{"line":124,"column":34},"end":{"line":124,"column":49}},"49":{"start":{"line":126,"column":28},"end":{"line":141,"column":5}},"50":{"start":{"line":142,"column":28},"end":{"line":142,"column":61}},"51":{"start":{"line":153,"column":6},"end":{"line":153,"column":40}},"52":{"start":{"line":153,"column":31},"end":{"line":153,"column":40}},"53":{"start":{"line":154,"column":6},"end":{"line":154,"column":40}},"54":{"start":{"line":154,"column":31},"end":{"line":154,"column":40}},"55":{"start":{"line":155,"column":6},"end":{"line":155,"column":40}},"56":{"start":{"line":155,"column":31},"end":{"line":155,"column":40}},"57":{"start":{"line":156,"column":6},"end":{"line":156,"column":40}},"58":{"start":{"line":156,"column":31},"end":{"line":156,"column":40}},"59":{"start":{"line":157,"column":6},"end":{"line":157,"column":41}},"60":{"start":{"line":157,"column":32},"end":{"line":157,"column":41}},"61":{"start":{"line":158,"column":6},"end":{"line":158,"column":41}},"62":{"start":{"line":158,"column":32},"end":{"line":158,"column":41}},"63":{"start":{"line":159,"column":6},"end":{"line":159,"column":15}},"64":{"start":{"line":163,"column":23},"end":{"line":163,"column":25}},"65":{"start":{"line":164,"column":4},"end":{"line":175,"column":5}},"66":{"start":{"line":165,"column":19},"end":{"line":165,"column":39}},"67":{"start":{"line":166,"column":20},"end":{"line":166,"column":42}},"68":{"start":{"line":167,"column":22},"end":{"line":167,"column":56}},"69":{"start":{"line":168,"column":6},"end":{"line":168,"column":36}},"70":{"start":{"line":168,"column":27},"end":{"line":168,"column":36}},"71":{"start":{"line":169,"column":24},"end":{"line":169,"column":42}},"72":{"start":{"line":170,"column":6},"end":{"line":174,"column":7}},"73":{"start":{"line":171,"column":8},"end":{"line":171,"column":63}},"74":{"start":{"line":171,"column":36},"end":{"line":171,"column":63}},"75":{"start":{"line":172,"column":22},"end":{"line":172,"column":53}},"76":{"start":{"line":173,"column":8},"end":{"line":173,"column":47}},"77":{"start":{"line":178,"column":28},"end":{"line":178,"column":30}},"78":{"start":{"line":179,"column":31},"end":{"line":179,"column":33}},"79":{"start":{"line":182,"column":24},"end":{"line":182,"column":26}},"80":{"start":{"line":183,"column":21},"end":{"line":183,"column":23}},"81":{"start":{"line":184,"column":33},"end":{"line":184,"column":35}},"82":{"start":{"line":185,"column":33},"end":{"line":185,"column":35}},"83":{"start":{"line":186,"column":34},"end":{"line":186,"column":36}},"84":{"start":{"line":187,"column":29},"end":{"line":187,"column":31}},"85":{"start":{"line":188,"column":34},"end":{"line":188,"column":36}},"86":{"start":{"line":191,"column":24},"end":{"line":191,"column":26}},"87":{"start":{"line":192,"column":21},"end":{"line":192,"column":23}},"88":{"start":{"line":193,"column":33},"end":{"line":193,"column":35}},"89":{"start":{"line":194,"column":33},"end":{"line":194,"column":35}},"90":{"start":{"line":195,"column":34},"end":{"line":195,"column":36}},"91":{"start":{"line":196,"column":29},"end":{"line":196,"column":31}},"92":{"start":{"line":197,"column":33},"end":{"line":197,"column":35}},"93":{"start":{"line":199,"column":4},"end":{"line":377,"column":5}},"94":{"start":{"line":200,"column":19},"end":{"line":200,"column":39}},"95":{"start":{"line":201,"column":20},"end":{"line":201,"column":42}},"96":{"start":{"line":202,"column":22},"end":{"line":202,"column":56}},"97":{"start":{"line":203,"column":6},"end":{"line":203,"column":36}},"98":{"start":{"line":203,"column":27},"end":{"line":203,"column":36}},"99":{"start":{"line":205,"column":24},"end":{"line":205,"column":42}},"100":{"start":{"line":206,"column":20},"end":{"line":206,"column":51}},"101":{"start":{"line":209,"column":6},"end":{"line":211,"column":7}},"102":{"start":{"line":210,"column":8},"end":{"line":210,"column":46}},"103":{"start":{"line":214,"column":6},"end":{"line":232,"column":7}},"104":{"start":{"line":220,"column":8},"end":{"line":222,"column":9}},"105":{"start":{"line":221,"column":10},"end":{"line":221,"column":45}},"106":{"start":{"line":223,"column":8},"end":{"line":225,"column":9}},"107":{"start":{"line":224,"column":10},"end":{"line":224,"column":73}},"108":{"start":{"line":228,"column":10},"end":{"line":228,"column":76}},"109":{"start":{"line":229,"column":27},"end":{"line":229,"column":56}},"110":{"start":{"line":230,"column":8},"end":{"line":231,"column":31}},"111":{"start":{"line":237,"column":6},"end":{"line":249,"column":7}},"112":{"start":{"line":238,"column":8},"end":{"line":239,"column":53}},"113":{"start":{"line":240,"column":8},"end":{"line":241,"column":48}},"114":{"start":{"line":241,"column":10},"end":{"line":241,"column":48}},"115":{"start":{"line":242,"column":8},"end":{"line":248,"column":11}},"116":{"start":{"line":251,"column":6},"end":{"line":254,"column":7}},"117":{"start":{"line":252,"column":8},"end":{"line":253,"column":57}},"118":{"start":{"line":253,"column":10},"end":{"line":253,"column":57}},"119":{"start":{"line":256,"column":6},"end":{"line":256,"column":57}},"120":{"start":{"line":256,"column":32},"end":{"line":256,"column":57}},"121":{"start":{"line":257,"column":6},"end":{"line":257,"column":75}},"122":{"start":{"line":257,"column":41},"end":{"line":257,"column":75}},"123":{"start":{"line":259,"column":30},"end":{"line":259,"column":52}},"124":{"start":{"line":260,"column":25},"end":{"line":260,"column":54}},"125":{"start":{"line":261,"column":6},"end":{"line":267,"column":7}},"126":{"start":{"line":266,"column":8},"end":{"line":266,"column":37}},"127":{"start":{"line":269,"column":6},"end":{"line":277,"column":7}},"128":{"start":{"line":270,"column":8},"end":{"line":271,"column":47}},"129":{"start":{"line":271,"column":10},"end":{"line":271,"column":47}},"130":{"start":{"line":272,"column":8},"end":{"line":273,"column":74}},"131":{"start":{"line":273,"column":10},"end":{"line":273,"column":74}},"132":{"start":{"line":274,"column":8},"end":{"line":276,"column":36}},"133":{"start":{"line":275,"column":10},"end":{"line":276,"column":36}},"134":{"start":{"line":279,"column":6},"end":{"line":290,"column":7}},"135":{"start":{"line":280,"column":8},"end":{"line":284,"column":9}},"136":{"start":{"line":281,"column":10},"end":{"line":281,"column":48}},"137":{"start":{"line":282,"column":10},"end":{"line":283,"column":57}},"138":{"start":{"line":283,"column":12},"end":{"line":283,"column":57}},"139":{"start":{"line":285,"column":8},"end":{"line":289,"column":9}},"140":{"start":{"line":286,"column":22},"end":{"line":286,"column":32}},"141":{"start":{"line":287,"column":10},"end":{"line":288,"column":62}},"142":{"start":{"line":288,"column":12},"end":{"line":288,"column":62}},"143":{"start":{"line":292,"column":6},"end":{"line":301,"column":7}},"144":{"start":{"line":293,"column":8},"end":{"line":293,"column":71}},"145":{"start":{"line":293,"column":62},"end":{"line":293,"column":71}},"146":{"start":{"line":294,"column":8},"end":{"line":294,"column":55}},"147":{"start":{"line":294,"column":46},"end":{"line":294,"column":55}},"148":{"start":{"line":295,"column":8},"end":{"line":295,"column":55}},"149":{"start":{"line":295,"column":46},"end":{"line":295,"column":55}},"150":{"start":{"line":296,"column":20},"end":{"line":296,"column":31}},"151":{"start":{"line":297,"column":8},"end":{"line":300,"column":9}},"152":{"start":{"line":298,"column":10},"end":{"line":299,"column":62}},"153":{"start":{"line":305,"column":6},"end":{"line":305,"column":50}},"154":{"start":{"line":305,"column":41},"end":{"line":305,"column":50}},"155":{"start":{"line":309,"column":8},"end":{"line":311,"column":46}},"156":{"start":{"line":312,"column":6},"end":{"line":312,"column":35}},"157":{"start":{"line":312,"column":26},"end":{"line":312,"column":35}},"158":{"start":{"line":314,"column":6},"end":{"line":326,"column":7}},"159":{"start":{"line":315,"column":8},"end":{"line":316,"column":53}},"160":{"start":{"line":317,"column":8},"end":{"line":318,"column":48}},"161":{"start":{"line":318,"column":10},"end":{"line":318,"column":48}},"162":{"start":{"line":319,"column":8},"end":{"line":325,"column":11}},"163":{"start":{"line":328,"column":6},"end":{"line":331,"column":7}},"164":{"start":{"line":329,"column":8},"end":{"line":330,"column":57}},"165":{"start":{"line":330,"column":10},"end":{"line":330,"column":57}},"166":{"start":{"line":333,"column":6},"end":{"line":333,"column":57}},"167":{"start":{"line":333,"column":32},"end":{"line":333,"column":57}},"168":{"start":{"line":334,"column":6},"end":{"line":334,"column":75}},"169":{"start":{"line":334,"column":41},"end":{"line":334,"column":75}},"170":{"start":{"line":336,"column":30},"end":{"line":336,"column":52}},"171":{"start":{"line":337,"column":24},"end":{"line":337,"column":52}},"172":{"start":{"line":338,"column":6},"end":{"line":344,"column":7}},"173":{"start":{"line":343,"column":8},"end":{"line":343,"column":37}},"174":{"start":{"line":346,"column":6},"end":{"line":365,"column":7}},"175":{"start":{"line":347,"column":8},"end":{"line":348,"column":47}},"176":{"start":{"line":348,"column":10},"end":{"line":348,"column":47}},"177":{"start":{"line":349,"column":8},"end":{"line":350,"column":74}},"178":{"start":{"line":350,"column":10},"end":{"line":350,"column":74}},"179":{"start":{"line":351,"column":8},"end":{"line":353,"column":36}},"180":{"start":{"line":352,"column":10},"end":{"line":353,"column":36}},"181":{"start":{"line":355,"column":8},"end":{"line":359,"column":9}},"182":{"start":{"line":356,"column":10},"end":{"line":356,"column":47}},"183":{"start":{"line":357,"column":10},"end":{"line":358,"column":56}},"184":{"start":{"line":358,"column":12},"end":{"line":358,"column":56}},"185":{"start":{"line":360,"column":8},"end":{"line":364,"column":9}},"186":{"start":{"line":361,"column":22},"end":{"line":361,"column":32}},"187":{"start":{"line":362,"column":10},"end":{"line":363,"column":61}},"188":{"start":{"line":363,"column":12},"end":{"line":363,"column":61}},"189":{"start":{"line":367,"column":6},"end":{"line":376,"column":7}},"190":{"start":{"line":368,"column":8},"end":{"line":368,"column":71}},"191":{"start":{"line":368,"column":62},"end":{"line":368,"column":71}},"192":{"start":{"line":369,"column":8},"end":{"line":369,"column":55}},"193":{"start":{"line":369,"column":46},"end":{"line":369,"column":55}},"194":{"start":{"line":370,"column":8},"end":{"line":370,"column":55}},"195":{"start":{"line":370,"column":46},"end":{"line":370,"column":55}},"196":{"start":{"line":371,"column":20},"end":{"line":371,"column":31}},"197":{"start":{"line":372,"column":8},"end":{"line":375,"column":9}},"198":{"start":{"line":373,"column":10},"end":{"line":374,"column":62}},"199":{"start":{"line":392,"column":22},"end":{"line":392,"column":41}},"200":{"start":{"line":393,"column":20},"end":{"line":393,"column":22}},"201":{"start":{"line":394,"column":25},"end":{"line":394,"column":26}},"202":{"start":{"line":396,"column":6},"end":{"line":402,"column":7}},"203":{"start":{"line":397,"column":8},"end":{"line":400,"column":9}},"204":{"start":{"line":398,"column":10},"end":{"line":398,"column":52}},"205":{"start":{"line":398,"column":32},"end":{"line":398,"column":52}},"206":{"start":{"line":399,"column":10},"end":{"line":399,"column":56}},"207":{"start":{"line":401,"column":8},"end":{"line":401,"column":23}},"208":{"start":{"line":403,"column":6},"end":{"line":407,"column":7}},"209":{"start":{"line":404,"column":8},"end":{"line":406,"column":9}},"210":{"start":{"line":405,"column":10},"end":{"line":405,"column":40}},"211":{"start":{"line":408,"column":6},"end":{"line":410,"column":7}},"212":{"start":{"line":409,"column":8},"end":{"line":409,"column":40}},"213":{"start":{"line":412,"column":6},"end":{"line":418,"column":7}},"214":{"start":{"line":413,"column":8},"end":{"line":414,"column":68}},"215":{"start":{"line":414,"column":10},"end":{"line":414,"column":68}},"216":{"start":{"line":415,"column":8},"end":{"line":417,"column":54}},"217":{"start":{"line":416,"column":10},"end":{"line":417,"column":54}},"218":{"start":{"line":420,"column":6},"end":{"line":429,"column":7}},"219":{"start":{"line":421,"column":8},"end":{"line":428,"column":9}},"220":{"start":{"line":422,"column":25},"end":{"line":422,"column":46}},"221":{"start":{"line":423,"column":10},"end":{"line":427,"column":11}},"222":{"start":{"line":424,"column":12},"end":{"line":424,"column":79}},"223":{"start":{"line":424,"column":53},"end":{"line":424,"column":58}},"224":{"start":{"line":426,"column":12},"end":{"line":426,"column":31}},"225":{"start":{"line":431,"column":6},"end":{"line":431,"column":62}},"226":{"start":{"line":433,"column":6},"end":{"line":447,"column":7}},"227":{"start":{"line":434,"column":28},"end":{"line":436,"column":16}},"228":{"start":{"line":437,"column":8},"end":{"line":444,"column":11}},"229":{"start":{"line":438,"column":26},"end":{"line":438,"column":30}},"230":{"start":{"line":439,"column":10},"end":{"line":442,"column":11}},"231":{"start":{"line":440,"column":28},"end":{"line":440,"column":56}},"232":{"start":{"line":441,"column":12},"end":{"line":441,"column":60}},"233":{"start":{"line":443,"column":10},"end":{"line":443,"column":47}},"234":{"start":{"line":446,"column":8},"end":{"line":446,"column":42}},"235":{"start":{"line":450,"column":6},"end":{"line":467,"column":7}},"236":{"start":{"line":451,"column":26},"end":{"line":451,"column":47}},"237":{"start":{"line":452,"column":32},"end":{"line":452,"column":33}},"238":{"start":{"line":453,"column":8},"end":{"line":458,"column":9}},"239":{"start":{"line":454,"column":10},"end":{"line":456,"column":11}},"240":{"start":{"line":454,"column":23},"end":{"line":454,"column":24}},"241":{"start":{"line":455,"column":12},"end":{"line":455,"column":52}},"242":{"start":{"line":457,"column":10},"end":{"line":457,"column":30}},"243":{"start":{"line":459,"column":8},"end":{"line":463,"column":9}},"244":{"start":{"line":460,"column":10},"end":{"line":462,"column":11}},"245":{"start":{"line":460,"column":23},"end":{"line":460,"column":24}},"246":{"start":{"line":461,"column":12},"end":{"line":461,"column":46}},"247":{"start":{"line":464,"column":8},"end":{"line":464,"column":50}},"248":{"start":{"line":466,"column":8},"end":{"line":466,"column":62}},"249":{"start":{"line":469,"column":6},"end":{"line":469,"column":21}},"250":{"start":{"line":473,"column":21},"end":{"line":473,"column":23}},"251":{"start":{"line":474,"column":4},"end":{"line":487,"column":5}},"252":{"start":{"line":475,"column":6},"end":{"line":486,"column":8}},"253":{"start":{"line":490,"column":21},"end":{"line":490,"column":23}},"254":{"start":{"line":491,"column":4},"end":{"line":504,"column":5}},"255":{"start":{"line":492,"column":6},"end":{"line":503,"column":8}},"256":{"start":{"line":507,"column":20},"end":{"line":510,"column":6}},"257":{"start":{"line":511,"column":23},"end":{"line":511,"column":25}},"258":{"start":{"line":513,"column":4},"end":{"line":546,"column":5}},"259":{"start":{"line":514,"column":19},"end":{"line":514,"column":32}},"260":{"start":{"line":515,"column":19},"end":{"line":515,"column":38}},"261":{"start":{"line":517,"column":6},"end":{"line":517,"column":26}},"262":{"start":{"line":517,"column":17},"end":{"line":517,"column":26}},"263":{"start":{"line":519,"column":21},"end":{"line":519,"column":23}},"264":{"start":{"line":521,"column":6},"end":{"line":523,"column":7}},"265":{"start":{"line":522,"column":8},"end":{"line":522,"column":67}},"266":{"start":{"line":522,"column":39},"end":{"line":522,"column":67}},"267":{"start":{"line":526,"column":6},"end":{"line":527,"column":66}},"268":{"start":{"line":527,"column":8},"end":{"line":527,"column":66}},"269":{"start":{"line":530,"column":28},"end":{"line":533,"column":8}},"270":{"start":{"line":534,"column":6},"end":{"line":543,"column":7}},"271":{"start":{"line":535,"column":8},"end":{"line":535,"column":51}},"272":{"start":{"line":535,"column":42},"end":{"line":535,"column":51}},"273":{"start":{"line":536,"column":8},"end":{"line":536,"column":55}},"274":{"start":{"line":536,"column":46},"end":{"line":536,"column":55}},"275":{"start":{"line":537,"column":8},"end":{"line":538,"column":19}},"276":{"start":{"line":538,"column":10},"end":{"line":538,"column":19}},"277":{"start":{"line":540,"column":24},"end":{"line":540,"column":72}},"278":{"start":{"line":541,"column":24},"end":{"line":541,"column":72}},"279":{"start":{"line":542,"column":8},"end":{"line":542,"column":44}},"280":{"start":{"line":545,"column":6},"end":{"line":545,"column":30}},"281":{"start":{"line":548,"column":4},"end":{"line":548,"column":45}},"282":{"start":{"line":550,"column":4},"end":{"line":550,"column":47}},"283":{"start":{"line":551,"column":4},"end":{"line":551,"column":38}},"284":{"start":{"line":562,"column":2},"end":{"line":600,"column":3}},"285":{"start":{"line":563,"column":4},"end":{"line":563,"column":30}},"286":{"start":{"line":566,"column":22},"end":{"line":566,"column":52}},"287":{"start":{"line":567,"column":4},"end":{"line":567,"column":53}},"288":{"start":{"line":567,"column":14},"end":{"line":567,"column":53}},"289":{"start":{"line":568,"column":4},"end":{"line":568,"column":66}},"290":{"start":{"line":568,"column":17},"end":{"line":568,"column":66}},"291":{"start":{"line":571,"column":18},"end":{"line":582,"column":9}},"292":{"start":{"line":584,"column":19},"end":{"line":584,"column":41}},"293":{"start":{"line":587,"column":19},"end":{"line":594,"column":7}},"294":{"start":{"line":587,"column":50},"end":{"line":594,"column":5}},"295":{"start":{"line":596,"column":4},"end":{"line":596,"column":41}},"296":{"start":{"line":598,"column":4},"end":{"line":598,"column":54}},"297":{"start":{"line":599,"column":4},"end":{"line":599,"column":38}},"298":{"start":{"line":604,"column":2},"end":{"line":652,"column":3}},"299":{"start":{"line":605,"column":21},"end":{"line":605,"column":46}},"300":{"start":{"line":606,"column":4},"end":{"line":609,"column":5}},"301":{"start":{"line":607,"column":6},"end":{"line":607,"column":47}},"302":{"start":{"line":608,"column":6},"end":{"line":608,"column":16}},"303":{"start":{"line":610,"column":20},"end":{"line":610,"column":78}},"304":{"start":{"line":611,"column":4},"end":{"line":613,"column":5}},"305":{"start":{"line":612,"column":6},"end":{"line":612,"column":16}},"306":{"start":{"line":616,"column":4},"end":{"line":648,"column":5}},"307":{"start":{"line":617,"column":23},"end":{"line":617,"column":42}},"308":{"start":{"line":618,"column":6},"end":{"line":618,"column":22}},"309":{"start":{"line":621,"column":6},"end":{"line":621,"column":84}},"310":{"start":{"line":624,"column":22},"end":{"line":624,"column":29}},"311":{"start":{"line":625,"column":6},"end":{"line":637,"column":7}},"312":{"start":{"line":625,"column":19},"end":{"line":625,"column":37}},"313":{"start":{"line":626,"column":8},"end":{"line":636,"column":9}},"314":{"start":{"line":627,"column":28},"end":{"line":627,"column":54}},"315":{"start":{"line":628,"column":10},"end":{"line":633,"column":11}},"316":{"start":{"line":629,"column":12},"end":{"line":629,"column":34}},"317":{"start":{"line":630,"column":12},"end":{"line":630,"column":34}},"318":{"start":{"line":631,"column":12},"end":{"line":631,"column":132}},"319":{"start":{"line":632,"column":12},"end":{"line":632,"column":18}},"320":{"start":{"line":640,"column":6},"end":{"line":647,"column":7}},"321":{"start":{"line":641,"column":8},"end":{"line":641,"column":30}},"322":{"start":{"line":642,"column":8},"end":{"line":642,"column":37}},"323":{"start":{"line":644,"column":8},"end":{"line":644,"column":91}},"324":{"start":{"line":645,"column":8},"end":{"line":645,"column":49}},"325":{"start":{"line":646,"column":8},"end":{"line":646,"column":18}},"326":{"start":{"line":650,"column":4},"end":{"line":650,"column":65}},"327":{"start":{"line":651,"column":4},"end":{"line":651,"column":14}},"328":{"start":{"line":656,"column":19},"end":{"line":656,"column":44}},"329":{"start":{"line":658,"column":2},"end":{"line":660,"column":3}},"330":{"start":{"line":659,"column":4},"end":{"line":659,"column":48}},"331":{"start":{"line":662,"column":2},"end":{"line":671,"column":5}},"332":{"start":{"line":663,"column":4},"end":{"line":670,"column":7}},"333":{"start":{"line":664,"column":6},"end":{"line":669,"column":7}},"334":{"start":{"line":665,"column":8},"end":{"line":665,"column":52}},"335":{"start":{"line":666,"column":8},"end":{"line":666,"column":20}},"336":{"start":{"line":668,"column":8},"end":{"line":668,"column":22}},"337":{"start":{"line":674,"column":0},"end":{"line":683,"column":2}},"338":{"start":{"line":675,"column":17},"end":{"line":675,"column":36}}},"fnMap":{"0":{"name":"getEvents","decl":{"start":{"line":19,"column":15},"end":{"line":19,"column":24}},"loc":{"start":{"line":19,"column":27},"end":{"line":79,"column":1}},"line":19},"1":{"name":"(anonymous_1)","decl":{"start":{"line":26,"column":44},"end":{"line":26,"column":45}},"loc":{"start":{"line":26,"column":53},"end":{"line":26,"column":61}},"line":26},"2":{"name":"(anonymous_2)","decl":{"start":{"line":40,"column":21},"end":{"line":40,"column":22}},"loc":{"start":{"line":40,"column":37},"end":{"line":71,"column":7}},"line":40},"3":{"name":"getAvailableTeams","decl":{"start":{"line":82,"column":15},"end":{"line":82,"column":32}},"loc":{"start":{"line":82,"column":44},"end":{"line":100,"column":1}},"line":82},"4":{"name":"(anonymous_4)","decl":{"start":{"line":92,"column":11},"end":{"line":92,"column":12}},"loc":{"start":{"line":92,"column":18},"end":{"line":92,"column":51}},"line":92},"5":{"name":"(anonymous_5)","decl":{"start":{"line":93,"column":14},"end":{"line":93,"column":15}},"loc":{"start":{"line":93,"column":21},"end":{"line":93,"column":22}},"line":93},"6":{"name":"getAllData","decl":{"start":{"line":105,"column":15},"end":{"line":105,"column":25}},"loc":{"start":{"line":105,"column":49},"end":{"line":553,"column":1}},"line":105},"7":{"name":"(anonymous_7)","decl":{"start":{"line":124,"column":27},"end":{"line":124,"column":28}},"loc":{"start":{"line":124,"column":34},"end":{"line":124,"column":49}},"line":124},"8":{"name":"getPhaseIndex","decl":{"start":{"line":152,"column":13},"end":{"line":152,"column":26}},"loc":{"start":{"line":152,"column":43},"end":{"line":160,"column":5}},"line":152},"9":{"name":"assembleRow","decl":{"start":{"line":380,"column":13},"end":{"line":380,"column":24}},"loc":{"start":{"line":391,"column":6},"end":{"line":470,"column":5}},"line":391},"10":{"name":"(anonymous_10)","decl":{"start":{"line":424,"column":43},"end":{"line":424,"column":44}},"loc":{"start":{"line":424,"column":53},"end":{"line":424,"column":58}},"line":424},"11":{"name":"(anonymous_11)","decl":{"start":{"line":437,"column":66},"end":{"line":437,"column":67}},"loc":{"start":{"line":437,"column":75},"end":{"line":444,"column":9}},"line":437},"12":{"name":"getTransactionTimers","decl":{"start":{"line":556,"column":15},"end":{"line":556,"column":35}},"loc":{"start":{"line":561,"column":2},"end":{"line":601,"column":1}},"line":561},"13":{"name":"(anonymous_13)","decl":{"start":{"line":587,"column":40},"end":{"line":587,"column":41}},"loc":{"start":{"line":587,"column":50},"end":{"line":594,"column":5}},"line":587},"14":{"name":"readJSONFile","decl":{"start":{"line":603,"column":15},"end":{"line":603,"column":27}},"loc":{"start":{"line":603,"column":38},"end":{"line":653,"column":1}},"line":603},"15":{"name":"writeJSONFile","decl":{"start":{"line":655,"column":15},"end":{"line":655,"column":28}},"loc":{"start":{"line":655,"column":45},"end":{"line":672,"column":1}},"line":655},"16":{"name":"(anonymous_16)","decl":{"start":{"line":662,"column":21},"end":{"line":662,"column":22}},"loc":{"start":{"line":662,"column":42},"end":{"line":671,"column":3}},"line":662},"17":{"name":"(anonymous_17)","decl":{"start":{"line":663,"column":66},"end":{"line":663,"column":67}},"loc":{"start":{"line":663,"column":75},"end":{"line":670,"column":5}},"line":663},"18":{"name":"(anonymous_18)","decl":{"start":{"line":675,"column":11},"end":{"line":675,"column":12}},"loc":{"start":{"line":675,"column":17},"end":{"line":675,"column":36}},"line":675}},"branchMap":{"0":{"loc":{"start":{"line":42,"column":8},"end":{"line":47,"column":9}},"type":"if","locations":[{"start":{"line":42,"column":8},"end":{"line":47,"column":9}},{"start":{},"end":{}}],"line":42},"1":{"loc":{"start":{"line":55,"column":10},"end":{"line":61,"column":11}},"type":"if","locations":[{"start":{"line":55,"column":10},"end":{"line":61,"column":11}},{"start":{},"end":{}}],"line":55},"2":{"loc":{"start":{"line":59,"column":20},"end":{"line":59,"column":37}},"type":"binary-expr","locations":[{"start":{"line":59,"column":20},"end":{"line":59,"column":29}},{"start":{"line":59,"column":33},"end":{"line":59,"column":37}}],"line":59},"3":{"loc":{"start":{"line":105,"column":37},"end":{"line":105,"column":47}},"type":"default-arg","locations":[{"start":{"line":105,"column":46},"end":{"line":105,"column":47}}],"line":105},"4":{"loc":{"start":{"line":109,"column":4},"end":{"line":111,"column":5}},"type":"if","locations":[{"start":{"line":109,"column":4},"end":{"line":111,"column":5}},{"start":{},"end":{}}],"line":109},"5":{"loc":{"start":{"line":153,"column":6},"end":{"line":153,"column":40}},"type":"if","locations":[{"start":{"line":153,"column":6},"end":{"line":153,"column":40}},{"start":{},"end":{}}],"line":153},"6":{"loc":{"start":{"line":154,"column":6},"end":{"line":154,"column":40}},"type":"if","locations":[{"start":{"line":154,"column":6},"end":{"line":154,"column":40}},{"start":{},"end":{}}],"line":154},"7":{"loc":{"start":{"line":155,"column":6},"end":{"line":155,"column":40}},"type":"if","locations":[{"start":{"line":155,"column":6},"end":{"line":155,"column":40}},{"start":{},"end":{}}],"line":155},"8":{"loc":{"start":{"line":156,"column":6},"end":{"line":156,"column":40}},"type":"if","locations":[{"start":{"line":156,"column":6},"end":{"line":156,"column":40}},{"start":{},"end":{}}],"line":156},"9":{"loc":{"start":{"line":157,"column":6},"end":{"line":157,"column":41}},"type":"if","locations":[{"start":{"line":157,"column":6},"end":{"line":157,"column":41}},{"start":{},"end":{}}],"line":157},"10":{"loc":{"start":{"line":158,"column":6},"end":{"line":158,"column":41}},"type":"if","locations":[{"start":{"line":158,"column":6},"end":{"line":158,"column":41}},{"start":{},"end":{}}],"line":158},"11":{"loc":{"start":{"line":165,"column":19},"end":{"line":165,"column":39}},"type":"binary-expr","locations":[{"start":{"line":165,"column":19},"end":{"line":165,"column":27}},{"start":{"line":165,"column":31},"end":{"line":165,"column":39}}],"line":165},"12":{"loc":{"start":{"line":166,"column":20},"end":{"line":166,"column":42}},"type":"binary-expr","locations":[{"start":{"line":166,"column":20},"end":{"line":166,"column":29}},{"start":{"line":166,"column":33},"end":{"line":166,"column":42}}],"line":166},"13":{"loc":{"start":{"line":167,"column":22},"end":{"line":167,"column":56}},"type":"binary-expr","locations":[{"start":{"line":167,"column":22},"end":{"line":167,"column":37}},{"start":{"line":167,"column":41},"end":{"line":167,"column":56}}],"line":167},"14":{"loc":{"start":{"line":168,"column":6},"end":{"line":168,"column":36}},"type":"if","locations":[{"start":{"line":168,"column":6},"end":{"line":168,"column":36}},{"start":{},"end":{}}],"line":168},"15":{"loc":{"start":{"line":168,"column":10},"end":{"line":168,"column":25}},"type":"binary-expr","locations":[{"start":{"line":168,"column":10},"end":{"line":168,"column":15}},{"start":{"line":168,"column":19},"end":{"line":168,"column":25}}],"line":168},"16":{"loc":{"start":{"line":170,"column":6},"end":{"line":174,"column":7}},"type":"if","locations":[{"start":{"line":170,"column":6},"end":{"line":174,"column":7}},{"start":{},"end":{}}],"line":170},"17":{"loc":{"start":{"line":171,"column":8},"end":{"line":171,"column":63}},"type":"if","locations":[{"start":{"line":171,"column":8},"end":{"line":171,"column":63}},{"start":{},"end":{}}],"line":171},"18":{"loc":{"start":{"line":172,"column":22},"end":{"line":172,"column":53}},"type":"binary-expr","locations":[{"start":{"line":172,"column":22},"end":{"line":172,"column":28}},{"start":{"line":172,"column":32},"end":{"line":172,"column":38}},{"start":{"line":172,"column":42},"end":{"line":172,"column":48}},{"start":{"line":172,"column":52},"end":{"line":172,"column":53}}],"line":172},"19":{"loc":{"start":{"line":200,"column":19},"end":{"line":200,"column":39}},"type":"binary-expr","locations":[{"start":{"line":200,"column":19},"end":{"line":200,"column":27}},{"start":{"line":200,"column":31},"end":{"line":200,"column":39}}],"line":200},"20":{"loc":{"start":{"line":201,"column":20},"end":{"line":201,"column":42}},"type":"binary-expr","locations":[{"start":{"line":201,"column":20},"end":{"line":201,"column":29}},{"start":{"line":201,"column":33},"end":{"line":201,"column":42}}],"line":201},"21":{"loc":{"start":{"line":202,"column":22},"end":{"line":202,"column":56}},"type":"binary-expr","locations":[{"start":{"line":202,"column":22},"end":{"line":202,"column":37}},{"start":{"line":202,"column":41},"end":{"line":202,"column":56}}],"line":202},"22":{"loc":{"start":{"line":203,"column":6},"end":{"line":203,"column":36}},"type":"if","locations":[{"start":{"line":203,"column":6},"end":{"line":203,"column":36}},{"start":{},"end":{}}],"line":203},"23":{"loc":{"start":{"line":203,"column":10},"end":{"line":203,"column":25}},"type":"binary-expr","locations":[{"start":{"line":203,"column":10},"end":{"line":203,"column":15}},{"start":{"line":203,"column":19},"end":{"line":203,"column":25}}],"line":203},"24":{"loc":{"start":{"line":206,"column":20},"end":{"line":206,"column":51}},"type":"binary-expr","locations":[{"start":{"line":206,"column":20},"end":{"line":206,"column":26}},{"start":{"line":206,"column":30},"end":{"line":206,"column":36}},{"start":{"line":206,"column":40},"end":{"line":206,"column":46}},{"start":{"line":206,"column":50},"end":{"line":206,"column":51}}],"line":206},"25":{"loc":{"start":{"line":209,"column":6},"end":{"line":211,"column":7}},"type":"if","locations":[{"start":{"line":209,"column":6},"end":{"line":211,"column":7}},{"start":{},"end":{}}],"line":209},"26":{"loc":{"start":{"line":209,"column":10},"end":{"line":209,"column":72}},"type":"binary-expr","locations":[{"start":{"line":209,"column":10},"end":{"line":209,"column":41}},{"start":{"line":209,"column":45},"end":{"line":209,"column":72}}],"line":209},"27":{"loc":{"start":{"line":214,"column":6},"end":{"line":232,"column":7}},"type":"if","locations":[{"start":{"line":214,"column":6},"end":{"line":232,"column":7}},{"start":{},"end":{}}],"line":214},"28":{"loc":{"start":{"line":215,"column":8},"end":{"line":218,"column":34}},"type":"binary-expr","locations":[{"start":{"line":215,"column":8},"end":{"line":215,"column":39}},{"start":{"line":216,"column":8},"end":{"line":216,"column":36}},{"start":{"line":217,"column":8},"end":{"line":217,"column":33}},{"start":{"line":218,"column":8},"end":{"line":218,"column":34}}],"line":215},"29":{"loc":{"start":{"line":220,"column":8},"end":{"line":222,"column":9}},"type":"if","locations":[{"start":{"line":220,"column":8},"end":{"line":222,"column":9}},{"start":{},"end":{}}],"line":220},"30":{"loc":{"start":{"line":223,"column":8},"end":{"line":225,"column":9}},"type":"if","locations":[{"start":{"line":223,"column":8},"end":{"line":225,"column":9}},{"start":{},"end":{}}],"line":223},"31":{"loc":{"start":{"line":237,"column":6},"end":{"line":249,"column":7}},"type":"if","locations":[{"start":{"line":237,"column":6},"end":{"line":249,"column":7}},{"start":{},"end":{}}],"line":237},"32":{"loc":{"start":{"line":239,"column":11},"end":{"line":239,"column":47}},"type":"binary-expr","locations":[{"start":{"line":239,"column":11},"end":{"line":239,"column":42}},{"start":{"line":239,"column":46},"end":{"line":239,"column":47}}],"line":239},"33":{"loc":{"start":{"line":240,"column":8},"end":{"line":241,"column":48}},"type":"if","locations":[{"start":{"line":240,"column":8},"end":{"line":241,"column":48}},{"start":{},"end":{}}],"line":240},"34":{"loc":{"start":{"line":244,"column":12},"end":{"line":246,"column":25}},"type":"cond-expr","locations":[{"start":{"line":245,"column":16},"end":{"line":245,"column":30}},{"start":{"line":246,"column":16},"end":{"line":246,"column":25}}],"line":244},"35":{"loc":{"start":{"line":244,"column":12},"end":{"line":244,"column":52}},"type":"binary-expr","locations":[{"start":{"line":244,"column":12},"end":{"line":244,"column":26}},{"start":{"line":244,"column":30},"end":{"line":244,"column":52}}],"line":244},"36":{"loc":{"start":{"line":247,"column":16},"end":{"line":247,"column":32}},"type":"binary-expr","locations":[{"start":{"line":247,"column":16},"end":{"line":247,"column":24}},{"start":{"line":247,"column":28},"end":{"line":247,"column":32}}],"line":247},"37":{"loc":{"start":{"line":251,"column":6},"end":{"line":254,"column":7}},"type":"if","locations":[{"start":{"line":251,"column":6},"end":{"line":254,"column":7}},{"start":{},"end":{}}],"line":251},"38":{"loc":{"start":{"line":252,"column":8},"end":{"line":253,"column":57}},"type":"if","locations":[{"start":{"line":252,"column":8},"end":{"line":253,"column":57}},{"start":{},"end":{}}],"line":252},"39":{"loc":{"start":{"line":253,"column":40},"end":{"line":253,"column":56}},"type":"binary-expr","locations":[{"start":{"line":253,"column":40},"end":{"line":253,"column":48}},{"start":{"line":253,"column":52},"end":{"line":253,"column":56}}],"line":253},"40":{"loc":{"start":{"line":256,"column":6},"end":{"line":256,"column":57}},"type":"if","locations":[{"start":{"line":256,"column":6},"end":{"line":256,"column":57}},{"start":{},"end":{}}],"line":256},"41":{"loc":{"start":{"line":257,"column":6},"end":{"line":257,"column":75}},"type":"if","locations":[{"start":{"line":257,"column":6},"end":{"line":257,"column":75}},{"start":{},"end":{}}],"line":257},"42":{"loc":{"start":{"line":261,"column":6},"end":{"line":267,"column":7}},"type":"if","locations":[{"start":{"line":261,"column":6},"end":{"line":267,"column":7}},{"start":{},"end":{}}],"line":261},"43":{"loc":{"start":{"line":262,"column":8},"end":{"line":264,"column":49}},"type":"binary-expr","locations":[{"start":{"line":262,"column":8},"end":{"line":262,"column":24}},{"start":{"line":263,"column":8},"end":{"line":263,"column":18}},{"start":{"line":264,"column":8},"end":{"line":264,"column":49}}],"line":262},"44":{"loc":{"start":{"line":269,"column":6},"end":{"line":277,"column":7}},"type":"if","locations":[{"start":{"line":269,"column":6},"end":{"line":277,"column":7}},{"start":{},"end":{}}],"line":269},"45":{"loc":{"start":{"line":270,"column":8},"end":{"line":271,"column":47}},"type":"if","locations":[{"start":{"line":270,"column":8},"end":{"line":271,"column":47}},{"start":{},"end":{}}],"line":270},"46":{"loc":{"start":{"line":272,"column":8},"end":{"line":273,"column":74}},"type":"if","locations":[{"start":{"line":272,"column":8},"end":{"line":273,"column":74}},{"start":{},"end":{}}],"line":272},"47":{"loc":{"start":{"line":272,"column":12},"end":{"line":272,"column":63}},"type":"binary-expr","locations":[{"start":{"line":272,"column":12},"end":{"line":272,"column":35}},{"start":{"line":272,"column":39},"end":{"line":272,"column":63}}],"line":272},"48":{"loc":{"start":{"line":274,"column":8},"end":{"line":276,"column":36}},"type":"if","locations":[{"start":{"line":274,"column":8},"end":{"line":276,"column":36}},{"start":{},"end":{}}],"line":274},"49":{"loc":{"start":{"line":274,"column":12},"end":{"line":274,"column":77}},"type":"binary-expr","locations":[{"start":{"line":274,"column":12},"end":{"line":274,"column":42}},{"start":{"line":274,"column":46},"end":{"line":274,"column":77}}],"line":274},"50":{"loc":{"start":{"line":279,"column":6},"end":{"line":290,"column":7}},"type":"if","locations":[{"start":{"line":279,"column":6},"end":{"line":290,"column":7}},{"start":{},"end":{}}],"line":279},"51":{"loc":{"start":{"line":280,"column":8},"end":{"line":284,"column":9}},"type":"if","locations":[{"start":{"line":280,"column":8},"end":{"line":284,"column":9}},{"start":{},"end":{}}],"line":280},"52":{"loc":{"start":{"line":287,"column":10},"end":{"line":288,"column":62}},"type":"if","locations":[{"start":{"line":287,"column":10},"end":{"line":288,"column":62}},{"start":{},"end":{}}],"line":287},"53":{"loc":{"start":{"line":287,"column":14},"end":{"line":287,"column":66}},"type":"binary-expr","locations":[{"start":{"line":287,"column":14},"end":{"line":287,"column":24}},{"start":{"line":287,"column":28},"end":{"line":287,"column":39}},{"start":{"line":287,"column":43},"end":{"line":287,"column":66}}],"line":287},"54":{"loc":{"start":{"line":293,"column":8},"end":{"line":293,"column":71}},"type":"if","locations":[{"start":{"line":293,"column":8},"end":{"line":293,"column":71}},{"start":{},"end":{}}],"line":293},"55":{"loc":{"start":{"line":294,"column":8},"end":{"line":294,"column":55}},"type":"if","locations":[{"start":{"line":294,"column":8},"end":{"line":294,"column":55}},{"start":{},"end":{}}],"line":294},"56":{"loc":{"start":{"line":295,"column":8},"end":{"line":295,"column":55}},"type":"if","locations":[{"start":{"line":295,"column":8},"end":{"line":295,"column":55}},{"start":{},"end":{}}],"line":295},"57":{"loc":{"start":{"line":297,"column":8},"end":{"line":300,"column":9}},"type":"if","locations":[{"start":{"line":297,"column":8},"end":{"line":300,"column":9}},{"start":{},"end":{}}],"line":297},"58":{"loc":{"start":{"line":297,"column":12},"end":{"line":297,"column":49}},"type":"binary-expr","locations":[{"start":{"line":297,"column":12},"end":{"line":297,"column":35}},{"start":{"line":297,"column":39},"end":{"line":297,"column":49}}],"line":297},"59":{"loc":{"start":{"line":299,"column":13},"end":{"line":299,"column":54}},"type":"binary-expr","locations":[{"start":{"line":299,"column":13},"end":{"line":299,"column":49}},{"start":{"line":299,"column":53},"end":{"line":299,"column":54}}],"line":299},"60":{"loc":{"start":{"line":305,"column":6},"end":{"line":305,"column":50}},"type":"if","locations":[{"start":{"line":305,"column":6},"end":{"line":305,"column":50}},{"start":{},"end":{}}],"line":305},"61":{"loc":{"start":{"line":309,"column":8},"end":{"line":311,"column":46}},"type":"binary-expr","locations":[{"start":{"line":309,"column":8},"end":{"line":309,"column":29}},{"start":{"line":310,"column":8},"end":{"line":310,"column":52}},{"start":{"line":311,"column":8},"end":{"line":311,"column":46}}],"line":309},"62":{"loc":{"start":{"line":312,"column":6},"end":{"line":312,"column":35}},"type":"if","locations":[{"start":{"line":312,"column":6},"end":{"line":312,"column":35}},{"start":{},"end":{}}],"line":312},"63":{"loc":{"start":{"line":314,"column":6},"end":{"line":326,"column":7}},"type":"if","locations":[{"start":{"line":314,"column":6},"end":{"line":326,"column":7}},{"start":{},"end":{}}],"line":314},"64":{"loc":{"start":{"line":316,"column":11},"end":{"line":316,"column":47}},"type":"binary-expr","locations":[{"start":{"line":316,"column":11},"end":{"line":316,"column":42}},{"start":{"line":316,"column":46},"end":{"line":316,"column":47}}],"line":316},"65":{"loc":{"start":{"line":317,"column":8},"end":{"line":318,"column":48}},"type":"if","locations":[{"start":{"line":317,"column":8},"end":{"line":318,"column":48}},{"start":{},"end":{}}],"line":317},"66":{"loc":{"start":{"line":321,"column":12},"end":{"line":323,"column":25}},"type":"cond-expr","locations":[{"start":{"line":322,"column":16},"end":{"line":322,"column":30}},{"start":{"line":323,"column":16},"end":{"line":323,"column":25}}],"line":321},"67":{"loc":{"start":{"line":321,"column":12},"end":{"line":321,"column":52}},"type":"binary-expr","locations":[{"start":{"line":321,"column":12},"end":{"line":321,"column":26}},{"start":{"line":321,"column":30},"end":{"line":321,"column":52}}],"line":321},"68":{"loc":{"start":{"line":324,"column":16},"end":{"line":324,"column":32}},"type":"binary-expr","locations":[{"start":{"line":324,"column":16},"end":{"line":324,"column":24}},{"start":{"line":324,"column":28},"end":{"line":324,"column":32}}],"line":324},"69":{"loc":{"start":{"line":328,"column":6},"end":{"line":331,"column":7}},"type":"if","locations":[{"start":{"line":328,"column":6},"end":{"line":331,"column":7}},{"start":{},"end":{}}],"line":328},"70":{"loc":{"start":{"line":329,"column":8},"end":{"line":330,"column":57}},"type":"if","locations":[{"start":{"line":329,"column":8},"end":{"line":330,"column":57}},{"start":{},"end":{}}],"line":329},"71":{"loc":{"start":{"line":330,"column":40},"end":{"line":330,"column":56}},"type":"binary-expr","locations":[{"start":{"line":330,"column":40},"end":{"line":330,"column":48}},{"start":{"line":330,"column":52},"end":{"line":330,"column":56}}],"line":330},"72":{"loc":{"start":{"line":333,"column":6},"end":{"line":333,"column":57}},"type":"if","locations":[{"start":{"line":333,"column":6},"end":{"line":333,"column":57}},{"start":{},"end":{}}],"line":333},"73":{"loc":{"start":{"line":334,"column":6},"end":{"line":334,"column":75}},"type":"if","locations":[{"start":{"line":334,"column":6},"end":{"line":334,"column":75}},{"start":{},"end":{}}],"line":334},"74":{"loc":{"start":{"line":338,"column":6},"end":{"line":344,"column":7}},"type":"if","locations":[{"start":{"line":338,"column":6},"end":{"line":344,"column":7}},{"start":{},"end":{}}],"line":338},"75":{"loc":{"start":{"line":339,"column":8},"end":{"line":341,"column":48}},"type":"binary-expr","locations":[{"start":{"line":339,"column":8},"end":{"line":339,"column":24}},{"start":{"line":340,"column":8},"end":{"line":340,"column":17}},{"start":{"line":341,"column":8},"end":{"line":341,"column":48}}],"line":339},"76":{"loc":{"start":{"line":346,"column":6},"end":{"line":365,"column":7}},"type":"if","locations":[{"start":{"line":346,"column":6},"end":{"line":365,"column":7}},{"start":{},"end":{}}],"line":346},"77":{"loc":{"start":{"line":347,"column":8},"end":{"line":348,"column":47}},"type":"if","locations":[{"start":{"line":347,"column":8},"end":{"line":348,"column":47}},{"start":{},"end":{}}],"line":347},"78":{"loc":{"start":{"line":349,"column":8},"end":{"line":350,"column":74}},"type":"if","locations":[{"start":{"line":349,"column":8},"end":{"line":350,"column":74}},{"start":{},"end":{}}],"line":349},"79":{"loc":{"start":{"line":349,"column":12},"end":{"line":349,"column":63}},"type":"binary-expr","locations":[{"start":{"line":349,"column":12},"end":{"line":349,"column":35}},{"start":{"line":349,"column":39},"end":{"line":349,"column":63}}],"line":349},"80":{"loc":{"start":{"line":351,"column":8},"end":{"line":353,"column":36}},"type":"if","locations":[{"start":{"line":351,"column":8},"end":{"line":353,"column":36}},{"start":{},"end":{}}],"line":351},"81":{"loc":{"start":{"line":351,"column":12},"end":{"line":351,"column":77}},"type":"binary-expr","locations":[{"start":{"line":351,"column":12},"end":{"line":351,"column":42}},{"start":{"line":351,"column":46},"end":{"line":351,"column":77}}],"line":351},"82":{"loc":{"start":{"line":355,"column":8},"end":{"line":359,"column":9}},"type":"if","locations":[{"start":{"line":355,"column":8},"end":{"line":359,"column":9}},{"start":{},"end":{}}],"line":355},"83":{"loc":{"start":{"line":362,"column":10},"end":{"line":363,"column":61}},"type":"if","locations":[{"start":{"line":362,"column":10},"end":{"line":363,"column":61}},{"start":{},"end":{}}],"line":362},"84":{"loc":{"start":{"line":362,"column":14},"end":{"line":362,"column":66}},"type":"binary-expr","locations":[{"start":{"line":362,"column":14},"end":{"line":362,"column":24}},{"start":{"line":362,"column":28},"end":{"line":362,"column":39}},{"start":{"line":362,"column":43},"end":{"line":362,"column":66}}],"line":362},"85":{"loc":{"start":{"line":368,"column":8},"end":{"line":368,"column":71}},"type":"if","locations":[{"start":{"line":368,"column":8},"end":{"line":368,"column":71}},{"start":{},"end":{}}],"line":368},"86":{"loc":{"start":{"line":369,"column":8},"end":{"line":369,"column":55}},"type":"if","locations":[{"start":{"line":369,"column":8},"end":{"line":369,"column":55}},{"start":{},"end":{}}],"line":369},"87":{"loc":{"start":{"line":370,"column":8},"end":{"line":370,"column":55}},"type":"if","locations":[{"start":{"line":370,"column":8},"end":{"line":370,"column":55}},{"start":{},"end":{}}],"line":370},"88":{"loc":{"start":{"line":372,"column":8},"end":{"line":375,"column":9}},"type":"if","locations":[{"start":{"line":372,"column":8},"end":{"line":375,"column":9}},{"start":{},"end":{}}],"line":372},"89":{"loc":{"start":{"line":372,"column":12},"end":{"line":372,"column":49}},"type":"binary-expr","locations":[{"start":{"line":372,"column":12},"end":{"line":372,"column":35}},{"start":{"line":372,"column":39},"end":{"line":372,"column":49}}],"line":372},"90":{"loc":{"start":{"line":374,"column":13},"end":{"line":374,"column":54}},"type":"binary-expr","locations":[{"start":{"line":374,"column":13},"end":{"line":374,"column":49}},{"start":{"line":374,"column":53},"end":{"line":374,"column":54}}],"line":374},"91":{"loc":{"start":{"line":396,"column":40},"end":{"line":396,"column":55}},"type":"binary-expr","locations":[{"start":{"line":396,"column":40},"end":{"line":396,"column":49}},{"start":{"line":396,"column":53},"end":{"line":396,"column":55}}],"line":396},"92":{"loc":{"start":{"line":398,"column":10},"end":{"line":398,"column":52}},"type":"if","locations":[{"start":{"line":398,"column":10},"end":{"line":398,"column":52}},{"start":{},"end":{}}],"line":398},"93":{"loc":{"start":{"line":403,"column":6},"end":{"line":407,"column":7}},"type":"if","locations":[{"start":{"line":403,"column":6},"end":{"line":407,"column":7}},{"start":{},"end":{}}],"line":403},"94":{"loc":{"start":{"line":412,"column":6},"end":{"line":418,"column":7}},"type":"if","locations":[{"start":{"line":412,"column":6},"end":{"line":418,"column":7}},{"start":{},"end":{}}],"line":412},"95":{"loc":{"start":{"line":413,"column":8},"end":{"line":414,"column":68}},"type":"if","locations":[{"start":{"line":413,"column":8},"end":{"line":414,"column":68}},{"start":{},"end":{}}],"line":413},"96":{"loc":{"start":{"line":415,"column":8},"end":{"line":417,"column":54}},"type":"if","locations":[{"start":{"line":415,"column":8},"end":{"line":417,"column":54}},{"start":{},"end":{}}],"line":415},"97":{"loc":{"start":{"line":420,"column":6},"end":{"line":429,"column":7}},"type":"if","locations":[{"start":{"line":420,"column":6},"end":{"line":429,"column":7}},{"start":{},"end":{}}],"line":420},"98":{"loc":{"start":{"line":423,"column":10},"end":{"line":427,"column":11}},"type":"if","locations":[{"start":{"line":423,"column":10},"end":{"line":427,"column":11}},{"start":{"line":425,"column":17},"end":{"line":427,"column":11}}],"line":423},"99":{"loc":{"start":{"line":423,"column":14},"end":{"line":423,"column":41}},"type":"binary-expr","locations":[{"start":{"line":423,"column":14},"end":{"line":423,"column":20}},{"start":{"line":423,"column":24},"end":{"line":423,"column":41}}],"line":423},"100":{"loc":{"start":{"line":431,"column":35},"end":{"line":431,"column":61}},"type":"binary-expr","locations":[{"start":{"line":431,"column":35},"end":{"line":431,"column":56}},{"start":{"line":431,"column":60},"end":{"line":431,"column":61}}],"line":431},"101":{"loc":{"start":{"line":433,"column":6},"end":{"line":447,"column":7}},"type":"if","locations":[{"start":{"line":433,"column":6},"end":{"line":447,"column":7}},{"start":{"line":445,"column":13},"end":{"line":447,"column":7}}],"line":433},"102":{"loc":{"start":{"line":433,"column":10},"end":{"line":433,"column":69}},"type":"binary-expr","locations":[{"start":{"line":433,"column":10},"end":{"line":433,"column":32}},{"start":{"line":433,"column":36},"end":{"line":433,"column":69}}],"line":433},"103":{"loc":{"start":{"line":434,"column":28},"end":{"line":436,"column":16}},"type":"cond-expr","locations":[{"start":{"line":435,"column":12},"end":{"line":435,"column":49}},{"start":{"line":436,"column":12},"end":{"line":436,"column":16}}],"line":434},"104":{"loc":{"start":{"line":439,"column":10},"end":{"line":442,"column":11}},"type":"if","locations":[{"start":{"line":439,"column":10},"end":{"line":442,"column":11}},{"start":{},"end":{}}],"line":439},"105":{"loc":{"start":{"line":439,"column":14},"end":{"line":439,"column":37}},"type":"binary-expr","locations":[{"start":{"line":439,"column":14},"end":{"line":439,"column":22}},{"start":{"line":439,"column":26},"end":{"line":439,"column":37}}],"line":439},"106":{"loc":{"start":{"line":450,"column":6},"end":{"line":467,"column":7}},"type":"if","locations":[{"start":{"line":450,"column":6},"end":{"line":467,"column":7}},{"start":{"line":465,"column":13},"end":{"line":467,"column":7}}],"line":450},"107":{"loc":{"start":{"line":459,"column":8},"end":{"line":463,"column":9}},"type":"if","locations":[{"start":{"line":459,"column":8},"end":{"line":463,"column":9}},{"start":{},"end":{}}],"line":459},"108":{"loc":{"start":{"line":515,"column":19},"end":{"line":515,"column":38}},"type":"binary-expr","locations":[{"start":{"line":515,"column":19},"end":{"line":515,"column":32}},{"start":{"line":515,"column":36},"end":{"line":515,"column":38}}],"line":515},"109":{"loc":{"start":{"line":517,"column":6},"end":{"line":517,"column":26}},"type":"if","locations":[{"start":{"line":517,"column":6},"end":{"line":517,"column":26}},{"start":{},"end":{}}],"line":517},"110":{"loc":{"start":{"line":522,"column":8},"end":{"line":522,"column":67}},"type":"if","locations":[{"start":{"line":522,"column":8},"end":{"line":522,"column":67}},{"start":{},"end":{}}],"line":522},"111":{"loc":{"start":{"line":526,"column":6},"end":{"line":527,"column":66}},"type":"if","locations":[{"start":{"line":526,"column":6},"end":{"line":527,"column":66}},{"start":{},"end":{}}],"line":526},"112":{"loc":{"start":{"line":535,"column":8},"end":{"line":535,"column":51}},"type":"if","locations":[{"start":{"line":535,"column":8},"end":{"line":535,"column":51}},{"start":{},"end":{}}],"line":535},"113":{"loc":{"start":{"line":536,"column":8},"end":{"line":536,"column":55}},"type":"if","locations":[{"start":{"line":536,"column":8},"end":{"line":536,"column":55}},{"start":{},"end":{}}],"line":536},"114":{"loc":{"start":{"line":537,"column":8},"end":{"line":538,"column":19}},"type":"if","locations":[{"start":{"line":537,"column":8},"end":{"line":538,"column":19}},{"start":{},"end":{}}],"line":537},"115":{"loc":{"start":{"line":540,"column":24},"end":{"line":540,"column":72}},"type":"cond-expr","locations":[{"start":{"line":540,"column":53},"end":{"line":540,"column":65}},{"start":{"line":540,"column":68},"end":{"line":540,"column":72}}],"line":540},"116":{"loc":{"start":{"line":541,"column":24},"end":{"line":541,"column":72}},"type":"cond-expr","locations":[{"start":{"line":541,"column":53},"end":{"line":541,"column":65}},{"start":{"line":541,"column":68},"end":{"line":541,"column":72}}],"line":541},"117":{"loc":{"start":{"line":559,"column":2},"end":{"line":559,"column":13}},"type":"default-arg","locations":[{"start":{"line":559,"column":9},"end":{"line":559,"column":13}}],"line":559},"118":{"loc":{"start":{"line":560,"column":2},"end":{"line":560,"column":16}},"type":"default-arg","locations":[{"start":{"line":560,"column":12},"end":{"line":560,"column":16}}],"line":560},"119":{"loc":{"start":{"line":567,"column":4},"end":{"line":567,"column":53}},"type":"if","locations":[{"start":{"line":567,"column":4},"end":{"line":567,"column":53}},{"start":{},"end":{}}],"line":567},"120":{"loc":{"start":{"line":568,"column":4},"end":{"line":568,"column":66}},"type":"if","locations":[{"start":{"line":568,"column":4},"end":{"line":568,"column":66}},{"start":{},"end":{}}],"line":568},"121":{"loc":{"start":{"line":606,"column":4},"end":{"line":609,"column":5}},"type":"if","locations":[{"start":{"line":606,"column":4},"end":{"line":609,"column":5}},{"start":{},"end":{}}],"line":606},"122":{"loc":{"start":{"line":611,"column":4},"end":{"line":613,"column":5}},"type":"if","locations":[{"start":{"line":611,"column":4},"end":{"line":613,"column":5}},{"start":{},"end":{}}],"line":611},"123":{"loc":{"start":{"line":611,"column":8},"end":{"line":611,"column":35}},"type":"binary-expr","locations":[{"start":{"line":611,"column":8},"end":{"line":611,"column":16}},{"start":{"line":611,"column":20},"end":{"line":611,"column":35}}],"line":611},"124":{"loc":{"start":{"line":628,"column":10},"end":{"line":633,"column":11}},"type":"if","locations":[{"start":{"line":628,"column":10},"end":{"line":633,"column":11}},{"start":{},"end":{}}],"line":628},"125":{"loc":{"start":{"line":628,"column":14},"end":{"line":628,"column":79}},"type":"binary-expr","locations":[{"start":{"line":628,"column":14},"end":{"line":628,"column":23}},{"start":{"line":628,"column":28},"end":{"line":628,"column":51}},{"start":{"line":628,"column":55},"end":{"line":628,"column":78}}],"line":628},"126":{"loc":{"start":{"line":658,"column":2},"end":{"line":660,"column":3}},"type":"if","locations":[{"start":{"line":658,"column":2},"end":{"line":660,"column":3}},{"start":{},"end":{}}],"line":658},"127":{"loc":{"start":{"line":664,"column":6},"end":{"line":669,"column":7}},"type":"if","locations":[{"start":{"line":664,"column":6},"end":{"line":669,"column":7}},{"start":{"line":667,"column":13},"end":{"line":669,"column":7}}],"line":664}},"s":{"0":1,"1":1,"2":1,"3":1,"4":1,"5":2,"6":2,"7":1,"8":1,"9":2,"10":1,"11":1,"12":1,"13":0,"14":1,"15":1,"16":2,"17":0,"18":2,"19":2,"20":2,"21":0,"22":0,"23":0,"24":2,"25":1,"26":1,"27":1,"28":2,"29":2,"30":1,"31":1,"32":1,"33":4,"34":4,"35":1,"36":1,"37":1,"38":1,"39":2,"40":2,"41":1,"42":1,"43":0,"44":1,"45":1,"46":1,"47":1,"48":6,"49":1,"50":1,"51":0,"52":0,"53":0,"54":0,"55":0,"56":0,"57":0,"58":0,"59":0,"60":0,"61":0,"62":0,"63":0,"64":1,"65":1,"66":4,"67":4,"68":4,"69":4,"70":0,"71":4,"72":4,"73":1,"74":1,"75":1,"76":1,"77":1,"78":1,"79":1,"80":1,"81":1,"82":1,"83":1,"84":1,"85":1,"86":1,"87":1,"88":1,"89":1,"90":1,"91":1,"92":1,"93":1,"94":4,"95":4,"96":4,"97":4,"98":0,"99":4,"100":4,"101":4,"102":0,"103":4,"104":0,"105":0,"106":0,"107":0,"108":0,"109":0,"110":0,"111":4,"112":1,"113":1,"114":1,"115":1,"116":4,"117":1,"118":1,"119":4,"120":1,"121":4,"122":1,"123":4,"124":4,"125":4,"126":4,"127":4,"128":1,"129":1,"130":1,"131":1,"132":1,"133":1,"134":4,"135":1,"136":1,"137":1,"138":6,"139":1,"140":6,"141":6,"142":1,"143":4,"144":34,"145":1,"146":33,"147":24,"148":9,"149":4,"150":5,"151":5,"152":4,"153":4,"154":1,"155":3,"156":3,"157":1,"158":2,"159":0,"160":0,"161":0,"162":0,"163":2,"164":1,"165":1,"166":2,"167":1,"168":2,"169":1,"170":2,"171":2,"172":2,"173":2,"174":2,"175":1,"176":1,"177":1,"178":1,"179":1,"180":1,"181":1,"182":1,"183":1,"184":6,"185":1,"186":6,"187":6,"188":0,"189":2,"190":18,"191":0,"192":18,"193":12,"194":6,"195":4,"196":2,"197":2,"198":2,"199":2,"200":2,"201":2,"202":2,"203":2,"204":2,"205":2,"206":2,"207":2,"208":2,"209":2,"210":2,"211":2,"212":2,"213":2,"214":2,"215":2,"216":2,"217":2,"218":2,"219":2,"220":12,"221":12,"222":1,"223":1,"224":11,"225":2,"226":2,"227":1,"228":1,"229":1,"230":1,"231":1,"232":1,"233":1,"234":1,"235":2,"236":0,"237":0,"238":0,"239":0,"240":0,"241":0,"242":0,"243":0,"244":0,"245":0,"246":0,"247":0,"248":2,"249":2,"250":1,"251":1,"252":1,"253":1,"254":1,"255":1,"256":1,"257":1,"258":1,"259":1,"260":1,"261":1,"262":0,"263":1,"264":1,"265":16,"266":6,"267":1,"268":1,"269":1,"270":1,"271":18,"272":7,"273":11,"274":0,"275":11,"276":0,"277":11,"278":11,"279":11,"280":1,"281":1,"282":1,"283":1,"284":0,"285":0,"286":0,"287":0,"288":0,"289":0,"290":0,"291":0,"292":0,"293":0,"294":0,"295":0,"296":0,"297":0,"298":4,"299":4,"300":4,"301":2,"302":2,"303":2,"304":2,"305":0,"306":2,"307":2,"308":1,"309":1,"310":1,"311":1,"312":1,"313":9,"314":9,"315":9,"316":0,"317":0,"318":0,"319":0,"320":1,"321":1,"322":0,"323":1,"324":1,"325":1,"326":0,"327":0,"328":1,"329":1,"330":1,"331":1,"332":1,"333":0,"334":0,"335":0,"336":0,"337":1,"338":0},"f":{"0":2,"1":2,"2":2,"3":2,"4":4,"5":4,"6":2,"7":6,"8":0,"9":2,"10":1,"11":1,"12":0,"13":0,"14":4,"15":1,"16":1,"17":0,"18":0},"b":{"0":[0,2],"1":[0,2],"2":[0,0],"3":[0],"4":[0,1],"5":[0,0],"6":[0,0],"7":[0,0],"8":[0,0],"9":[0,0],"10":[0,0],"11":[4,0],"12":[4,0],"13":[4,0],"14":[0,4],"15":[4,4],"16":[1,3],"17":[1,0],"18":[1,0,0,0],"19":[4,0],"20":[4,0],"21":[4,0],"22":[0,4],"23":[4,4],"24":[4,0,0,0],"25":[0,4],"26":[4,0],"27":[0,4],"28":[4,0,0,0],"29":[0,0],"30":[0,0],"31":[1,3],"32":[1,1],"33":[1,0],"34":[1,0],"35":[1,1],"36":[1,0],"37":[1,3],"38":[1,0],"39":[1,0],"40":[1,3],"41":[1,3],"42":[4,0],"43":[4,3,2],"44":[1,3],"45":[1,0],"46":[1,0],"47":[1,1],"48":[1,0],"49":[1,1],"50":[1,3],"51":[1,0],"52":[1,5],"53":[6,6,1],"54":[1,33],"55":[24,9],"56":[4,5],"57":[4,1],"58":[5,4],"59":[4,1],"60":[1,3],"61":[3,3,3],"62":[1,2],"63":[0,2],"64":[0,0],"65":[0,0],"66":[0,0],"67":[0,0],"68":[0,0],"69":[1,1],"70":[1,0],"71":[1,0],"72":[1,1],"73":[1,1],"74":[2,0],"75":[2,1,0],"76":[1,1],"77":[1,0],"78":[1,0],"79":[1,1],"80":[1,0],"81":[1,1],"82":[1,0],"83":[0,6],"84":[6,6,0],"85":[0,18],"86":[12,6],"87":[4,2],"88":[2,0],"89":[2,2],"90":[2,1],"91":[2,0],"92":[2,0],"93":[2,0],"94":[2,0],"95":[2,0],"96":[2,0],"97":[2,0],"98":[1,11],"99":[12,12],"100":[2,1],"101":[1,1],"102":[2,1],"103":[1,0],"104":[1,0],"105":[1,1],"106":[0,2],"107":[0,0],"108":[1,0],"109":[0,1],"110":[6,10],"111":[1,0],"112":[7,11],"113":[0,11],"114":[0,11],"115":[11,0],"116":[11,0],"117":[0],"118":[0],"119":[0,0],"120":[0,0],"121":[2,2],"122":[0,2],"123":[2,2],"124":[0,9],"125":[9,8,8],"126":[1,0],"127":[0,0]},"_coverageSchema":"1a1c01bbd47fc00a2c39e90264f33305004495a9","hash":"24a6dba02e8220dbb2881cf5cd21a90c9d410b33"}
,"C:\\Users\\Shiny\\Documents\\Coding\\classwork\\MAMSRobotics\\190-Scouting-Website\\backend\\externalApi.js": {"path":"C:\\Users\\Shiny\\Documents\\Coding\\classwork\\MAMSRobotics\\190-Scouting-Website\\backend\\externalApi.js","statementMap":{"0":{"start":{"line":1,"column":0},"end":{"line":1,"column":98}},"1":{"start":{"line":2,"column":20},"end":{"line":2,"column":45}},"2":{"start":{"line":3,"column":17},"end":{"line":3,"column":41}},"3":{"start":{"line":7,"column":19},"end":{"line":7,"column":28}},"4":{"start":{"line":14,"column":2},"end":{"line":17,"column":3}},"5":{"start":{"line":15,"column":4},"end":{"line":15,"column":30}},"6":{"start":{"line":16,"column":4},"end":{"line":16,"column":71}},"7":{"start":{"line":25,"column":2},"end":{"line":25,"column":20}},"8":{"start":{"line":36,"column":2},"end":{"line":36,"column":68}},"9":{"start":{"line":53,"column":2},"end":{"line":53,"column":25}},"10":{"start":{"line":53,"column":18},"end":{"line":53,"column":25}},"11":{"start":{"line":54,"column":2},"end":{"line":54,"column":26}},"12":{"start":{"line":55,"column":2},"end":{"line":55,"column":79}},"13":{"start":{"line":57,"column":18},"end":{"line":106,"column":3}},"14":{"start":{"line":108,"column":2},"end":{"line":131,"column":4}},"15":{"start":{"line":110,"column":6},"end":{"line":129,"column":7}},"16":{"start":{"line":111,"column":25},"end":{"line":111,"column":68}},"17":{"start":{"line":112,"column":8},"end":{"line":112,"column":69}},"18":{"start":{"line":112,"column":26},"end":{"line":112,"column":69}},"19":{"start":{"line":113,"column":20},"end":{"line":113,"column":41}},"20":{"start":{"line":115,"column":23},"end":{"line":115,"column":25}},"21":{"start":{"line":116,"column":8},"end":{"line":116,"column":78}},"22":{"start":{"line":116,"column":14},"end":{"line":116,"column":63}},"23":{"start":{"line":117,"column":8},"end":{"line":117,"column":34}},"24":{"start":{"line":118,"column":8},"end":{"line":118,"column":57}},"25":{"start":{"line":119,"column":8},"end":{"line":119,"column":73}},"26":{"start":{"line":121,"column":8},"end":{"line":121,"column":91}},"27":{"start":{"line":122,"column":23},"end":{"line":122,"column":25}},"28":{"start":{"line":123,"column":8},"end":{"line":123,"column":78}},"29":{"start":{"line":123,"column":14},"end":{"line":123,"column":63}},"30":{"start":{"line":124,"column":8},"end":{"line":128,"column":9}},"31":{"start":{"line":125,"column":10},"end":{"line":125,"column":41}},"32":{"start":{"line":126,"column":10},"end":{"line":126,"column":59}},"33":{"start":{"line":127,"column":10},"end":{"line":127,"column":94}},"34":{"start":{"line":142,"column":2},"end":{"line":142,"column":47}},"35":{"start":{"line":155,"column":17},"end":{"line":155,"column":19}},"36":{"start":{"line":156,"column":2},"end":{"line":156,"column":72}},"37":{"start":{"line":156,"column":8},"end":{"line":156,"column":57}},"38":{"start":{"line":158,"column":2},"end":{"line":160,"column":3}},"39":{"start":{"line":159,"column":4},"end":{"line":159,"column":31}},"40":{"start":{"line":162,"column":2},"end":{"line":162,"column":89}},"41":{"start":{"line":163,"column":2},"end":{"line":163,"column":37}},"42":{"start":{"line":165,"column":2},"end":{"line":165,"column":72}},"43":{"start":{"line":165,"column":8},"end":{"line":165,"column":57}},"44":{"start":{"line":166,"column":2},"end":{"line":166,"column":76}},"45":{"start":{"line":172,"column":2},"end":{"line":172,"column":54}},"46":{"start":{"line":176,"column":2},"end":{"line":176,"column":47}},"47":{"start":{"line":180,"column":2},"end":{"line":180,"column":54}},"48":{"start":{"line":184,"column":2},"end":{"line":184,"column":49}},"49":{"start":{"line":188,"column":2},"end":{"line":188,"column":46}},"50":{"start":{"line":192,"column":2},"end":{"line":192,"column":51}},"51":{"start":{"line":196,"column":2},"end":{"line":196,"column":46}},"52":{"start":{"line":199,"column":0},"end":{"line":210,"column":2}}},"fnMap":{"0":{"name":"addEventCode","decl":{"start":{"line":13,"column":9},"end":{"line":13,"column":21}},"loc":{"start":{"line":13,"column":33},"end":{"line":18,"column":1}},"line":13},"1":{"name":"getEventCodes","decl":{"start":{"line":24,"column":9},"end":{"line":24,"column":22}},"loc":{"start":{"line":24,"column":25},"end":{"line":26,"column":1}},"line":24},"2":{"name":"tbaFetch","decl":{"start":{"line":35,"column":15},"end":{"line":35,"column":23}},"loc":{"start":{"line":35,"column":29},"end":{"line":37,"column":1}},"line":35},"3":{"name":"populateEventData","decl":{"start":{"line":52,"column":15},"end":{"line":52,"column":32}},"loc":{"start":{"line":52,"column":44},"end":{"line":132,"column":1}},"line":52},"4":{"name":"(anonymous_4)","decl":{"start":{"line":109,"column":16},"end":{"line":109,"column":17}},"loc":{"start":{"line":109,"column":63},"end":{"line":130,"column":5}},"line":109},"5":{"name":"isCacheValid","decl":{"start":{"line":141,"column":9},"end":{"line":141,"column":21}},"loc":{"start":{"line":141,"column":29},"end":{"line":143,"column":1}},"line":141},"6":{"name":"readFromCache","decl":{"start":{"line":154,"column":15},"end":{"line":154,"column":28}},"loc":{"start":{"line":154,"column":60},"end":{"line":167,"column":1}},"line":154},"7":{"name":"fetchEventDetails","decl":{"start":{"line":171,"column":15},"end":{"line":171,"column":32}},"loc":{"start":{"line":171,"column":44},"end":{"line":173,"column":1}},"line":171},"8":{"name":"fetchTeams","decl":{"start":{"line":175,"column":15},"end":{"line":175,"column":25}},"loc":{"start":{"line":175,"column":37},"end":{"line":177,"column":1}},"line":175},"9":{"name":"fetchTeamStatuses","decl":{"start":{"line":179,"column":15},"end":{"line":179,"column":32}},"loc":{"start":{"line":179,"column":44},"end":{"line":181,"column":1}},"line":179},"10":{"name":"fetchMatchAlliances","decl":{"start":{"line":183,"column":15},"end":{"line":183,"column":34}},"loc":{"start":{"line":183,"column":46},"end":{"line":185,"column":1}},"line":183},"11":{"name":"fetchOPR","decl":{"start":{"line":187,"column":15},"end":{"line":187,"column":23}},"loc":{"start":{"line":187,"column":35},"end":{"line":189,"column":1}},"line":187},"12":{"name":"fetchAlliances","decl":{"start":{"line":191,"column":15},"end":{"line":191,"column":29}},"loc":{"start":{"line":191,"column":41},"end":{"line":193,"column":1}},"line":191},"13":{"name":"fetchEventEpas","decl":{"start":{"line":195,"column":15},"end":{"line":195,"column":29}},"loc":{"start":{"line":195,"column":41},"end":{"line":197,"column":1}},"line":195}},"branchMap":{"0":{"loc":{"start":{"line":14,"column":2},"end":{"line":17,"column":3}},"type":"if","locations":[{"start":{"line":14,"column":2},"end":{"line":17,"column":3}},{"start":{},"end":{}}],"line":14},"1":{"loc":{"start":{"line":14,"column":6},"end":{"line":14,"column":45}},"type":"binary-expr","locations":[{"start":{"line":14,"column":6},"end":{"line":14,"column":15}},{"start":{"line":14,"column":19},"end":{"line":14,"column":45}}],"line":14},"2":{"loc":{"start":{"line":53,"column":2},"end":{"line":53,"column":25}},"type":"if","locations":[{"start":{"line":53,"column":2},"end":{"line":53,"column":25}},{"start":{},"end":{}}],"line":53},"3":{"loc":{"start":{"line":111,"column":32},"end":{"line":111,"column":67}},"type":"cond-expr","locations":[{"start":{"line":111,"column":41},"end":{"line":111,"column":54}},{"start":{"line":111,"column":57},"end":{"line":111,"column":67}}],"line":111},"4":{"loc":{"start":{"line":112,"column":8},"end":{"line":112,"column":69}},"type":"if","locations":[{"start":{"line":112,"column":8},"end":{"line":112,"column":69}},{"start":{},"end":{}}],"line":112},"5":{"loc":{"start":{"line":124,"column":8},"end":{"line":128,"column":9}},"type":"if","locations":[{"start":{"line":124,"column":8},"end":{"line":128,"column":9}},{"start":{},"end":{}}],"line":124},"6":{"loc":{"start":{"line":142,"column":9},"end":{"line":142,"column":46}},"type":"binary-expr","locations":[{"start":{"line":142,"column":9},"end":{"line":142,"column":28}},{"start":{"line":142,"column":32},"end":{"line":142,"column":46}}],"line":142},"7":{"loc":{"start":{"line":158,"column":2},"end":{"line":160,"column":3}},"type":"if","locations":[{"start":{"line":158,"column":2},"end":{"line":160,"column":3}},{"start":{},"end":{}}],"line":158},"8":{"loc":{"start":{"line":166,"column":9},"end":{"line":166,"column":75}},"type":"cond-expr","locations":[{"start":{"line":166,"column":45},"end":{"line":166,"column":64}},{"start":{"line":166,"column":67},"end":{"line":166,"column":75}}],"line":166}},"s":{"0":1,"1":1,"2":1,"3":1,"4":2,"5":1,"6":1,"7":0,"8":14,"9":2,"10":0,"11":2,"12":2,"13":2,"14":2,"15":16,"16":16,"17":8,"18":0,"19":8,"20":8,"21":8,"22":8,"23":8,"24":8,"25":8,"26":8,"27":8,"28":8,"29":8,"30":8,"31":1,"32":1,"33":1,"34":5,"35":3,"36":3,"37":3,"38":3,"39":1,"40":2,"41":2,"42":2,"43":2,"44":2,"45":1,"46":2,"47":0,"48":0,"49":0,"50":0,"51":0,"52":1},"f":{"0":2,"1":0,"2":14,"3":2,"4":16,"5":5,"6":3,"7":1,"8":2,"9":0,"10":0,"11":0,"12":0,"13":0},"b":{"0":[1,1],"1":[2,2],"2":[0,2],"3":[14,2],"4":[0,8],"5":[1,7],"6":[5,3],"7":[1,2],"8":[2,0]},"_coverageSchema":"1a1c01bbd47fc00a2c39e90264f33305004495a9","hash":"6bccd78768dabf67bf14de50f9813b8aff114992"}
}
