TN:
SF:database.js
FN:19,getEvents
FN:24,(anonymous_1)
FN:35,getAvailableTeams
FN:42,(anonymous_3)
FN:42,(anonymous_4)
FN:53,getAllData
FN:64,(anonymous_6)
FN:219,assembleRow
FN:249,(anonymous_8)
FN:260,(anonymous_9)
FN:326,readJSONFile
FN:344,writeJSONFile
FN:350,(anonymous_12)
FN:360,(anonymous_13)
FNF:14
FNH:12
FNDA:2,getEvents
FNDA:2,(anonymous_1)
FNDA:2,getAvailableTeams
FNDA:4,(anonymous_3)
FNDA:4,(anonymous_4)
FNDA:2,getAllData
FNDA:6,(anonymous_6)
FNDA:2,assembleRow
FNDA:1,(anonymous_8)
FNDA:1,(anonymous_9)
FNDA:3,readJSONFile
FNDA:1,writeJSONFile
FNDA:0,(anonymous_12)
FNDA:0,(anonymous_13)
DA:1,1
DA:2,1
DA:4,1
DA:5,1
DA:7,1
DA:20,2
DA:21,2
DA:23,1
DA:24,2
DA:29,1
DA:30,1
DA:36,2
DA:37,2
DA:38,1
DA:39,1
DA:42,4
DA:43,1
DA:44,1
DA:46,1
DA:47,1
DA:54,2
DA:55,2
DA:56,1
DA:57,1
DA:58,0
DA:60,1
DA:61,1
DA:63,1
DA:64,6
DA:65,1
DA:66,1
DA:69,1
DA:70,1
DA:71,4
DA:72,4
DA:73,4
DA:74,4
DA:75,4
DA:76,4
DA:77,1
DA:78,1
DA:79,1
DA:84,1
DA:85,1
DA:86,1
DA:87,1
DA:88,1
DA:89,1
DA:90,1
DA:93,1
DA:94,1
DA:95,1
DA:96,1
DA:97,1
DA:98,1
DA:99,1
DA:101,1
DA:102,4
DA:103,4
DA:104,4
DA:105,4
DA:107,4
DA:108,4
DA:113,4
DA:114,1
DA:115,1
DA:116,1
DA:122,4
DA:123,1
DA:126,4
DA:127,4
DA:129,4
DA:130,4
DA:131,4
DA:132,4
DA:135,4
DA:136,1
DA:137,1
DA:138,1
DA:141,4
DA:142,1
DA:143,1
DA:144,6
DA:146,1
DA:147,6
DA:148,6
DA:152,4
DA:153,34
DA:154,33
DA:155,9
DA:156,5
DA:157,5
DA:158,4
DA:164,4
DA:167,3
DA:168,3
DA:170,2
DA:171,0
DA:172,0
DA:173,0
DA:179,2
DA:180,1
DA:183,2
DA:184,2
DA:186,2
DA:187,2
DA:188,2
DA:189,2
DA:192,2
DA:193,1
DA:194,1
DA:195,1
DA:197,1
DA:198,1
DA:199,6
DA:201,1
DA:202,6
DA:203,6
DA:207,2
DA:208,18
DA:209,18
DA:210,6
DA:211,2
DA:212,2
DA:213,2
DA:220,2
DA:221,2
DA:222,2
DA:224,2
DA:225,2
DA:226,2
DA:227,2
DA:229,2
DA:231,2
DA:232,2
DA:233,2
DA:236,2
DA:237,2
DA:240,2
DA:241,2
DA:242,2
DA:245,2
DA:246,2
DA:247,12
DA:248,12
DA:249,1
DA:251,11
DA:256,2
DA:258,2
DA:259,1
DA:260,1
DA:261,1
DA:262,1
DA:263,1
DA:264,1
DA:266,1
DA:269,1
DA:272,2
DA:276,1
DA:277,1
DA:278,1
DA:282,1
DA:283,1
DA:284,1
DA:288,1
DA:289,1
DA:291,1
DA:292,1
DA:293,1
DA:295,1
DA:297,1
DA:299,1
DA:300,16
DA:304,1
DA:305,1
DA:306,17
DA:307,11
DA:308,11
DA:310,11
DA:311,11
DA:312,11
DA:315,1
DA:318,1
DA:320,1
DA:321,1
DA:327,3
DA:328,3
DA:329,3
DA:330,1
DA:332,3
DA:333,3
DA:334,0
DA:336,3
DA:337,2
DA:339,1
DA:340,1
DA:345,1
DA:347,1
DA:348,1
DA:350,1
DA:351,0
DA:352,0
DA:354,0
DA:359,1
DA:360,0
LF:205
LH:196
BRDA:53,0,0,0
BRDA:57,1,0,0
BRDA:57,1,1,1
BRDA:71,2,0,4
BRDA:71,2,1,0
BRDA:72,3,0,4
BRDA:72,3,1,0
BRDA:73,4,0,4
BRDA:73,4,1,0
BRDA:74,5,0,0
BRDA:74,5,1,4
BRDA:74,6,0,4
BRDA:74,6,1,4
BRDA:76,7,0,1
BRDA:76,7,1,3
BRDA:77,8,0,1
BRDA:77,8,1,0
BRDA:78,9,0,1
BRDA:78,9,1,0
BRDA:78,9,2,0
BRDA:78,9,3,0
BRDA:102,10,0,4
BRDA:102,10,1,0
BRDA:103,11,0,4
BRDA:103,11,1,0
BRDA:104,12,0,4
BRDA:104,12,1,0
BRDA:105,13,0,0
BRDA:105,13,1,4
BRDA:105,14,0,4
BRDA:105,14,1,4
BRDA:108,15,0,4
BRDA:108,15,1,0
BRDA:108,15,2,0
BRDA:108,15,3,0
BRDA:113,16,0,1
BRDA:113,16,1,3
BRDA:114,17,0,1
BRDA:114,17,1,1
BRDA:115,18,0,1
BRDA:115,18,1,0
BRDA:117,19,0,1
BRDA:117,19,1,0
BRDA:117,20,0,1
BRDA:117,20,1,1
BRDA:118,21,0,1
BRDA:118,21,1,0
BRDA:122,22,0,1
BRDA:122,22,1,3
BRDA:123,23,0,1
BRDA:123,23,1,0
BRDA:123,24,0,1
BRDA:123,24,1,0
BRDA:126,25,0,1
BRDA:126,25,1,3
BRDA:127,26,0,1
BRDA:127,26,1,3
BRDA:131,27,0,4
BRDA:131,27,1,0
BRDA:131,28,0,4
BRDA:131,28,1,3
BRDA:131,28,2,2
BRDA:135,29,0,1
BRDA:135,29,1,3
BRDA:136,30,0,1
BRDA:136,30,1,0
BRDA:137,31,0,1
BRDA:137,31,1,0
BRDA:137,32,0,1
BRDA:137,32,1,1
BRDA:138,33,0,1
BRDA:138,33,1,0
BRDA:138,34,0,1
BRDA:138,34,1,1
BRDA:141,35,0,1
BRDA:141,35,1,3
BRDA:142,36,0,1
BRDA:142,36,1,0
BRDA:148,37,0,1
BRDA:148,37,1,5
BRDA:148,38,0,6
BRDA:148,38,1,6
BRDA:148,38,2,1
BRDA:153,39,0,1
BRDA:153,39,1,33
BRDA:154,40,0,24
BRDA:154,40,1,9
BRDA:155,41,0,4
BRDA:155,41,1,5
BRDA:157,42,0,4
BRDA:157,42,1,1
BRDA:157,43,0,5
BRDA:157,43,1,4
BRDA:158,44,0,4
BRDA:158,44,1,1
BRDA:164,45,0,1
BRDA:164,45,1,3
BRDA:167,46,0,3
BRDA:167,46,1,3
BRDA:167,46,2,3
BRDA:168,47,0,1
BRDA:168,47,1,2
BRDA:170,48,0,0
BRDA:170,48,1,2
BRDA:171,49,0,0
BRDA:171,49,1,0
BRDA:172,50,0,0
BRDA:172,50,1,0
BRDA:174,51,0,0
BRDA:174,51,1,0
BRDA:174,52,0,0
BRDA:174,52,1,0
BRDA:175,53,0,0
BRDA:175,53,1,0
BRDA:179,54,0,1
BRDA:179,54,1,1
BRDA:180,55,0,1
BRDA:180,55,1,0
BRDA:180,56,0,1
BRDA:180,56,1,0
BRDA:183,57,0,1
BRDA:183,57,1,1
BRDA:184,58,0,1
BRDA:184,58,1,1
BRDA:188,59,0,2
BRDA:188,59,1,0
BRDA:188,60,0,2
BRDA:188,60,1,1
BRDA:188,60,2,0
BRDA:192,61,0,1
BRDA:192,61,1,1
BRDA:193,62,0,1
BRDA:193,62,1,0
BRDA:194,63,0,1
BRDA:194,63,1,0
BRDA:194,64,0,1
BRDA:194,64,1,1
BRDA:195,65,0,1
BRDA:195,65,1,0
BRDA:195,66,0,1
BRDA:195,66,1,1
BRDA:197,67,0,1
BRDA:197,67,1,0
BRDA:203,68,0,0
BRDA:203,68,1,6
BRDA:203,69,0,6
BRDA:203,69,1,6
BRDA:203,69,2,0
BRDA:208,70,0,0
BRDA:208,70,1,18
BRDA:209,71,0,12
BRDA:209,71,1,6
BRDA:210,72,0,4
BRDA:210,72,1,2
BRDA:212,73,0,2
BRDA:212,73,1,0
BRDA:212,74,0,2
BRDA:212,74,1,2
BRDA:213,75,0,2
BRDA:213,75,1,1
BRDA:224,76,0,2
BRDA:224,76,1,0
BRDA:226,77,0,2
BRDA:226,77,1,0
BRDA:231,78,0,2
BRDA:231,78,1,0
BRDA:240,79,0,2
BRDA:240,79,1,0
BRDA:241,80,0,2
BRDA:241,80,1,0
BRDA:242,81,0,2
BRDA:242,81,1,0
BRDA:245,82,0,2
BRDA:245,82,1,0
BRDA:248,83,0,1
BRDA:248,83,1,11
BRDA:248,84,0,12
BRDA:248,84,1,12
BRDA:256,85,0,2
BRDA:256,85,1,1
BRDA:258,86,0,1
BRDA:258,86,1,1
BRDA:258,87,0,2
BRDA:258,87,1,1
BRDA:259,88,0,1
BRDA:259,88,1,0
BRDA:262,89,0,1
BRDA:262,89,1,0
BRDA:262,90,0,1
BRDA:262,90,1,1
BRDA:293,91,0,1
BRDA:293,91,1,0
BRDA:295,92,0,0
BRDA:295,92,1,1
BRDA:300,93,0,6
BRDA:300,93,1,10
BRDA:306,94,0,6
BRDA:306,94,1,11
BRDA:307,95,0,0
BRDA:307,95,1,11
BRDA:308,96,0,0
BRDA:308,96,1,11
BRDA:310,97,0,11
BRDA:310,97,1,0
BRDA:311,98,0,11
BRDA:311,98,1,0
BRDA:329,99,0,1
BRDA:329,99,1,2
BRDA:333,100,0,0
BRDA:333,100,1,3
BRDA:333,101,0,3
BRDA:333,101,1,3
BRDA:347,102,0,1
BRDA:347,102,1,0
BRDA:351,103,0,0
BRDA:351,103,1,0
BRF:216
BRH:147
end_of_record
TN:
SF:externalApi.js
FN:11,tbaFetch
FN:23,fetchEventDetails
FN:37,fetchTeams
FN:51,fetchTeamStatuses
FN:65,fetchMatchAlliances
FN:79,fetchOPR
FN:93,fetchAlliances
FN:107,fetchEventEpas
FNF:8
FNH:8
FNDA:12,tbaFetch
FNDA:2,fetchEventDetails
FNDA:2,fetchTeams
FNDA:2,fetchTeamStatuses
FNDA:2,fetchMatchAlliances
FNDA:2,fetchOPR
FNDA:2,fetchAlliances
FNDA:2,fetchEventEpas
DA:1,1
DA:2,1
DA:12,12
DA:24,2
DA:27,2
DA:28,1
DA:38,2
DA:41,2
DA:42,1
DA:52,2
DA:55,2
DA:56,1
DA:66,2
DA:69,2
DA:70,1
DA:80,2
DA:83,2
DA:84,1
DA:94,2
DA:97,2
DA:98,1
DA:108,2
DA:111,2
DA:112,1
DA:115,1
LF:25
LH:25
BRDA:27,0,0,1
BRDA:27,0,1,1
BRDA:41,1,0,1
BRDA:41,1,1,1
BRDA:55,2,0,1
BRDA:55,2,1,1
BRDA:69,3,0,1
BRDA:69,3,1,1
BRDA:83,4,0,1
BRDA:83,4,1,1
BRDA:97,5,0,1
BRDA:97,5,1,1
BRDA:111,6,0,1
BRDA:111,6,1,1
BRF:14
BRH:14
end_of_record
TN:
SF:index.js
FN:26,(anonymous_0)
FN:35,getEventData
FN:43,ensureEventCodeExists
FN:56,postRatingHelper
FN:110,(anonymous_4)
FN:114,(anonymous_5)
FN:118,(anonymous_6)
FN:129,(anonymous_7)
FN:135,(anonymous_8)
FN:157,(anonymous_9)
FN:179,(anonymous_10)
FN:193,(anonymous_11)
FN:200,(anonymous_12)
FN:221,(anonymous_13)
FN:228,(anonymous_14)
FN:240,(anonymous_15)
FN:269,(anonymous_16)
FN:295,(anonymous_17)
FN:296,(anonymous_18)
FN:296,(anonymous_19)
FN:302,(anonymous_20)
FN:336,(anonymous_21)
FN:361,(anonymous_22)
FN:370,(anonymous_23)
FN:403,(anonymous_24)
FN:432,(anonymous_25)
FN:459,(anonymous_26)
FN:484,(anonymous_27)
FN:492,(anonymous_28)
FN:519,(anonymous_29)
FN:534,(anonymous_30)
FN:545,(anonymous_31)
FN:549,(anonymous_32)
FN:553,(anonymous_33)
FN:573,(anonymous_34)
FN:595,(anonymous_35)
FN:604,(anonymous_36)
FNF:37
FNH:8
FNDA:6,(anonymous_0)
FNDA:0,getEventData
FNDA:1,ensureEventCodeExists
FNDA:0,postRatingHelper
FNDA:0,(anonymous_4)
FNDA:0,(anonymous_5)
FNDA:1,(anonymous_6)
FNDA:1,(anonymous_7)
FNDA:0,(anonymous_8)
FNDA:0,(anonymous_9)
FNDA:0,(anonymous_10)
FNDA:0,(anonymous_11)
FNDA:0,(anonymous_12)
FNDA:0,(anonymous_13)
FNDA:0,(anonymous_14)
FNDA:0,(anonymous_15)
FNDA:2,(anonymous_16)
FNDA:2,(anonymous_17)
FNDA:2,(anonymous_18)
FNDA:0,(anonymous_19)
FNDA:0,(anonymous_20)
FNDA:0,(anonymous_21)
FNDA:0,(anonymous_22)
FNDA:0,(anonymous_23)
FNDA:0,(anonymous_24)
FNDA:0,(anonymous_25)
FNDA:0,(anonymous_26)
FNDA:0,(anonymous_27)
FNDA:0,(anonymous_28)
FNDA:0,(anonymous_29)
FNDA:0,(anonymous_30)
FNDA:0,(anonymous_31)
FNDA:0,(anonymous_32)
FNDA:2,(anonymous_33)
FNDA:0,(anonymous_34)
FNDA:0,(anonymous_35)
FNDA:0,(anonymous_36)
DA:11,1
DA:12,1
DA:13,1
DA:14,1
DA:15,1
DA:16,1
DA:17,1
DA:19,1
DA:26,1
DA:27,6
DA:28,6
DA:29,5
DA:36,0
DA:37,0
DA:44,1
DA:45,1
DA:46,1
DA:47,1
DA:48,1
DA:50,1
DA:57,0
DA:59,0
DA:60,0
DA:61,0
DA:62,0
DA:65,0
DA:66,0
DA:68,0
DA:69,0
DA:70,0
DA:72,0
DA:75,0
DA:76,0
DA:79,1
DA:80,1
DA:81,1
DA:82,1
DA:84,1
DA:87,1
DA:89,1
DA:100,1
DA:110,1
DA:111,0
DA:114,1
DA:115,0
DA:118,1
DA:119,1
DA:120,1
DA:121,1
DA:122,1
DA:124,0
DA:125,0
DA:129,1
DA:130,1
DA:131,1
DA:132,1
DA:135,1
DA:136,0
DA:138,0
DA:139,0
DA:140,0
DA:143,0
DA:144,0
DA:146,0
DA:147,0
DA:148,0
DA:149,0
DA:150,0
DA:154,0
DA:157,1
DA:158,0
DA:160,0
DA:161,0
DA:162,0
DA:165,0
DA:166,0
DA:168,0
DA:169,0
DA:170,0
DA:171,0
DA:172,0
DA:176,0
DA:179,1
DA:180,0
DA:181,0
DA:183,0
DA:184,0
DA:185,0
DA:186,0
DA:187,0
DA:189,0
DA:193,1
DA:194,0
DA:195,0
DA:196,0
DA:197,0
DA:200,1
DA:201,0
DA:202,0
DA:204,0
DA:205,0
DA:206,0
DA:208,0
DA:209,0
DA:210,0
DA:212,0
DA:213,0
DA:215,0
DA:218,0
DA:221,1
DA:222,0
DA:223,0
DA:224,0
DA:225,0
DA:228,1
DA:229,0
DA:230,0
DA:231,0
DA:232,0
DA:240,1
DA:241,0
DA:242,0
DA:245,0
DA:248,0
DA:249,0
DA:250,0
DA:252,0
DA:253,0
DA:254,0
DA:255,0
DA:257,0
DA:258,0
DA:260,0
DA:261,0
DA:266,0
DA:269,1
DA:270,2
DA:271,2
DA:274,2
DA:277,2
DA:278,1
DA:279,1
DA:281,1
DA:282,1
DA:283,1
DA:284,1
DA:286,1
DA:287,1
DA:289,0
DA:290,0
DA:294,2
DA:295,2
DA:296,2
DA:299,2
DA:302,1
DA:303,0
DA:304,0
DA:307,0
DA:310,0
DA:311,0
DA:312,0
DA:314,0
DA:315,0
DA:316,0
DA:317,0
DA:319,0
DA:320,0
DA:322,0
DA:323,0
DA:327,0
DA:333,0
DA:336,1
DA:337,0
DA:338,0
DA:341,0
DA:344,0
DA:345,0
DA:346,0
DA:348,0
DA:349,0
DA:350,0
DA:351,0
DA:352,0
DA:353,0
DA:355,0
DA:356,0
DA:360,0
DA:361,0
DA:367,0
DA:370,1
DA:371,0
DA:372,0
DA:375,0
DA:378,0
DA:379,0
DA:380,0
DA:382,0
DA:383,0
DA:384,0
DA:385,0
DA:386,0
DA:387,0
DA:389,0
DA:390,0
DA:394,0
DA:400,0
DA:403,1
DA:404,0
DA:405,0
DA:408,0
DA:411,0
DA:412,0
DA:413,0
DA:415,0
DA:416,0
DA:417,0
DA:418,0
DA:419,0
DA:420,0
DA:422,0
DA:423,0
DA:427,0
DA:429,0
DA:432,1
DA:433,0
DA:434,0
DA:437,0
DA:440,0
DA:441,0
DA:442,0
DA:444,0
DA:445,0
DA:446,0
DA:447,0
DA:448,0
DA:449,0
DA:451,0
DA:452,0
DA:456,0
DA:459,1
DA:460,0
DA:461,0
DA:464,0
DA:467,0
DA:468,0
DA:469,0
DA:471,0
DA:472,0
DA:473,0
DA:474,0
DA:475,0
DA:476,0
DA:478,0
DA:479,0
DA:483,0
DA:484,0
DA:489,0
DA:492,1
DA:493,0
DA:494,0
DA:495,0
DA:498,0
DA:501,0
DA:502,0
DA:503,0
DA:505,0
DA:506,0
DA:507,0
DA:508,0
DA:509,0
DA:510,0
DA:512,0
DA:513,0
DA:517,0
DA:518,0
DA:519,0
DA:521,0
DA:522,0
DA:523,0
DA:526,0
DA:534,1
DA:535,0
DA:536,0
DA:537,0
DA:538,0
DA:540,0
DA:541,0
DA:545,1
DA:546,0
DA:549,1
DA:550,0
DA:553,1
DA:554,2
DA:555,2
DA:556,2
DA:558,2
DA:559,1
DA:560,1
DA:561,1
DA:564,1
DA:565,1
DA:566,1
DA:567,1
DA:569,1
DA:570,1
DA:573,1
DA:574,0
DA:575,0
DA:576,0
DA:577,0
DA:579,0
DA:580,0
DA:581,0
DA:582,0
DA:585,0
DA:586,0
DA:587,0
DA:588,0
DA:589,0
DA:591,0
DA:592,0
DA:595,1
DA:596,0
DA:597,0
DA:598,0
DA:600,0
DA:604,1
DA:605,0
LF:328
LH:89
BRDA:27,0,0,6
BRDA:27,0,1,3
BRDA:28,1,0,1
BRDA:28,1,1,5
BRDA:37,2,0,0
BRDA:37,2,1,0
BRDA:45,3,0,1
BRDA:45,3,1,0
BRDA:59,4,0,0
BRDA:59,4,1,0
BRDA:59,5,0,0
BRDA:59,5,1,0
BRDA:59,5,2,0
BRDA:68,6,0,0
BRDA:68,6,1,0
BRDA:79,7,0,1
BRDA:79,7,1,0
BRDA:80,8,0,1
BRDA:80,8,1,0
BRDA:81,9,0,1
BRDA:81,9,1,0
BRDA:82,10,0,0
BRDA:82,10,1,1
BRDA:91,11,0,1
BRDA:91,11,1,0
BRDA:140,12,0,0
BRDA:140,12,1,0
BRDA:149,13,0,0
BRDA:149,13,1,0
BRDA:149,14,0,0
BRDA:149,14,1,0
BRDA:162,15,0,0
BRDA:162,15,1,0
BRDA:170,16,0,0
BRDA:170,16,1,0
BRDA:181,17,0,0
BRDA:181,17,1,0
BRDA:186,18,0,0
BRDA:186,18,1,0
BRDA:195,19,0,0
BRDA:195,19,1,0
BRDA:212,20,0,0
BRDA:212,20,1,0
BRDA:213,21,0,0
BRDA:213,21,1,0
BRDA:248,22,0,0
BRDA:248,22,1,0
BRDA:277,23,0,1
BRDA:277,23,1,1
BRDA:310,24,0,0
BRDA:310,24,1,0
BRDA:344,25,0,0
BRDA:344,25,1,0
BRDA:363,26,0,0
BRDA:363,26,1,0
BRDA:378,27,0,0
BRDA:378,27,1,0
BRDA:395,28,0,0
BRDA:395,28,1,0
BRDA:396,29,0,0
BRDA:396,29,1,0
BRDA:397,30,0,0
BRDA:397,30,1,0
BRDA:411,31,0,0
BRDA:411,31,1,0
BRDA:427,32,0,0
BRDA:427,32,1,0
BRDA:427,32,2,0
BRDA:440,33,0,0
BRDA:440,33,1,0
BRDA:467,34,0,0
BRDA:467,34,1,0
BRDA:484,35,0,0
BRDA:484,35,1,0
BRDA:484,35,2,0
BRDA:494,36,0,0
BRDA:494,36,1,0
BRDA:494,37,0,0
BRDA:494,37,1,0
BRDA:494,37,2,0
BRDA:501,38,0,0
BRDA:501,38,1,0
BRDA:518,39,0,0
BRDA:518,39,1,0
BRDA:521,40,0,0
BRDA:521,40,1,0
BRDA:536,41,0,0
BRDA:536,41,1,0
BRDA:558,42,0,1
BRDA:558,42,1,1
BRDA:558,43,0,2
BRDA:558,43,1,1
BRDA:579,44,0,0
BRDA:579,44,1,0
BRDA:579,45,0,0
BRDA:579,45,1,0
BRDA:579,45,2,0
BRDA:597,46,0,0
BRDA:597,46,1,0
BRF:99
BRH:16
end_of_record
