TN:
SF:database.js
FN:19,getEvents
FN:26,(anonymous_1)
FN:40,(anonymous_2)
FN:82,getAvailableTeams
FN:92,(anonymous_4)
FN:93,(anonymous_5)
FN:105,getAllData
FN:124,(anonymous_7)
FN:152,getPhaseIndex
FN:380,assembleRow
FN:424,(anonymous_10)
FN:437,(anonymous_11)
FN:556,getTransactionTimers
FN:587,(anonymous_13)
FN:603,readJSONFile
FN:655,writeJSONFile
FN:662,(anonymous_16)
FN:663,(anonymous_17)
FN:675,(anonymous_18)
FNF:19
FNH:14
FNDA:2,getEvents
FNDA:2,(anonymous_1)
FNDA:2,(anonymous_2)
FNDA:2,getAvailableTeams
FNDA:4,(anonymous_4)
FNDA:4,(anonymous_5)
FNDA:2,getAllData
FNDA:6,(anonymous_7)
FNDA:0,getPhaseIndex
FNDA:2,assembleRow
FNDA:1,(anonymous_10)
FNDA:1,(anonymous_11)
FNDA:0,getTransactionTimers
FNDA:0,(anonymous_13)
FNDA:4,readJSONFile
FNDA:1,writeJSONFile
FNDA:1,(anonymous_16)
FNDA:0,(anonymous_17)
FNDA:0,(anonymous_18)
DA:1,1
DA:2,1
DA:4,1
DA:5,1
DA:7,1
DA:20,2
DA:21,2
DA:23,1
DA:26,2
DA:29,1
DA:30,1
DA:31,1
DA:33,0
DA:37,1
DA:39,1
DA:42,2
DA:43,0
DA:50,2
DA:51,2
DA:55,2
DA:56,0
DA:57,0
DA:63,0
DA:67,2
DA:74,1
DA:76,1
DA:77,1
DA:83,2
DA:84,2
DA:85,1
DA:88,1
DA:91,1
DA:92,4
DA:93,4
DA:94,1
DA:95,1
DA:97,1
DA:98,1
DA:106,2
DA:107,2
DA:108,1
DA:109,1
DA:110,0
DA:112,1
DA:113,1
DA:115,1
DA:123,1
DA:124,6
DA:126,1
DA:142,1
DA:153,0
DA:154,0
DA:155,0
DA:156,0
DA:157,0
DA:158,0
DA:159,0
DA:163,1
DA:164,1
DA:165,4
DA:166,4
DA:167,4
DA:168,4
DA:169,4
DA:170,4
DA:171,1
DA:172,1
DA:173,1
DA:178,1
DA:179,1
DA:182,1
DA:183,1
DA:184,1
DA:185,1
DA:186,1
DA:187,1
DA:188,1
DA:191,1
DA:192,1
DA:193,1
DA:194,1
DA:195,1
DA:196,1
DA:197,1
DA:199,1
DA:200,4
DA:201,4
DA:202,4
DA:203,4
DA:205,4
DA:206,4
DA:209,4
DA:210,0
DA:214,4
DA:220,0
DA:221,0
DA:223,0
DA:224,0
DA:228,0
DA:229,0
DA:230,0
DA:237,4
DA:238,1
DA:240,1
DA:241,1
DA:242,1
DA:251,4
DA:252,1
DA:253,1
DA:256,4
DA:257,4
DA:259,4
DA:260,4
DA:261,4
DA:266,4
DA:269,4
DA:270,1
DA:271,1
DA:272,1
DA:273,1
DA:274,1
DA:275,1
DA:279,4
DA:280,1
DA:281,1
DA:282,1
DA:283,6
DA:285,1
DA:286,6
DA:287,6
DA:288,1
DA:292,4
DA:293,34
DA:294,33
DA:295,9
DA:296,5
DA:297,5
DA:298,4
DA:305,4
DA:309,3
DA:312,3
DA:314,2
DA:315,0
DA:317,0
DA:318,0
DA:319,0
DA:328,2
DA:329,1
DA:330,1
DA:333,2
DA:334,2
DA:336,2
DA:337,2
DA:338,2
DA:343,2
DA:346,2
DA:347,1
DA:348,1
DA:349,1
DA:350,1
DA:351,1
DA:352,1
DA:355,1
DA:356,1
DA:357,1
DA:358,6
DA:360,1
DA:361,6
DA:362,6
DA:363,0
DA:367,2
DA:368,18
DA:369,18
DA:370,6
DA:371,2
DA:372,2
DA:373,2
DA:392,2
DA:393,2
DA:394,2
DA:396,2
DA:397,2
DA:398,2
DA:399,2
DA:401,2
DA:403,2
DA:404,2
DA:405,2
DA:408,2
DA:409,2
DA:412,2
DA:413,2
DA:414,2
DA:415,2
DA:416,2
DA:420,2
DA:421,2
DA:422,12
DA:423,12
DA:424,1
DA:426,11
DA:431,2
DA:433,2
DA:434,1
DA:437,1
DA:438,1
DA:439,1
DA:440,1
DA:441,1
DA:443,1
DA:446,1
DA:450,2
DA:451,0
DA:452,0
DA:453,0
DA:454,0
DA:455,0
DA:457,0
DA:459,0
DA:460,0
DA:461,0
DA:464,0
DA:466,2
DA:469,2
DA:473,1
DA:474,1
DA:475,1
DA:490,1
DA:491,1
DA:492,1
DA:507,1
DA:511,1
DA:513,1
DA:514,1
DA:515,1
DA:517,1
DA:519,1
DA:521,1
DA:522,16
DA:526,1
DA:527,1
DA:530,1
DA:534,1
DA:535,18
DA:536,11
DA:537,11
DA:538,0
DA:540,11
DA:541,11
DA:542,11
DA:545,1
DA:548,1
DA:550,1
DA:551,1
DA:562,0
DA:563,0
DA:566,0
DA:567,0
DA:568,0
DA:571,0
DA:584,0
DA:587,0
DA:596,0
DA:598,0
DA:599,0
DA:604,4
DA:605,4
DA:606,4
DA:607,2
DA:608,2
DA:610,2
DA:611,2
DA:612,0
DA:616,2
DA:617,2
DA:618,1
DA:621,1
DA:624,1
DA:625,1
DA:626,9
DA:627,9
DA:628,9
DA:629,0
DA:630,0
DA:631,0
DA:632,0
DA:640,1
DA:641,1
DA:642,0
DA:644,1
DA:645,1
DA:646,1
DA:650,0
DA:651,0
DA:656,1
DA:658,1
DA:659,1
DA:662,1
DA:663,1
DA:664,0
DA:665,0
DA:666,0
DA:668,0
DA:674,1
DA:675,0
LF:305
LH:244
BRDA:42,0,0,0
BRDA:42,0,1,2
BRDA:55,1,0,0
BRDA:55,1,1,2
BRDA:59,2,0,0
BRDA:59,2,1,0
BRDA:105,3,0,0
BRDA:109,4,0,0
BRDA:109,4,1,1
BRDA:153,5,0,0
BRDA:153,5,1,0
BRDA:154,6,0,0
BRDA:154,6,1,0
BRDA:155,7,0,0
BRDA:155,7,1,0
BRDA:156,8,0,0
BRDA:156,8,1,0
BRDA:157,9,0,0
BRDA:157,9,1,0
BRDA:158,10,0,0
BRDA:158,10,1,0
BRDA:165,11,0,4
BRDA:165,11,1,0
BRDA:166,12,0,4
BRDA:166,12,1,0
BRDA:167,13,0,4
BRDA:167,13,1,0
BRDA:168,14,0,0
BRDA:168,14,1,4
BRDA:168,15,0,4
BRDA:168,15,1,4
BRDA:170,16,0,1
BRDA:170,16,1,3
BRDA:171,17,0,1
BRDA:171,17,1,0
BRDA:172,18,0,1
BRDA:172,18,1,0
BRDA:172,18,2,0
BRDA:172,18,3,0
BRDA:200,19,0,4
BRDA:200,19,1,0
BRDA:201,20,0,4
BRDA:201,20,1,0
BRDA:202,21,0,4
BRDA:202,21,1,0
BRDA:203,22,0,0
BRDA:203,22,1,4
BRDA:203,23,0,4
BRDA:203,23,1,4
BRDA:206,24,0,4
BRDA:206,24,1,0
BRDA:206,24,2,0
BRDA:206,24,3,0
BRDA:209,25,0,0
BRDA:209,25,1,4
BRDA:209,26,0,4
BRDA:209,26,1,0
BRDA:214,27,0,0
BRDA:214,27,1,4
BRDA:215,28,0,4
BRDA:215,28,1,0
BRDA:215,28,2,0
BRDA:215,28,3,0
BRDA:220,29,0,0
BRDA:220,29,1,0
BRDA:223,30,0,0
BRDA:223,30,1,0
BRDA:237,31,0,1
BRDA:237,31,1,3
BRDA:239,32,0,1
BRDA:239,32,1,1
BRDA:240,33,0,1
BRDA:240,33,1,0
BRDA:244,34,0,1
BRDA:244,34,1,0
BRDA:244,35,0,1
BRDA:244,35,1,1
BRDA:247,36,0,1
BRDA:247,36,1,0
BRDA:251,37,0,1
BRDA:251,37,1,3
BRDA:252,38,0,1
BRDA:252,38,1,0
BRDA:253,39,0,1
BRDA:253,39,1,0
BRDA:256,40,0,1
BRDA:256,40,1,3
BRDA:257,41,0,1
BRDA:257,41,1,3
BRDA:261,42,0,4
BRDA:261,42,1,0
BRDA:262,43,0,4
BRDA:262,43,1,3
BRDA:262,43,2,2
BRDA:269,44,0,1
BRDA:269,44,1,3
BRDA:270,45,0,1
BRDA:270,45,1,0
BRDA:272,46,0,1
BRDA:272,46,1,0
BRDA:272,47,0,1
BRDA:272,47,1,1
BRDA:274,48,0,1
BRDA:274,48,1,0
BRDA:274,49,0,1
BRDA:274,49,1,1
BRDA:279,50,0,1
BRDA:279,50,1,3
BRDA:280,51,0,1
BRDA:280,51,1,0
BRDA:287,52,0,1
BRDA:287,52,1,5
BRDA:287,53,0,6
BRDA:287,53,1,6
BRDA:287,53,2,1
BRDA:293,54,0,1
BRDA:293,54,1,33
BRDA:294,55,0,24
BRDA:294,55,1,9
BRDA:295,56,0,4
BRDA:295,56,1,5
BRDA:297,57,0,4
BRDA:297,57,1,1
BRDA:297,58,0,5
BRDA:297,58,1,4
BRDA:299,59,0,4
BRDA:299,59,1,1
BRDA:305,60,0,1
BRDA:305,60,1,3
BRDA:309,61,0,3
BRDA:309,61,1,3
BRDA:309,61,2,3
BRDA:312,62,0,1
BRDA:312,62,1,2
BRDA:314,63,0,0
BRDA:314,63,1,2
BRDA:316,64,0,0
BRDA:316,64,1,0
BRDA:317,65,0,0
BRDA:317,65,1,0
BRDA:321,66,0,0
BRDA:321,66,1,0
BRDA:321,67,0,0
BRDA:321,67,1,0
BRDA:324,68,0,0
BRDA:324,68,1,0
BRDA:328,69,0,1
BRDA:328,69,1,1
BRDA:329,70,0,1
BRDA:329,70,1,0
BRDA:330,71,0,1
BRDA:330,71,1,0
BRDA:333,72,0,1
BRDA:333,72,1,1
BRDA:334,73,0,1
BRDA:334,73,1,1
BRDA:338,74,0,2
BRDA:338,74,1,0
BRDA:339,75,0,2
BRDA:339,75,1,1
BRDA:339,75,2,0
BRDA:346,76,0,1
BRDA:346,76,1,1
BRDA:347,77,0,1
BRDA:347,77,1,0
BRDA:349,78,0,1
BRDA:349,78,1,0
BRDA:349,79,0,1
BRDA:349,79,1,1
BRDA:351,80,0,1
BRDA:351,80,1,0
BRDA:351,81,0,1
BRDA:351,81,1,1
BRDA:355,82,0,1
BRDA:355,82,1,0
BRDA:362,83,0,0
BRDA:362,83,1,6
BRDA:362,84,0,6
BRDA:362,84,1,6
BRDA:362,84,2,0
BRDA:368,85,0,0
BRDA:368,85,1,18
BRDA:369,86,0,12
BRDA:369,86,1,6
BRDA:370,87,0,4
BRDA:370,87,1,2
BRDA:372,88,0,2
BRDA:372,88,1,0
BRDA:372,89,0,2
BRDA:372,89,1,2
BRDA:374,90,0,2
BRDA:374,90,1,1
BRDA:396,91,0,2
BRDA:396,91,1,0
BRDA:398,92,0,2
BRDA:398,92,1,0
BRDA:403,93,0,2
BRDA:403,93,1,0
BRDA:412,94,0,2
BRDA:412,94,1,0
BRDA:413,95,0,2
BRDA:413,95,1,0
BRDA:415,96,0,2
BRDA:415,96,1,0
BRDA:420,97,0,2
BRDA:420,97,1,0
BRDA:423,98,0,1
BRDA:423,98,1,11
BRDA:423,99,0,12
BRDA:423,99,1,12
BRDA:431,100,0,2
BRDA:431,100,1,1
BRDA:433,101,0,1
BRDA:433,101,1,1
BRDA:433,102,0,2
BRDA:433,102,1,1
BRDA:434,103,0,1
BRDA:434,103,1,0
BRDA:439,104,0,1
BRDA:439,104,1,0
BRDA:439,105,0,1
BRDA:439,105,1,1
BRDA:450,106,0,0
BRDA:450,106,1,2
BRDA:459,107,0,0
BRDA:459,107,1,0
BRDA:515,108,0,1
BRDA:515,108,1,0
BRDA:517,109,0,0
BRDA:517,109,1,1
BRDA:522,110,0,6
BRDA:522,110,1,10
BRDA:526,111,0,1
BRDA:526,111,1,0
BRDA:535,112,0,7
BRDA:535,112,1,11
BRDA:536,113,0,0
BRDA:536,113,1,11
BRDA:537,114,0,0
BRDA:537,114,1,11
BRDA:540,115,0,11
BRDA:540,115,1,0
BRDA:541,116,0,11
BRDA:541,116,1,0
BRDA:559,117,0,0
BRDA:560,118,0,0
BRDA:567,119,0,0
BRDA:567,119,1,0
BRDA:568,120,0,0
BRDA:568,120,1,0
BRDA:606,121,0,2
BRDA:606,121,1,2
BRDA:611,122,0,0
BRDA:611,122,1,2
BRDA:611,123,0,2
BRDA:611,123,1,2
BRDA:628,124,0,0
BRDA:628,124,1,9
BRDA:628,125,0,9
BRDA:628,125,1,8
BRDA:628,125,2,8
BRDA:658,126,0,1
BRDA:658,126,1,0
BRDA:664,127,0,0
BRDA:664,127,1,0
BRF:265
BRH:159
end_of_record
TN:
SF:externalApi.js
FN:13,addEventCode
FN:24,getEventCodes
FN:35,tbaFetch
FN:52,populateEventData
FN:109,(anonymous_4)
FN:141,isCacheValid
FN:154,readFromCache
FN:171,fetchEventDetails
FN:175,fetchTeams
FN:179,fetchTeamStatuses
FN:183,fetchMatchAlliances
FN:187,fetchOPR
FN:191,fetchAlliances
FN:195,fetchEventEpas
FNF:14
FNH:8
FNDA:2,addEventCode
FNDA:0,getEventCodes
FNDA:14,tbaFetch
FNDA:2,populateEventData
FNDA:16,(anonymous_4)
FNDA:5,isCacheValid
FNDA:3,readFromCache
FNDA:1,fetchEventDetails
FNDA:2,fetchTeams
FNDA:0,fetchTeamStatuses
FNDA:0,fetchMatchAlliances
FNDA:0,fetchOPR
FNDA:0,fetchAlliances
FNDA:0,fetchEventEpas
DA:1,1
DA:2,1
DA:3,1
DA:7,1
DA:14,2
DA:15,1
DA:16,1
DA:25,0
DA:36,14
DA:53,2
DA:54,2
DA:55,2
DA:57,2
DA:108,2
DA:110,16
DA:111,16
DA:112,8
DA:113,8
DA:115,8
DA:116,8
DA:117,8
DA:118,8
DA:119,8
DA:121,8
DA:122,8
DA:123,8
DA:124,8
DA:125,1
DA:126,1
DA:127,1
DA:142,5
DA:155,3
DA:156,3
DA:158,3
DA:159,1
DA:162,2
DA:163,2
DA:165,2
DA:166,2
DA:172,1
DA:176,2
DA:180,0
DA:184,0
DA:188,0
DA:192,0
DA:196,0
DA:199,1
LF:47
LH:41
BRDA:14,0,0,1
BRDA:14,0,1,1
BRDA:14,1,0,2
BRDA:14,1,1,2
BRDA:53,2,0,0
BRDA:53,2,1,2
BRDA:111,3,0,14
BRDA:111,3,1,2
BRDA:112,4,0,0
BRDA:112,4,1,8
BRDA:124,5,0,1
BRDA:124,5,1,7
BRDA:142,6,0,5
BRDA:142,6,1,3
BRDA:158,7,0,1
BRDA:158,7,1,2
BRDA:166,8,0,2
BRDA:166,8,1,0
BRF:18
BRH:15
end_of_record
TN:
SF:index.js
FN:39,serializeLogValue
FN:59,appendRunLog
FN:79,wrapConsoleMethod
FN:80,(anonymous_3)
FN:81,(anonymous_4)
FN:92,getClientIp
FN:119,(anonymous_6)
FN:126,getEventData
FN:131,ensureEventCodeExists
FN:141,postRatingHelper
FN:174,(anonymous_10)
FN:189,(anonymous_11)
FN:217,(anonymous_12)
FN:239,(anonymous_13)
FN:252,(anonymous_14)
FN:311,(anonymous_15)
FN:315,(anonymous_16)
FN:326,(anonymous_17)
FN:332,(anonymous_18)
FN:355,(anonymous_19)
FN:378,(anonymous_20)
FN:393,(anonymous_21)
FN:400,(anonymous_22)
FN:419,(anonymous_23)
FN:440,(anonymous_24)
FN:447,(anonymous_25)
FN:456,(anonymous_26)
FN:464,(anonymous_27)
FN:473,(anonymous_28)
FN:475,(anonymous_29)
FN:475,(anonymous_30)
FN:481,(anonymous_31)
FN:496,(anonymous_32)
FN:503,(anonymous_33)
FN:512,(anonymous_34)
FN:527,(anonymous_35)
FN:535,(anonymous_36)
FN:547,(anonymous_37)
FN:555,(anonymous_38)
FN:563,(anonymous_39)
FN:572,(anonymous_40)
FN:583,(anonymous_41)
FN:595,(anonymous_42)
FN:607,(anonymous_43)
FN:611,(anonymous_44)
FN:615,(anonymous_45)
FN:633,(anonymous_46)
FN:652,(anonymous_47)
FN:664,(anonymous_48)
FN:684,(anonymous_49)
FN:688,(anonymous_50)
FNF:51
FNH:15
FNDA:22,serializeLogValue
FNDA:22,appendRunLog
FNDA:5,wrapConsoleMethod
FNDA:7,(anonymous_3)
FNDA:7,(anonymous_4)
FNDA:7,getClientIp
FNDA:6,(anonymous_6)
FNDA:0,getEventData
FNDA:3,ensureEventCodeExists
FNDA:0,postRatingHelper
FNDA:0,(anonymous_10)
FNDA:0,(anonymous_11)
FNDA:7,(anonymous_12)
FNDA:7,(anonymous_13)
FNDA:7,(anonymous_14)
FNDA:0,(anonymous_15)
FNDA:1,(anonymous_16)
FNDA:1,(anonymous_17)
FNDA:0,(anonymous_18)
FNDA:0,(anonymous_19)
FNDA:0,(anonymous_20)
FNDA:0,(anonymous_21)
FNDA:0,(anonymous_22)
FNDA:0,(anonymous_23)
FNDA:0,(anonymous_24)
FNDA:0,(anonymous_25)
FNDA:0,(anonymous_26)
FNDA:2,(anonymous_27)
FNDA:0,(anonymous_28)
FNDA:0,(anonymous_29)
FNDA:0,(anonymous_30)
FNDA:0,(anonymous_31)
FNDA:0,(anonymous_32)
FNDA:0,(anonymous_33)
FNDA:0,(anonymous_34)
FNDA:0,(anonymous_35)
FNDA:0,(anonymous_36)
FNDA:0,(anonymous_37)
FNDA:0,(anonymous_38)
FNDA:0,(anonymous_39)
FNDA:0,(anonymous_40)
FNDA:0,(anonymous_41)
FNDA:0,(anonymous_42)
FNDA:0,(anonymous_43)
FNDA:0,(anonymous_44)
FNDA:2,(anonymous_45)
FNDA:0,(anonymous_46)
FNDA:0,(anonymous_47)
FNDA:0,(anonymous_48)
FNDA:0,(anonymous_49)
FNDA:0,(anonymous_50)
DA:10,1
DA:11,1
DA:12,1
DA:13,1
DA:14,1
DA:15,1
DA:16,1
DA:17,1
DA:21,1
DA:22,1
DA:23,1
DA:24,1
DA:25,1
DA:27,1
DA:29,1
DA:30,1
DA:31,0
DA:34,1
DA:40,22
DA:41,0
DA:44,22
DA:45,6
DA:48,16
DA:49,16
DA:51,0
DA:60,22
DA:61,22
DA:62,22
DA:64,22
DA:65,22
DA:67,0
DA:71,1
DA:80,5
DA:81,7
DA:82,7
DA:86,1
DA:87,1
DA:88,1
DA:89,1
DA:90,1
DA:93,7
DA:95,7
DA:96,0
DA:97,7
DA:98,7
DA:101,7
DA:102,0
DA:105,7
DA:108,1
DA:113,1
DA:119,1
DA:120,6
DA:121,6
DA:122,5
DA:123,5
DA:127,0
DA:128,0
DA:132,3
DA:133,3
DA:134,1
DA:135,1
DA:136,1
DA:138,1
DA:142,0
DA:144,0
DA:145,0
DA:146,0
DA:147,0
DA:150,0
DA:151,0
DA:153,0
DA:154,0
DA:155,0
DA:157,0
DA:160,0
DA:161,0
DA:164,1
DA:165,1
DA:166,1
DA:167,1
DA:168,1
DA:171,1
DA:173,1
DA:175,0
DA:176,0
DA:177,0
DA:183,1
DA:184,1
DA:187,1
DA:189,1
DA:190,0
DA:191,0
DA:194,0
DA:195,0
DA:201,0
DA:204,0
DA:205,0
DA:211,0
DA:214,0
DA:217,1
DA:218,7
DA:219,5
DA:222,2
DA:223,2
DA:226,0
DA:227,0
DA:228,0
DA:230,0
DA:235,0
DA:239,1
DA:240,7
DA:242,7
DA:252,7
DA:253,7
DA:261,7
DA:264,1
DA:271,1
DA:282,1
DA:305,1
DA:306,0
DA:311,1
DA:312,0
DA:315,1
DA:316,1
DA:317,1
DA:318,1
DA:319,1
DA:321,0
DA:322,0
DA:326,1
DA:327,1
DA:328,1
DA:329,1
DA:332,1
DA:333,0
DA:335,0
DA:336,0
DA:337,0
DA:338,0
DA:341,0
DA:342,0
DA:344,0
DA:345,0
DA:346,0
DA:347,0
DA:348,0
DA:352,0
DA:355,1
DA:356,0
DA:358,0
DA:359,0
DA:360,0
DA:361,0
DA:364,0
DA:365,0
DA:367,0
DA:368,0
DA:369,0
DA:370,0
DA:371,0
DA:375,0
DA:378,1
DA:379,0
DA:380,0
DA:381,0
DA:383,0
DA:384,0
DA:385,0
DA:386,0
DA:387,0
DA:389,0
DA:393,1
DA:394,0
DA:395,0
DA:396,0
DA:397,0
DA:400,1
DA:401,0
DA:402,0
DA:405,0
DA:406,0
DA:408,0
DA:410,0
DA:416,0
DA:419,1
DA:420,0
DA:421,0
DA:423,0
DA:424,0
DA:425,0
DA:427,0
DA:428,0
DA:429,0
DA:431,0
DA:432,0
DA:434,0
DA:437,0
DA:440,1
DA:441,0
DA:442,0
DA:443,0
DA:444,0
DA:447,1
DA:448,0
DA:449,0
DA:450,0
DA:451,0
DA:456,1
DA:457,0
DA:458,0
DA:459,0
DA:460,0
DA:461,0
DA:464,1
DA:465,2
DA:466,2
DA:467,2
DA:468,0
DA:469,0
DA:471,0
DA:473,0
DA:475,0
DA:478,0
DA:481,1
DA:482,0
DA:483,0
DA:484,0
DA:485,0
DA:487,0
DA:493,0
DA:496,1
DA:497,0
DA:498,0
DA:499,0
DA:500,0
DA:502,0
DA:503,0
DA:509,0
DA:512,1
DA:513,0
DA:514,0
DA:515,0
DA:516,0
DA:518,0
DA:524,0
DA:527,1
DA:528,0
DA:529,0
DA:530,0
DA:531,0
DA:532,0
DA:535,1
DA:536,0
DA:537,0
DA:538,0
DA:539,0
DA:542,0
DA:544,0
DA:547,1
DA:548,0
DA:549,0
DA:550,0
DA:551,0
DA:552,0
DA:555,1
DA:556,0
DA:557,0
DA:558,0
DA:559,0
DA:561,0
DA:562,0
DA:564,0
DA:569,0
DA:572,1
DA:573,0
DA:574,0
DA:575,0
DA:577,0
DA:578,0
DA:580,0
DA:581,0
DA:582,0
DA:583,0
DA:585,0
DA:586,0
DA:587,0
DA:590,0
DA:595,1
DA:596,0
DA:597,0
DA:598,0
DA:599,0
DA:601,0
DA:602,0
DA:603,0
DA:604,0
DA:607,1
DA:608,0
DA:611,1
DA:612,0
DA:615,1
DA:616,2
DA:618,2
DA:619,1
DA:620,1
DA:621,1
DA:624,1
DA:625,1
DA:626,1
DA:627,1
DA:629,1
DA:630,1
DA:633,1
DA:634,0
DA:636,0
DA:637,0
DA:638,0
DA:639,0
DA:642,0
DA:643,0
DA:644,0
DA:645,0
DA:646,0
DA:648,0
DA:649,0
DA:652,1
DA:653,0
DA:654,0
DA:655,0
DA:657,0
DA:663,1
DA:664,0
DA:665,0
DA:666,0
DA:667,0
DA:669,0
DA:675,1
DA:676,1
DA:677,1
DA:679,1
DA:680,0
DA:684,0
DA:685,0
DA:688,1
DA:689,0
LF:345
LH:135
BRDA:30,0,0,0
BRDA:30,0,1,1
BRDA:40,1,0,0
BRDA:40,1,1,22
BRDA:41,2,0,0
BRDA:41,2,1,0
BRDA:41,2,2,0
BRDA:44,3,0,6
BRDA:44,3,1,16
BRDA:59,4,0,7
BRDA:61,5,0,7
BRDA:61,5,1,15
BRDA:76,6,0,1
BRDA:76,6,1,0
BRDA:93,7,0,7
BRDA:93,7,1,7
BRDA:93,7,2,0
BRDA:95,8,0,0
BRDA:95,8,1,7
BRDA:97,9,0,7
BRDA:97,9,1,0
BRDA:97,10,0,7
BRDA:97,10,1,7
BRDA:101,11,0,0
BRDA:101,11,1,7
BRDA:101,12,0,7
BRDA:101,12,1,7
BRDA:120,13,0,6
BRDA:120,13,1,3
BRDA:121,14,0,1
BRDA:121,14,1,5
BRDA:128,15,0,0
BRDA:128,15,1,0
BRDA:133,16,0,1
BRDA:133,16,1,0
BRDA:144,17,0,0
BRDA:144,17,1,0
BRDA:144,18,0,0
BRDA:144,18,1,0
BRDA:144,18,2,0
BRDA:153,19,0,0
BRDA:153,19,1,0
BRDA:166,20,0,1
BRDA:166,20,1,0
BRDA:168,21,0,0
BRDA:168,21,1,1
BRDA:169,22,0,0
BRDA:169,22,1,0
BRDA:171,23,0,1
BRDA:171,23,1,1
BRDA:183,24,0,1
BRDA:183,24,1,0
BRDA:190,25,0,0
BRDA:190,25,1,0
BRDA:194,26,0,0
BRDA:194,26,1,0
BRDA:198,27,0,0
BRDA:198,27,1,0
BRDA:204,28,0,0
BRDA:204,28,1,0
BRDA:204,29,0,0
BRDA:204,29,1,0
BRDA:204,29,2,0
BRDA:208,30,0,0
BRDA:208,30,1,0
BRDA:218,31,0,5
BRDA:218,31,1,2
BRDA:222,32,0,2
BRDA:222,32,1,0
BRDA:245,33,0,7
BRDA:245,33,1,0
BRDA:247,34,0,2
BRDA:247,34,1,5
BRDA:256,35,0,7
BRDA:256,35,1,0
BRDA:273,36,0,1
BRDA:273,36,1,0
BRDA:291,37,0,0
BRDA:291,37,1,1
BRDA:292,38,0,0
BRDA:292,38,1,1
BRDA:293,39,0,0
BRDA:293,39,1,1
BRDA:294,40,0,0
BRDA:294,40,1,1
BRDA:295,41,0,0
BRDA:295,41,1,1
BRDA:296,42,0,0
BRDA:296,42,1,1
BRDA:305,43,0,0
BRDA:305,43,1,1
BRDA:337,44,0,0
BRDA:337,44,1,0
BRDA:347,45,0,0
BRDA:347,45,1,0
BRDA:347,46,0,0
BRDA:347,46,1,0
BRDA:360,47,0,0
BRDA:360,47,1,0
BRDA:369,48,0,0
BRDA:369,48,1,0
BRDA:381,49,0,0
BRDA:381,49,1,0
BRDA:386,50,0,0
BRDA:386,50,1,0
BRDA:395,51,0,0
BRDA:395,51,1,0
BRDA:402,52,0,0
BRDA:402,52,1,0
BRDA:405,53,0,0
BRDA:405,53,1,0
BRDA:406,54,0,0
BRDA:406,54,1,0
BRDA:408,55,0,0
BRDA:408,55,1,0
BRDA:431,56,0,0
BRDA:431,56,1,0
BRDA:432,57,0,0
BRDA:432,57,1,0
BRDA:469,58,0,0
BRDA:469,58,1,0
BRDA:488,59,0,0
BRDA:488,59,1,0
BRDA:489,60,0,0
BRDA:489,60,1,0
BRDA:490,61,0,0
BRDA:490,61,1,0
BRDA:505,62,0,0
BRDA:505,62,1,0
BRDA:519,63,0,0
BRDA:519,63,1,0
BRDA:520,64,0,0
BRDA:520,64,1,0
BRDA:521,65,0,0
BRDA:521,65,1,0
BRDA:542,66,0,0
BRDA:542,66,1,0
BRDA:542,66,2,0
BRDA:561,67,0,0
BRDA:561,67,1,0
BRDA:564,68,0,0
BRDA:564,68,1,0
BRDA:564,68,2,0
BRDA:574,69,0,0
BRDA:574,69,1,0
BRDA:574,70,0,0
BRDA:574,70,1,0
BRDA:574,70,2,0
BRDA:580,71,0,0
BRDA:580,71,1,0
BRDA:582,72,0,0
BRDA:582,72,1,0
BRDA:585,73,0,0
BRDA:585,73,1,0
BRDA:597,74,0,0
BRDA:597,74,1,0
BRDA:618,75,0,1
BRDA:618,75,1,1
BRDA:618,76,0,2
BRDA:618,76,1,1
BRDA:636,77,0,0
BRDA:636,77,1,0
BRDA:636,78,0,0
BRDA:636,78,1,0
BRDA:636,78,2,0
BRDA:654,79,0,0
BRDA:654,79,1,0
BRDA:663,80,0,0
BRDA:663,80,1,1
BRDA:666,81,0,0
BRDA:666,81,1,0
BRDA:679,82,0,0
BRDA:679,82,1,1
BRF:173
BRH:48
end_of_record
TN:
SF:securePayload.js
FN:9,isSecurePayloadEnvelope
FN:13,getPayloadSecret
FN:24,decodeBase64
FN:32,decodeSecurePayload
FNF:4
FNH:1
FNDA:2,isSecurePayloadEnvelope
FNDA:0,getPayloadSecret
FNDA:0,decodeBase64
FNDA:0,decodeSecurePayload
DA:1,1
DA:2,1
DA:4,1
DA:5,1
DA:6,1
DA:7,1
DA:10,2
DA:14,0
DA:25,0
DA:26,0
DA:29,0
DA:33,0
DA:35,0
DA:36,0
DA:37,0
DA:40,0
DA:41,0
DA:42,0
DA:44,0
DA:45,0
DA:48,0
DA:49,0
DA:52,0
DA:60,0
DA:61,0
DA:63,0
DA:64,0
DA:66,0
DA:71,0
DA:72,0
DA:73,0
DA:76,0
DA:79,1
LF:33
LH:8
BRDA:10,0,0,2
BRDA:10,0,1,2
BRDA:10,0,2,2
BRDA:15,1,0,0
BRDA:15,1,1,0
BRDA:15,1,2,0
BRDA:15,1,3,0
BRDA:15,1,4,0
BRDA:15,1,5,0
BRDA:25,2,0,0
BRDA:25,2,1,0
BRDA:25,3,0,0
BRDA:25,3,1,0
BRDA:35,4,0,0
BRDA:35,4,1,0
BRDA:36,5,0,0
BRDA:36,5,1,0
BRDA:36,6,0,0
BRDA:36,6,1,0
BRDA:44,7,0,0
BRDA:44,7,1,0
BRDA:48,8,0,0
BRDA:48,8,1,0
BRDA:72,9,0,0
BRDA:72,9,1,0
BRDA:72,10,0,0
BRDA:72,10,1,0
BRF:27
BRH:3
end_of_record
